<?xml version="1.0" encoding="UTF-8"?>
<robot generator="Robot 3.2.1 (Python 3.9.5 on win32)" generated="20210707 22:58:10.540" rpa="false">
<suite id="s1" name="CommonTestSuite" source="D:\SingleBrainDigital\LinkedInDeMo\LinkedInDeMo\src\CommonTestSuite.robot">
<test id="s1-t1" name="SimilarTech">
<kw name="SimilarTech excel Demo">
<kw name="Log To Console" library="BuiltIn">
<doc>Logs the given message to the console.</doc>
<arguments>
<arg>${empty}</arg>
</arguments>
<status status="PASS" starttime="20210707 22:58:11.661" endtime="20210707 22:58:11.662"></status>
</kw>
<kw name="Log To Console" library="BuiltIn">
<doc>Logs the given message to the console.</doc>
<arguments>
<arg>*********************************************************</arg>
</arguments>
<status status="PASS" starttime="20210707 22:58:11.663" endtime="20210707 22:58:11.663"></status>
</kw>
<kw name="Log To Console" library="BuiltIn">
<doc>Logs the given message to the console.</doc>
<arguments>
<arg>SIMILAR TECH STARTING</arg>
</arguments>
<status status="PASS" starttime="20210707 22:58:11.664" endtime="20210707 22:58:11.664"></status>
</kw>
<kw name="Open Excel Document" library="ExcelLibrary">
<doc>Opens xlsx document file.</doc>
<arguments>
<arg>${inputFilePath}</arg>
<arg>doc_id=input6</arg>
</arguments>
<status status="PASS" starttime="20210707 22:58:11.665" endtime="20210707 22:58:11.704"></status>
</kw>
<kw name="Read Excel Cell" library="ExcelLibrary">
<doc>Returns content of a cell.</doc>
<arguments>
<arg>3</arg>
<arg>9</arg>
</arguments>
<assign>
<var>${websitecolno}</var>
</assign>
<msg timestamp="20210707 22:58:11.705" level="INFO">${websitecolno} = 14</msg>
<status status="PASS" starttime="20210707 22:58:11.704" endtime="20210707 22:58:11.705"></status>
</kw>
<kw name="Read Excel Cell" library="ExcelLibrary">
<doc>Returns content of a cell.</doc>
<arguments>
<arg>14</arg>
<arg>3</arg>
</arguments>
<assign>
<var>${filename}</var>
</assign>
<msg timestamp="20210707 22:58:11.705" level="INFO">${filename} = D:\SingleBrainDigital\LinkedInDeMo\LinkedInDeMo\Assets\Input\SmartScout_Beauty &amp; Personal Care20210706170319.xlsx</msg>
<status status="PASS" starttime="20210707 22:58:11.705" endtime="20210707 22:58:11.705"></status>
</kw>
<kw name="Log To Console" library="BuiltIn">
<doc>Logs the given message to the console.</doc>
<arguments>
<arg>Reading data from excel file = ${filename}</arg>
</arguments>
<status status="PASS" starttime="20210707 22:58:11.705" endtime="20210707 22:58:11.706"></status>
</kw>
<kw name="Log To Console" library="BuiltIn">
<doc>Logs the given message to the console.</doc>
<arguments>
<arg>Company website column no = ${websitecolno}</arg>
</arguments>
<status status="PASS" starttime="20210707 22:58:11.706" endtime="20210707 22:58:11.706"></status>
</kw>
<kw name="Read Excel Cell" library="ExcelLibrary">
<doc>Returns content of a cell.</doc>
<arguments>
<arg>4</arg>
<arg>9</arg>
</arguments>
<assign>
<var>${currentcolno}</var>
</assign>
<msg timestamp="20210707 22:58:11.707" level="INFO">${currentcolno} = 1</msg>
<status status="PASS" starttime="20210707 22:58:11.707" endtime="20210707 22:58:11.707"></status>
</kw>
<kw name="Read Excel Cell" library="ExcelLibrary">
<doc>Returns content of a cell.</doc>
<arguments>
<arg>5</arg>
<arg>6</arg>
</arguments>
<assign>
<var>${brandscolno}</var>
</assign>
<msg timestamp="20210707 22:58:11.707" level="INFO">${brandscolno} = 2</msg>
<status status="PASS" starttime="20210707 22:58:11.707" endtime="20210707 22:58:11.707"></status>
</kw>
<kw name="Read Excel Cell" library="ExcelLibrary">
<doc>Returns content of a cell.</doc>
<arguments>
<arg>6</arg>
<arg>6</arg>
</arguments>
<assign>
<var>${outputcolstart}</var>
</assign>
<msg timestamp="20210707 22:58:11.708" level="INFO">${outputcolstart} = 13</msg>
<status status="PASS" starttime="20210707 22:58:11.708" endtime="20210707 22:58:11.708"></status>
</kw>
<kw name="Close Current Excel Document" library="ExcelLibrary">
<doc>Closes current document.</doc>
<status status="PASS" starttime="20210707 22:58:11.708" endtime="20210707 22:58:11.708"></status>
</kw>
<kw name="Open Excel Document" library="ExcelLibrary">
<doc>Opens xlsx document file.</doc>
<arguments>
<arg>${filename}</arg>
<arg>doc_id=input7</arg>
</arguments>
<status status="PASS" starttime="20210707 22:58:11.708" endtime="20210707 22:58:11.838"></status>
</kw>
<kw name="Read Excel Column" library="ExcelLibrary">
<doc>Returns content of a column from the current sheet of the document.</doc>
<arguments>
<arg>${brandscolno}</arg>
</arguments>
<assign>
<var>${brands}</var>
</assign>
<msg timestamp="20210707 22:58:11.841" level="INFO">${brands} = ['Amazon Brand', 'Sachajuan', 'Lange', 'Bioelements', 'Fezax', 'Serious Skincare', 'AMOREPACIFIC', 'MG217', 'GIBS Grooming', 'Sesderma', 'KERATHERAPY', 'Sky', 'CREED', 'Babor', 'Triswim', 'Guinot', 'b...</msg>
<status status="PASS" starttime="20210707 22:58:11.838" endtime="20210707 22:58:11.841"></status>
</kw>
<kw name="Read Excel Column" library="ExcelLibrary">
<doc>Returns content of a column from the current sheet of the document.</doc>
<arguments>
<arg>${websitecolno}</arg>
</arguments>
<assign>
<var>${list}</var>
</assign>
<msg timestamp="20210707 22:58:11.847" level="INFO">${list} = ['Company Website', 'https://sachajuan.com/', 'http://www.langehair.com/', 'http://www.bioelements.com/', 'http://www.fezayarns.com/', 'http://www.seriousskincare.com/', 'http://www.apgroup.com/int/en...</msg>
<status status="PASS" starttime="20210707 22:58:11.841" endtime="20210707 22:58:11.847"></status>
</kw>
<kw name="Get Length" library="BuiltIn">
<doc>Returns and logs the length of the given item as an integer.</doc>
<arguments>
<arg>${brands}</arg>
</arguments>
<assign>
<var>${len}</var>
</assign>
<msg timestamp="20210707 22:58:11.848" level="INFO">Length is 584</msg>
<msg timestamp="20210707 22:58:11.848" level="INFO">${len} = 584</msg>
<status status="PASS" starttime="20210707 22:58:11.848" endtime="20210707 22:58:11.848"></status>
</kw>
<kw name="Log To Console" library="BuiltIn">
<doc>Logs the given message to the console.</doc>
<arguments>
<arg>Total Brands= ${len}</arg>
</arguments>
<status status="PASS" starttime="20210707 22:58:11.849" endtime="20210707 22:58:11.849"></status>
</kw>
<kw name="Log To Console" library="BuiltIn">
<doc>Logs the given message to the console.</doc>
<arguments>
<arg>current Row number= ${currentcolno}</arg>
</arguments>
<status status="PASS" starttime="20210707 22:58:11.849" endtime="20210707 22:58:11.850"></status>
</kw>
<kw name="Close Current Excel Document" library="ExcelLibrary">
<doc>Closes current document.</doc>
<status status="PASS" starttime="20210707 22:58:11.850" endtime="20210707 22:58:11.850"></status>
</kw>
<kw name="common Open brower" library="CommonKeywords">
<arguments>
<arg>${baseURL}</arg>
</arguments>
<kw name="Evaluate" library="BuiltIn">
<doc>Evaluates the given expression in Python and returns the result.</doc>
<arguments>
<arg>sys.modules['selenium.webdriver'].ChromeOptions()</arg>
<arg>sys, selenium.webdriver</arg>
</arguments>
<assign>
<var>${chrome_options}</var>
</assign>
<msg timestamp="20210707 22:58:11.851" level="INFO">${chrome_options} = &lt;selenium.webdriver.chrome.options.Options object at 0x000002120DE618E0&gt;</msg>
<status status="PASS" starttime="20210707 22:58:11.851" endtime="20210707 22:58:11.851"></status>
</kw>
<kw name="Create Dictionary" library="BuiltIn">
<doc>Creates and returns a dictionary based on the given ``items``.</doc>
<arguments>
<arg>download.default_directory=${downloadDir}</arg>
</arguments>
<assign>
<var>${prefs}</var>
</assign>
<msg timestamp="20210707 22:58:11.852" level="INFO">${prefs} = {'download.default_directory': 'D:\\SingleBrainDigital\\LinkedInDeMo\\LinkedInDeMo\\Assets\\Input'}</msg>
<status status="PASS" starttime="20210707 22:58:11.851" endtime="20210707 22:58:11.852"></status>
</kw>
<kw name="Call Method" library="BuiltIn">
<doc>Calls the named method of the given object with the provided arguments.</doc>
<arguments>
<arg>${chrome_options}</arg>
<arg>add_experimental_option</arg>
<arg>prefs</arg>
<arg>${prefs}</arg>
</arguments>
<status status="PASS" starttime="20210707 22:58:11.852" endtime="20210707 22:58:11.852"></status>
</kw>
<kw name="Call Method" library="BuiltIn">
<doc>Calls the named method of the given object with the provided arguments.</doc>
<arguments>
<arg>${chrome_options}</arg>
<arg>add_argument</arg>
<arg>--disable-gpu</arg>
</arguments>
<status status="PASS" starttime="20210707 22:58:11.852" endtime="20210707 22:58:11.853"></status>
</kw>
<kw name="Log To Console" library="BuiltIn">
<doc>Logs the given message to the console.</doc>
<arguments>
<arg>${EXECDIR}${/}</arg>
</arguments>
<status status="PASS" starttime="20210707 22:58:11.853" endtime="20210707 22:58:11.853"></status>
</kw>
<kw name="Create Dictionary" library="BuiltIn">
<doc>Creates and returns a dictionary based on the given ``items``.</doc>
<arguments>
<arg>browserName=${browserName}</arg>
</arguments>
<assign>
<var>${desired_caps}</var>
</assign>
<msg timestamp="20210707 22:58:11.854" level="INFO">${desired_caps} = {'browserName': 'chrome'}</msg>
<status status="PASS" starttime="20210707 22:58:11.853" endtime="20210707 22:58:11.855"></status>
</kw>
<kw name="Open Browser" library="SeleniumLibrary">
<doc>Opens a new browser instance to the optional ``url``.</doc>
<arguments>
<arg>url=${url}</arg>
<arg>browser=chrome</arg>
<arg>desired_capabilities=${desired_caps}</arg>
<arg>options=${chrome_options}</arg>
<arg>executable_path=${EXECDIR}${/}LinkedInDemo${/}chromedriver.exe</arg>
</arguments>
<msg timestamp="20210707 22:58:11.858" level="INFO">Opening browser 'chrome' to base url 'https://addon.similartech.com/addons/a/1.1.0/chrome/91.0.4472.114/discover?url='.</msg>
<status status="PASS" starttime="20210707 22:58:11.855" endtime="20210707 22:58:27.209"></status>
</kw>
<status status="PASS" starttime="20210707 22:58:11.850" endtime="20210707 22:58:27.209"></status>
</kw>
<kw name="${count} IN RANGE [ ${currentcolno} | 11 ]" type="for">
<kw name="${count} = 1" type="foritem">
<kw name="Log To Console" library="BuiltIn">
<doc>Logs the given message to the console.</doc>
<arguments>
<arg>*********************************************</arg>
</arguments>
<status status="PASS" starttime="20210707 22:58:27.210" endtime="20210707 22:58:27.210"></status>
</kw>
<kw name="Log To Console" library="BuiltIn">
<doc>Logs the given message to the console.</doc>
<arguments>
<arg>Row Number= ${count}</arg>
</arguments>
<status status="PASS" starttime="20210707 22:58:27.210" endtime="20210707 22:58:27.211"></status>
</kw>
<kw name="Log To Console" library="BuiltIn">
<doc>Logs the given message to the console.</doc>
<arguments>
<arg>Company Name=${list}[${count}]</arg>
</arguments>
<status status="PASS" starttime="20210707 22:58:27.211" endtime="20210707 22:58:27.213"></status>
</kw>
<kw name="Evaluate" library="BuiltIn">
<doc>Evaluates the given expression in Python and returns the result.</doc>
<arguments>
<arg>${count}+1</arg>
</arguments>
<assign>
<var>${rowcount}</var>
</assign>
<msg timestamp="20210707 22:58:27.216" level="INFO">${rowcount} = 2</msg>
<status status="PASS" starttime="20210707 22:58:27.213" endtime="20210707 22:58:27.216"></status>
</kw>
<kw name="Run Keyword If" library="BuiltIn">
<doc>Runs the given keyword with the given arguments, if ``condition`` is true.</doc>
<arguments>
<arg>'${list}[${count}]'=='None'</arg>
<arg>contiune for loop and update count smililar tech</arg>
<arg>${count}</arg>
<arg>${rowcount}</arg>
<arg>${len}</arg>
</arguments>
<status status="PASS" starttime="20210707 22:58:27.216" endtime="20210707 22:58:27.217"></status>
</kw>
<kw name="Log To Console" library="BuiltIn">
<doc>Logs the given message to the console.</doc>
<arguments>
<arg>${baseURL}${list}[${count}]</arg>
</arguments>
<status status="PASS" starttime="20210707 22:58:27.217" endtime="20210707 22:58:27.218"></status>
</kw>
<kw name="Go To" library="SeleniumLibrary">
<doc>Navigates the current browser window to the provided ``url``.</doc>
<arguments>
<arg>${baseURL}${list}[${count}]</arg>
</arguments>
<msg timestamp="20210707 22:58:27.218" level="INFO">Opening url 'https://addon.similartech.com/addons/a/1.1.0/chrome/91.0.4472.114/discover?url=https://sachajuan.com/'</msg>
<status status="PASS" starttime="20210707 22:58:27.218" endtime="20210707 22:58:28.696"></status>
</kw>
<kw name="Reload Page" library="SeleniumLibrary">
<doc>Simulates user reloading page.</doc>
<status status="PASS" starttime="20210707 22:58:28.696" endtime="20210707 22:58:38.819"></status>
</kw>
<kw name="Sleep" library="BuiltIn">
<doc>Pauses the test executed for the given time.</doc>
<arguments>
<arg>3s</arg>
</arguments>
<msg timestamp="20210707 22:58:41.819" level="INFO">Slept 3 seconds</msg>
<status status="PASS" starttime="20210707 22:58:38.819" endtime="20210707 22:58:41.819"></status>
</kw>
<kw name="Run Keyword And Return Status" library="BuiltIn">
<doc>Runs the given keyword with given arguments and returns the status as a Boolean value.</doc>
<arguments>
<arg>Wait Until Page Contains Element</arg>
<arg>//div[@class="no-data-available"]</arg>
<arg>10s</arg>
</arguments>
<assign>
<var>${status}</var>
</assign>
<kw name="Wait Until Page Contains Element" library="SeleniumLibrary">
<doc>Waits until the element ``locator`` appears on the current page.</doc>
<arguments>
<arg>//div[@class="no-data-available"]</arg>
<arg>10s</arg>
</arguments>
<kw name="Capture Page Screenshot" library="SeleniumLibrary">
<doc>Takes a screenshot of the current page and embeds it into a log file.</doc>
<msg timestamp="20210707 22:58:52.029" level="INFO" html="yes">&lt;/td&gt;&lt;/tr&gt;&lt;tr&gt;&lt;td colspan="3"&gt;&lt;a href="selenium-screenshot-1.png"&gt;&lt;img src="selenium-screenshot-1.png" width="800px"&gt;&lt;/a&gt;</msg>
<status status="PASS" starttime="20210707 22:58:51.912" endtime="20210707 22:58:52.029"></status>
</kw>
<msg timestamp="20210707 22:58:52.033" level="FAIL">Element '//div[@class="no-data-available"]' did not appear in 10 seconds.</msg>
<status status="FAIL" starttime="20210707 22:58:41.821" endtime="20210707 22:58:52.034"></status>
</kw>
<msg timestamp="20210707 22:58:52.034" level="INFO">${status} = False</msg>
<status status="PASS" starttime="20210707 22:58:41.820" endtime="20210707 22:58:52.034"></status>
</kw>
<kw name="Run Keyword If" library="BuiltIn">
<doc>Runs the given keyword with the given arguments, if ``condition`` is true.</doc>
<arguments>
<arg>'${status}'=='True'</arg>
<arg>contiune for loop and update count smililar tech</arg>
<arg>${count}</arg>
<arg>${rowcount}</arg>
<arg>${len}</arg>
</arguments>
<status status="PASS" starttime="20210707 22:58:52.035" endtime="20210707 22:58:52.036"></status>
</kw>
<kw name="SimilarTech" library="SimilarTechapp">
<arguments>
<arg>${filename}</arg>
<arg>${rowcount}</arg>
<arg>${outputcolstart}</arg>
</arguments>
<kw name="Open Excel Document" library="ExcelLibrary">
<doc>Opens xlsx document file.</doc>
<arguments>
<arg>${filename}</arg>
<arg>doc_id=id</arg>
</arguments>
<status status="PASS" starttime="20210707 22:58:52.037" endtime="20210707 22:58:52.171"></status>
</kw>
<kw name="Reload Page" library="SeleniumLibrary">
<doc>Simulates user reloading page.</doc>
<status status="PASS" starttime="20210707 22:58:52.172" endtime="20210707 22:58:58.186"></status>
</kw>
<kw name="Run Keyword And Continue On Failure" library="BuiltIn">
<doc>Runs the keyword and continues execution even if a failure occurs.</doc>
<arguments>
<arg>Wait Until Page Contains Element</arg>
<arg>//div[@class="visits-value"]</arg>
<arg>60s</arg>
</arguments>
<kw name="Wait Until Page Contains Element" library="SeleniumLibrary">
<doc>Waits until the element ``locator`` appears on the current page.</doc>
<arguments>
<arg>//div[@class="visits-value"]</arg>
<arg>60s</arg>
</arguments>
<status status="PASS" starttime="20210707 22:58:58.190" endtime="20210707 22:59:19.137"></status>
</kw>
<status status="PASS" starttime="20210707 22:58:58.187" endtime="20210707 22:59:19.137"></status>
</kw>
<kw name="Run Keyword And Continue On Failure" library="BuiltIn">
<doc>Runs the keyword and continues execution even if a failure occurs.</doc>
<arguments>
<arg>get text</arg>
<arg>//div[@class="visits-value"]</arg>
</arguments>
<assign>
<var>${monthlyvisit}</var>
</assign>
<kw name="Get Text" library="SeleniumLibrary">
<doc>Returns the text value of the element identified by ``locator``.</doc>
<arguments>
<arg>//div[@class="visits-value"]</arg>
</arguments>
<status status="PASS" starttime="20210707 22:59:19.138" endtime="20210707 22:59:19.172"></status>
</kw>
<msg timestamp="20210707 22:59:19.172" level="INFO">${monthlyvisit} = 20K</msg>
<status status="PASS" starttime="20210707 22:59:19.138" endtime="20210707 22:59:19.172"></status>
</kw>
<kw name="Run Keyword And Continue On Failure" library="BuiltIn">
<doc>Runs the keyword and continues execution even if a failure occurs.</doc>
<arguments>
<arg>Wait Until Page Contains Element</arg>
<arg>//li[@data-key="direct"]//div[@class="legend-value"]</arg>
<arg>45s</arg>
</arguments>
<kw name="Wait Until Page Contains Element" library="SeleniumLibrary">
<doc>Waits until the element ``locator`` appears on the current page.</doc>
<arguments>
<arg>//li[@data-key="direct"]//div[@class="legend-value"]</arg>
<arg>45s</arg>
</arguments>
<status status="PASS" starttime="20210707 22:59:19.173" endtime="20210707 22:59:19.185"></status>
</kw>
<status status="PASS" starttime="20210707 22:59:19.172" endtime="20210707 22:59:19.185"></status>
</kw>
<kw name="Run Keyword And Continue On Failure" library="BuiltIn">
<doc>Runs the keyword and continues execution even if a failure occurs.</doc>
<arguments>
<arg>get text</arg>
<arg>//li[@data-key="direct"]//div[@class="legend-value"]</arg>
</arguments>
<assign>
<var>${direct}</var>
</assign>
<kw name="Get Text" library="SeleniumLibrary">
<doc>Returns the text value of the element identified by ``locator``.</doc>
<arguments>
<arg>//li[@data-key="direct"]//div[@class="legend-value"]</arg>
</arguments>
<status status="PASS" starttime="20210707 22:59:19.186" endtime="20210707 22:59:19.212"></status>
</kw>
<msg timestamp="20210707 22:59:19.212" level="INFO">${direct} = 11.6%</msg>
<status status="PASS" starttime="20210707 22:59:19.186" endtime="20210707 22:59:19.212"></status>
</kw>
<kw name="Run Keyword And Continue On Failure" library="BuiltIn">
<doc>Runs the keyword and continues execution even if a failure occurs.</doc>
<arguments>
<arg>Wait Until Page Contains Element</arg>
<arg>//li[@data-key="search"]//div[@class="legend-value"]</arg>
</arguments>
<kw name="Wait Until Page Contains Element" library="SeleniumLibrary">
<doc>Waits until the element ``locator`` appears on the current page.</doc>
<arguments>
<arg>//li[@data-key="search"]//div[@class="legend-value"]</arg>
</arguments>
<status status="PASS" starttime="20210707 22:59:19.212" endtime="20210707 22:59:19.229"></status>
</kw>
<status status="PASS" starttime="20210707 22:59:19.212" endtime="20210707 22:59:19.229"></status>
</kw>
<kw name="Run Keyword And Continue On Failure" library="BuiltIn">
<doc>Runs the keyword and continues execution even if a failure occurs.</doc>
<arguments>
<arg>get text</arg>
<arg>//li[@data-key="search"]//div[@class="legend-value"]</arg>
</arguments>
<assign>
<var>${serach}</var>
</assign>
<kw name="Get Text" library="SeleniumLibrary">
<doc>Returns the text value of the element identified by ``locator``.</doc>
<arguments>
<arg>//li[@data-key="search"]//div[@class="legend-value"]</arg>
</arguments>
<status status="PASS" starttime="20210707 22:59:19.229" endtime="20210707 22:59:19.251"></status>
</kw>
<msg timestamp="20210707 22:59:19.252" level="INFO">${serach} = 76.9%</msg>
<status status="PASS" starttime="20210707 22:59:19.229" endtime="20210707 22:59:19.252"></status>
</kw>
<kw name="Run Keyword And Continue On Failure" library="BuiltIn">
<doc>Runs the keyword and continues execution even if a failure occurs.</doc>
<arguments>
<arg>get text</arg>
<arg>//li[@data-key="social"]//div[@class="legend-value"]</arg>
</arguments>
<assign>
<var>${social}</var>
</assign>
<kw name="Get Text" library="SeleniumLibrary">
<doc>Returns the text value of the element identified by ``locator``.</doc>
<arguments>
<arg>//li[@data-key="social"]//div[@class="legend-value"]</arg>
</arguments>
<status status="PASS" starttime="20210707 22:59:19.252" endtime="20210707 22:59:19.281"></status>
</kw>
<msg timestamp="20210707 22:59:19.282" level="INFO">${social} = 3.4%</msg>
<status status="PASS" starttime="20210707 22:59:19.252" endtime="20210707 22:59:19.282"></status>
</kw>
<kw name="Run Keyword And Continue On Failure" library="BuiltIn">
<doc>Runs the keyword and continues execution even if a failure occurs.</doc>
<arguments>
<arg>get text</arg>
<arg>//li[@data-key="display"]//div[@class="legend-value"]</arg>
</arguments>
<assign>
<var>${display}</var>
</assign>
<kw name="Get Text" library="SeleniumLibrary">
<doc>Returns the text value of the element identified by ``locator``.</doc>
<arguments>
<arg>//li[@data-key="display"]//div[@class="legend-value"]</arg>
</arguments>
<status status="PASS" starttime="20210707 22:59:19.282" endtime="20210707 22:59:19.313"></status>
</kw>
<msg timestamp="20210707 22:59:19.313" level="INFO">${display} = 0%</msg>
<status status="PASS" starttime="20210707 22:59:19.282" endtime="20210707 22:59:19.313"></status>
</kw>
<kw name="Run Keyword And Continue On Failure" library="BuiltIn">
<doc>Runs the keyword and continues execution even if a failure occurs.</doc>
<arguments>
<arg>get text</arg>
<arg>//li[@data-key="referrals"]//div[@class="legend-value"]</arg>
</arguments>
<assign>
<var>${referrals}</var>
</assign>
<kw name="Get Text" library="SeleniumLibrary">
<doc>Returns the text value of the element identified by ``locator``.</doc>
<arguments>
<arg>//li[@data-key="referrals"]//div[@class="legend-value"]</arg>
</arguments>
<status status="PASS" starttime="20210707 22:59:19.314" endtime="20210707 22:59:19.343"></status>
</kw>
<msg timestamp="20210707 22:59:19.343" level="INFO">${referrals} = 8.1%</msg>
<status status="PASS" starttime="20210707 22:59:19.313" endtime="20210707 22:59:19.343"></status>
</kw>
<kw name="Run Keyword And Continue On Failure" library="BuiltIn">
<doc>Runs the keyword and continues execution even if a failure occurs.</doc>
<arguments>
<arg>get text</arg>
<arg>//li[@data-key="mail"]//div[@class="legend-value"]</arg>
</arguments>
<assign>
<var>${mail}</var>
</assign>
<kw name="Get Text" library="SeleniumLibrary">
<doc>Returns the text value of the element identified by ``locator``.</doc>
<arguments>
<arg>//li[@data-key="mail"]//div[@class="legend-value"]</arg>
</arguments>
<status status="PASS" starttime="20210707 22:59:19.344" endtime="20210707 22:59:19.375"></status>
</kw>
<msg timestamp="20210707 22:59:19.375" level="INFO">${mail} = 0%</msg>
<status status="PASS" starttime="20210707 22:59:19.344" endtime="20210707 22:59:19.376"></status>
</kw>
<kw name="Log To Console" library="BuiltIn">
<doc>Logs the given message to the console.</doc>
<arguments>
<arg>Monthly Visits = ${monthlyvisit}</arg>
</arguments>
<status status="PASS" starttime="20210707 22:59:19.376" endtime="20210707 22:59:19.377"></status>
</kw>
<kw name="Log To Console" library="BuiltIn">
<doc>Logs the given message to the console.</doc>
<arguments>
<arg>Direct = ${direct}</arg>
</arguments>
<status status="PASS" starttime="20210707 22:59:19.378" endtime="20210707 22:59:19.378"></status>
</kw>
<kw name="Log To Console" library="BuiltIn">
<doc>Logs the given message to the console.</doc>
<arguments>
<arg>Search = ${serach}</arg>
</arguments>
<status status="PASS" starttime="20210707 22:59:19.378" endtime="20210707 22:59:19.378"></status>
</kw>
<kw name="Log To Console" library="BuiltIn">
<doc>Logs the given message to the console.</doc>
<arguments>
<arg>Social = ${social}</arg>
</arguments>
<status status="PASS" starttime="20210707 22:59:19.379" endtime="20210707 22:59:19.379"></status>
</kw>
<kw name="Log To Console" library="BuiltIn">
<doc>Logs the given message to the console.</doc>
<arguments>
<arg>Display = ${display}</arg>
</arguments>
<status status="PASS" starttime="20210707 22:59:19.379" endtime="20210707 22:59:19.380"></status>
</kw>
<kw name="Log To Console" library="BuiltIn">
<doc>Logs the given message to the console.</doc>
<arguments>
<arg>Referrals = ${referrals}</arg>
</arguments>
<status status="PASS" starttime="20210707 22:59:19.380" endtime="20210707 22:59:19.381"></status>
</kw>
<kw name="Log To Console" library="BuiltIn">
<doc>Logs the given message to the console.</doc>
<arguments>
<arg>Mail = ${mail}</arg>
</arguments>
<status status="PASS" starttime="20210707 22:59:19.381" endtime="20210707 22:59:19.381"></status>
</kw>
<kw name="Log To Console" library="BuiltIn">
<doc>Logs the given message to the console.</doc>
<arguments>
<arg>*********************************************</arg>
</arguments>
<status status="PASS" starttime="20210707 22:59:19.382" endtime="20210707 22:59:19.382"></status>
</kw>
<kw name="Evaluate" library="BuiltIn">
<doc>Evaluates the given expression in Python and returns the result.</doc>
<arguments>
<arg>${outputColstart}+5</arg>
</arguments>
<assign>
<var>${monthlycol}</var>
</assign>
<msg timestamp="20210707 22:59:19.383" level="INFO">${monthlycol} = 18</msg>
<status status="PASS" starttime="20210707 22:59:19.382" endtime="20210707 22:59:19.383"></status>
</kw>
<kw name="Evaluate" library="BuiltIn">
<doc>Evaluates the given expression in Python and returns the result.</doc>
<arguments>
<arg>${outputColstart}+6</arg>
</arguments>
<assign>
<var>${directcol}</var>
</assign>
<msg timestamp="20210707 22:59:19.383" level="INFO">${directcol} = 19</msg>
<status status="PASS" starttime="20210707 22:59:19.383" endtime="20210707 22:59:19.383"></status>
</kw>
<kw name="Evaluate" library="BuiltIn">
<doc>Evaluates the given expression in Python and returns the result.</doc>
<arguments>
<arg>${outputColstart}+7</arg>
</arguments>
<assign>
<var>${serachcol}</var>
</assign>
<msg timestamp="20210707 22:59:19.384" level="INFO">${serachcol} = 20</msg>
<status status="PASS" starttime="20210707 22:59:19.383" endtime="20210707 22:59:19.384"></status>
</kw>
<kw name="Evaluate" library="BuiltIn">
<doc>Evaluates the given expression in Python and returns the result.</doc>
<arguments>
<arg>${outputColstart}+8</arg>
</arguments>
<assign>
<var>${socialcol}</var>
</assign>
<msg timestamp="20210707 22:59:19.384" level="INFO">${socialcol} = 21</msg>
<status status="PASS" starttime="20210707 22:59:19.384" endtime="20210707 22:59:19.384"></status>
</kw>
<kw name="Evaluate" library="BuiltIn">
<doc>Evaluates the given expression in Python and returns the result.</doc>
<arguments>
<arg>${outputColstart}+9</arg>
</arguments>
<assign>
<var>${displaycol}</var>
</assign>
<msg timestamp="20210707 22:59:19.385" level="INFO">${displaycol} = 22</msg>
<status status="PASS" starttime="20210707 22:59:19.384" endtime="20210707 22:59:19.385"></status>
</kw>
<kw name="Evaluate" library="BuiltIn">
<doc>Evaluates the given expression in Python and returns the result.</doc>
<arguments>
<arg>${outputColstart}+10</arg>
</arguments>
<assign>
<var>${referralscol}</var>
</assign>
<msg timestamp="20210707 22:59:19.386" level="INFO">${referralscol} = 23</msg>
<status status="PASS" starttime="20210707 22:59:19.385" endtime="20210707 22:59:19.386"></status>
</kw>
<kw name="Evaluate" library="BuiltIn">
<doc>Evaluates the given expression in Python and returns the result.</doc>
<arguments>
<arg>${outputColstart}+11</arg>
</arguments>
<assign>
<var>${mailcol}</var>
</assign>
<msg timestamp="20210707 22:59:19.388" level="INFO">${mailcol} = 24</msg>
<status status="PASS" starttime="20210707 22:59:19.386" endtime="20210707 22:59:19.389"></status>
</kw>
<kw name="Write Excel Cell" library="ExcelLibrary">
<doc>Writes value to the cell.</doc>
<arguments>
<arg>${rownum}</arg>
<arg>${monthlycol}</arg>
<arg>${monthlyvisit}</arg>
</arguments>
<status status="PASS" starttime="20210707 22:59:19.389" endtime="20210707 22:59:19.391"></status>
</kw>
<kw name="Write Excel Cell" library="ExcelLibrary">
<doc>Writes value to the cell.</doc>
<arguments>
<arg>${rownum}</arg>
<arg>${directcol}</arg>
<arg>${direct}</arg>
</arguments>
<status status="PASS" starttime="20210707 22:59:19.392" endtime="20210707 22:59:19.393"></status>
</kw>
<kw name="Write Excel Cell" library="ExcelLibrary">
<doc>Writes value to the cell.</doc>
<arguments>
<arg>${rownum}</arg>
<arg>${serachcol}</arg>
<arg>${serach}</arg>
</arguments>
<status status="PASS" starttime="20210707 22:59:19.393" endtime="20210707 22:59:19.393"></status>
</kw>
<kw name="Write Excel Cell" library="ExcelLibrary">
<doc>Writes value to the cell.</doc>
<arguments>
<arg>${rownum}</arg>
<arg>${socialcol}</arg>
<arg>${social}</arg>
</arguments>
<status status="PASS" starttime="20210707 22:59:19.394" endtime="20210707 22:59:19.394"></status>
</kw>
<kw name="Write Excel Cell" library="ExcelLibrary">
<doc>Writes value to the cell.</doc>
<arguments>
<arg>${rownum}</arg>
<arg>${referralscol}</arg>
<arg>${referrals}</arg>
</arguments>
<status status="PASS" starttime="20210707 22:59:19.394" endtime="20210707 22:59:19.394"></status>
</kw>
<kw name="Write Excel Cell" library="ExcelLibrary">
<doc>Writes value to the cell.</doc>
<arguments>
<arg>${rownum}</arg>
<arg>${mailcol}</arg>
<arg>${mail}</arg>
</arguments>
<status status="PASS" starttime="20210707 22:59:19.395" endtime="20210707 22:59:19.395"></status>
</kw>
<kw name="Write Excel Cell" library="ExcelLibrary">
<doc>Writes value to the cell.</doc>
<arguments>
<arg>${rownum}</arg>
<arg>${displaycol}</arg>
<arg>${display}</arg>
</arguments>
<status status="PASS" starttime="20210707 22:59:19.395" endtime="20210707 22:59:19.396"></status>
</kw>
<kw name="Save Excel Document" library="ExcelLibrary">
<doc>Saves the current document to disk.</doc>
<arguments>
<arg>${filename}</arg>
</arguments>
<status status="PASS" starttime="20210707 22:59:19.396" endtime="20210707 22:59:19.640"></status>
</kw>
<kw name="Close Current Excel Document" library="ExcelLibrary">
<doc>Closes current document.</doc>
<status status="PASS" starttime="20210707 22:59:19.641" endtime="20210707 22:59:19.641"></status>
</kw>
<status status="PASS" starttime="20210707 22:58:52.037" endtime="20210707 22:59:19.641"></status>
</kw>
<kw name="Open Excel Document" library="ExcelLibrary">
<doc>Opens xlsx document file.</doc>
<arguments>
<arg>${inputfilepath}</arg>
<arg>doc_id=id</arg>
</arguments>
<status status="PASS" starttime="20210707 22:59:19.642" endtime="20210707 22:59:19.658"></status>
</kw>
<kw name="Write Excel Cell" library="ExcelLibrary">
<doc>Writes value to the cell.</doc>
<arguments>
<arg>4</arg>
<arg>9</arg>
<arg>${rowcount}</arg>
</arguments>
<status status="PASS" starttime="20210707 22:59:19.659" endtime="20210707 22:59:19.659"></status>
</kw>
<kw name="Write Excel Cell" library="ExcelLibrary">
<doc>Writes value to the cell.</doc>
<arguments>
<arg>6</arg>
<arg>9</arg>
<arg>${count}</arg>
</arguments>
<status status="PASS" starttime="20210707 22:59:19.660" endtime="20210707 22:59:19.660"></status>
</kw>
<kw name="Evaluate" library="BuiltIn">
<doc>Evaluates the given expression in Python and returns the result.</doc>
<arguments>
<arg>${len}-${count}</arg>
</arguments>
<assign>
<var>${pending}</var>
</assign>
<msg timestamp="20210707 22:59:19.661" level="INFO">${pending} = 583</msg>
<status status="PASS" starttime="20210707 22:59:19.660" endtime="20210707 22:59:19.661"></status>
</kw>
<kw name="Write Excel Cell" library="ExcelLibrary">
<doc>Writes value to the cell.</doc>
<arguments>
<arg>7</arg>
<arg>9</arg>
<arg>${pending}</arg>
</arguments>
<status status="PASS" starttime="20210707 22:59:19.662" endtime="20210707 22:59:19.662"></status>
</kw>
<kw name="Write Excel Cell" library="ExcelLibrary">
<doc>Writes value to the cell.</doc>
<arguments>
<arg>5</arg>
<arg>9</arg>
<arg>${len}</arg>
</arguments>
<status status="PASS" starttime="20210707 22:59:19.662" endtime="20210707 22:59:19.663"></status>
</kw>
<kw name="Save Excel Document" library="ExcelLibrary">
<doc>Saves the current document to disk.</doc>
<arguments>
<arg>${inputfilepath}</arg>
</arguments>
<status status="PASS" starttime="20210707 22:59:19.663" endtime="20210707 22:59:19.705"></status>
</kw>
<kw name="Close Current Excel Document" library="ExcelLibrary">
<doc>Closes current document.</doc>
<status status="PASS" starttime="20210707 22:59:19.705" endtime="20210707 22:59:19.705"></status>
</kw>
<status status="PASS" starttime="20210707 22:58:27.209" endtime="20210707 22:59:19.705"></status>
</kw>
<kw name="${count} = 2" type="foritem">
<kw name="Log To Console" library="BuiltIn">
<doc>Logs the given message to the console.</doc>
<arguments>
<arg>*********************************************</arg>
</arguments>
<status status="PASS" starttime="20210707 22:59:19.706" endtime="20210707 22:59:19.706"></status>
</kw>
<kw name="Log To Console" library="BuiltIn">
<doc>Logs the given message to the console.</doc>
<arguments>
<arg>Row Number= ${count}</arg>
</arguments>
<status status="PASS" starttime="20210707 22:59:19.707" endtime="20210707 22:59:19.708"></status>
</kw>
<kw name="Log To Console" library="BuiltIn">
<doc>Logs the given message to the console.</doc>
<arguments>
<arg>Company Name=${list}[${count}]</arg>
</arguments>
<status status="PASS" starttime="20210707 22:59:19.709" endtime="20210707 22:59:19.711"></status>
</kw>
<kw name="Evaluate" library="BuiltIn">
<doc>Evaluates the given expression in Python and returns the result.</doc>
<arguments>
<arg>${count}+1</arg>
</arguments>
<assign>
<var>${rowcount}</var>
</assign>
<msg timestamp="20210707 22:59:19.713" level="INFO">${rowcount} = 3</msg>
<status status="PASS" starttime="20210707 22:59:19.712" endtime="20210707 22:59:19.713"></status>
</kw>
<kw name="Run Keyword If" library="BuiltIn">
<doc>Runs the given keyword with the given arguments, if ``condition`` is true.</doc>
<arguments>
<arg>'${list}[${count}]'=='None'</arg>
<arg>contiune for loop and update count smililar tech</arg>
<arg>${count}</arg>
<arg>${rowcount}</arg>
<arg>${len}</arg>
</arguments>
<status status="PASS" starttime="20210707 22:59:19.713" endtime="20210707 22:59:19.714"></status>
</kw>
<kw name="Log To Console" library="BuiltIn">
<doc>Logs the given message to the console.</doc>
<arguments>
<arg>${baseURL}${list}[${count}]</arg>
</arguments>
<status status="PASS" starttime="20210707 22:59:19.714" endtime="20210707 22:59:19.715"></status>
</kw>
<kw name="Go To" library="SeleniumLibrary">
<doc>Navigates the current browser window to the provided ``url``.</doc>
<arguments>
<arg>${baseURL}${list}[${count}]</arg>
</arguments>
<msg timestamp="20210707 22:59:19.715" level="INFO">Opening url 'https://addon.similartech.com/addons/a/1.1.0/chrome/91.0.4472.114/discover?url=http://www.langehair.com/'</msg>
<status status="PASS" starttime="20210707 22:59:19.715" endtime="20210707 22:59:20.900"></status>
</kw>
<kw name="Reload Page" library="SeleniumLibrary">
<doc>Simulates user reloading page.</doc>
<status status="PASS" starttime="20210707 22:59:20.901" endtime="20210707 22:59:22.980"></status>
</kw>
<kw name="Sleep" library="BuiltIn">
<doc>Pauses the test executed for the given time.</doc>
<arguments>
<arg>3s</arg>
</arguments>
<msg timestamp="20210707 22:59:25.981" level="INFO">Slept 3 seconds</msg>
<status status="PASS" starttime="20210707 22:59:22.980" endtime="20210707 22:59:25.981"></status>
</kw>
<kw name="Run Keyword And Return Status" library="BuiltIn">
<doc>Runs the given keyword with given arguments and returns the status as a Boolean value.</doc>
<arguments>
<arg>Wait Until Page Contains Element</arg>
<arg>//div[@class="no-data-available"]</arg>
<arg>10s</arg>
</arguments>
<assign>
<var>${status}</var>
</assign>
<kw name="Wait Until Page Contains Element" library="SeleniumLibrary">
<doc>Waits until the element ``locator`` appears on the current page.</doc>
<arguments>
<arg>//div[@class="no-data-available"]</arg>
<arg>10s</arg>
</arguments>
<kw name="Capture Page Screenshot" library="SeleniumLibrary">
<doc>Takes a screenshot of the current page and embeds it into a log file.</doc>
<msg timestamp="20210707 22:59:36.083" level="INFO" html="yes">&lt;/td&gt;&lt;/tr&gt;&lt;tr&gt;&lt;td colspan="3"&gt;&lt;a href="selenium-screenshot-2.png"&gt;&lt;img src="selenium-screenshot-2.png" width="800px"&gt;&lt;/a&gt;</msg>
<status status="PASS" starttime="20210707 22:59:35.984" endtime="20210707 22:59:36.083"></status>
</kw>
<msg timestamp="20210707 22:59:36.084" level="FAIL">Element '//div[@class="no-data-available"]' did not appear in 10 seconds.</msg>
<status status="FAIL" starttime="20210707 22:59:25.983" endtime="20210707 22:59:36.084"></status>
</kw>
<msg timestamp="20210707 22:59:36.084" level="INFO">${status} = False</msg>
<status status="PASS" starttime="20210707 22:59:25.982" endtime="20210707 22:59:36.085"></status>
</kw>
<kw name="Run Keyword If" library="BuiltIn">
<doc>Runs the given keyword with the given arguments, if ``condition`` is true.</doc>
<arguments>
<arg>'${status}'=='True'</arg>
<arg>contiune for loop and update count smililar tech</arg>
<arg>${count}</arg>
<arg>${rowcount}</arg>
<arg>${len}</arg>
</arguments>
<status status="PASS" starttime="20210707 22:59:36.085" endtime="20210707 22:59:36.085"></status>
</kw>
<kw name="SimilarTech" library="SimilarTechapp">
<arguments>
<arg>${filename}</arg>
<arg>${rowcount}</arg>
<arg>${outputcolstart}</arg>
</arguments>
<kw name="Open Excel Document" library="ExcelLibrary">
<doc>Opens xlsx document file.</doc>
<arguments>
<arg>${filename}</arg>
<arg>doc_id=id</arg>
</arguments>
<status status="PASS" starttime="20210707 22:59:36.087" endtime="20210707 22:59:36.318"></status>
</kw>
<kw name="Reload Page" library="SeleniumLibrary">
<doc>Simulates user reloading page.</doc>
<status status="PASS" starttime="20210707 22:59:36.318" endtime="20210707 22:59:38.842"></status>
</kw>
<kw name="Run Keyword And Continue On Failure" library="BuiltIn">
<doc>Runs the keyword and continues execution even if a failure occurs.</doc>
<arguments>
<arg>Wait Until Page Contains Element</arg>
<arg>//div[@class="visits-value"]</arg>
<arg>60s</arg>
</arguments>
<kw name="Wait Until Page Contains Element" library="SeleniumLibrary">
<doc>Waits until the element ``locator`` appears on the current page.</doc>
<arguments>
<arg>//div[@class="visits-value"]</arg>
<arg>60s</arg>
</arguments>
<kw name="Capture Page Screenshot" library="SeleniumLibrary">
<doc>Takes a screenshot of the current page and embeds it into a log file.</doc>
<msg timestamp="20210707 23:00:39.152" level="INFO" html="yes">&lt;/td&gt;&lt;/tr&gt;&lt;tr&gt;&lt;td colspan="3"&gt;&lt;a href="selenium-screenshot-3.png"&gt;&lt;img src="selenium-screenshot-3.png" width="800px"&gt;&lt;/a&gt;</msg>
<status status="PASS" starttime="20210707 23:00:39.056" endtime="20210707 23:00:39.152"></status>
</kw>
<msg timestamp="20210707 23:00:39.153" level="FAIL">Element '//div[@class="visits-value"]' did not appear in 1 minute.</msg>
<status status="FAIL" starttime="20210707 22:59:38.842" endtime="20210707 23:00:39.154"></status>
</kw>
<status status="FAIL" starttime="20210707 22:59:38.842" endtime="20210707 23:00:39.154"></status>
</kw>
<kw name="Run Keyword And Continue On Failure" library="BuiltIn">
<doc>Runs the keyword and continues execution even if a failure occurs.</doc>
<arguments>
<arg>get text</arg>
<arg>//div[@class="visits-value"]</arg>
</arguments>
<assign>
<var>${monthlyvisit}</var>
</assign>
<kw name="Get Text" library="SeleniumLibrary">
<doc>Returns the text value of the element identified by ``locator``.</doc>
<arguments>
<arg>//div[@class="visits-value"]</arg>
</arguments>
<kw name="Capture Page Screenshot" library="SeleniumLibrary">
<doc>Takes a screenshot of the current page and embeds it into a log file.</doc>
<msg timestamp="20210707 23:00:39.238" level="INFO" html="yes">&lt;/td&gt;&lt;/tr&gt;&lt;tr&gt;&lt;td colspan="3"&gt;&lt;a href="selenium-screenshot-4.png"&gt;&lt;img src="selenium-screenshot-4.png" width="800px"&gt;&lt;/a&gt;</msg>
<status status="PASS" starttime="20210707 23:00:39.170" endtime="20210707 23:00:39.238"></status>
</kw>
<msg timestamp="20210707 23:00:39.242" level="FAIL">Element with locator '//div[@class="visits-value"]' not found.</msg>
<status status="FAIL" starttime="20210707 23:00:39.157" endtime="20210707 23:00:39.242"></status>
</kw>
<msg timestamp="20210707 23:00:39.242" level="INFO">${monthlyvisit} = None</msg>
<status status="FAIL" starttime="20210707 23:00:39.155" endtime="20210707 23:00:39.242"></status>
</kw>
<kw name="Run Keyword And Continue On Failure" library="BuiltIn">
<doc>Runs the keyword and continues execution even if a failure occurs.</doc>
<arguments>
<arg>Wait Until Page Contains Element</arg>
<arg>//li[@data-key="direct"]//div[@class="legend-value"]</arg>
<arg>45s</arg>
</arguments>
<kw name="Wait Until Page Contains Element" library="SeleniumLibrary">
<doc>Waits until the element ``locator`` appears on the current page.</doc>
<arguments>
<arg>//li[@data-key="direct"]//div[@class="legend-value"]</arg>
<arg>45s</arg>
</arguments>
<kw name="Capture Page Screenshot" library="SeleniumLibrary">
<doc>Takes a screenshot of the current page and embeds it into a log file.</doc>
<msg timestamp="20210707 23:01:24.594" level="INFO" html="yes">&lt;/td&gt;&lt;/tr&gt;&lt;tr&gt;&lt;td colspan="3"&gt;&lt;a href="selenium-screenshot-5.png"&gt;&lt;img src="selenium-screenshot-5.png" width="800px"&gt;&lt;/a&gt;</msg>
<status status="PASS" starttime="20210707 23:01:24.452" endtime="20210707 23:01:24.595"></status>
</kw>
<msg timestamp="20210707 23:01:24.596" level="FAIL">Element '//li[@data-key="direct"]//div[@class="legend-value"]' did not appear in 45 seconds.</msg>
<status status="FAIL" starttime="20210707 23:00:39.243" endtime="20210707 23:01:24.596"></status>
</kw>
<status status="FAIL" starttime="20210707 23:00:39.242" endtime="20210707 23:01:24.596"></status>
</kw>
<kw name="Run Keyword And Continue On Failure" library="BuiltIn">
<doc>Runs the keyword and continues execution even if a failure occurs.</doc>
<arguments>
<arg>get text</arg>
<arg>//li[@data-key="direct"]//div[@class="legend-value"]</arg>
</arguments>
<assign>
<var>${direct}</var>
</assign>
<kw name="Get Text" library="SeleniumLibrary">
<doc>Returns the text value of the element identified by ``locator``.</doc>
<arguments>
<arg>//li[@data-key="direct"]//div[@class="legend-value"]</arg>
</arguments>
<kw name="Capture Page Screenshot" library="SeleniumLibrary">
<doc>Takes a screenshot of the current page and embeds it into a log file.</doc>
<msg timestamp="20210707 23:01:24.690" level="INFO" html="yes">&lt;/td&gt;&lt;/tr&gt;&lt;tr&gt;&lt;td colspan="3"&gt;&lt;a href="selenium-screenshot-6.png"&gt;&lt;img src="selenium-screenshot-6.png" width="800px"&gt;&lt;/a&gt;</msg>
<status status="PASS" starttime="20210707 23:01:24.608" endtime="20210707 23:01:24.692"></status>
</kw>
<msg timestamp="20210707 23:01:24.694" level="FAIL">Element with locator '//li[@data-key="direct"]//div[@class="legend-value"]' not found.</msg>
<status status="FAIL" starttime="20210707 23:01:24.597" endtime="20210707 23:01:24.694"></status>
</kw>
<msg timestamp="20210707 23:01:24.694" level="INFO">${direct} = None</msg>
<status status="FAIL" starttime="20210707 23:01:24.597" endtime="20210707 23:01:24.694"></status>
</kw>
<kw name="Run Keyword And Continue On Failure" library="BuiltIn">
<doc>Runs the keyword and continues execution even if a failure occurs.</doc>
<arguments>
<arg>Wait Until Page Contains Element</arg>
<arg>//li[@data-key="search"]//div[@class="legend-value"]</arg>
</arguments>
<kw name="Wait Until Page Contains Element" library="SeleniumLibrary">
<doc>Waits until the element ``locator`` appears on the current page.</doc>
<arguments>
<arg>//li[@data-key="search"]//div[@class="legend-value"]</arg>
</arguments>
<status status="PASS" starttime="20210707 23:01:24.697" endtime="20210707 23:01:26.595"></status>
</kw>
<status status="PASS" starttime="20210707 23:01:24.695" endtime="20210707 23:01:26.595"></status>
</kw>
<kw name="Run Keyword And Continue On Failure" library="BuiltIn">
<doc>Runs the keyword and continues execution even if a failure occurs.</doc>
<arguments>
<arg>get text</arg>
<arg>//li[@data-key="search"]//div[@class="legend-value"]</arg>
</arguments>
<assign>
<var>${serach}</var>
</assign>
<kw name="Get Text" library="SeleniumLibrary">
<doc>Returns the text value of the element identified by ``locator``.</doc>
<arguments>
<arg>//li[@data-key="search"]//div[@class="legend-value"]</arg>
</arguments>
<status status="PASS" starttime="20210707 23:01:26.597" endtime="20210707 23:01:26.662"></status>
</kw>
<msg timestamp="20210707 23:01:26.663" level="INFO">${serach} = 29.7%</msg>
<status status="PASS" starttime="20210707 23:01:26.596" endtime="20210707 23:01:26.663"></status>
</kw>
<kw name="Run Keyword And Continue On Failure" library="BuiltIn">
<doc>Runs the keyword and continues execution even if a failure occurs.</doc>
<arguments>
<arg>get text</arg>
<arg>//li[@data-key="social"]//div[@class="legend-value"]</arg>
</arguments>
<assign>
<var>${social}</var>
</assign>
<kw name="Get Text" library="SeleniumLibrary">
<doc>Returns the text value of the element identified by ``locator``.</doc>
<arguments>
<arg>//li[@data-key="social"]//div[@class="legend-value"]</arg>
</arguments>
<status status="PASS" starttime="20210707 23:01:26.664" endtime="20210707 23:01:26.732"></status>
</kw>
<msg timestamp="20210707 23:01:26.732" level="INFO">${social} = 19.6%</msg>
<status status="PASS" starttime="20210707 23:01:26.663" endtime="20210707 23:01:26.732"></status>
</kw>
<kw name="Run Keyword And Continue On Failure" library="BuiltIn">
<doc>Runs the keyword and continues execution even if a failure occurs.</doc>
<arguments>
<arg>get text</arg>
<arg>//li[@data-key="display"]//div[@class="legend-value"]</arg>
</arguments>
<assign>
<var>${display}</var>
</assign>
<kw name="Get Text" library="SeleniumLibrary">
<doc>Returns the text value of the element identified by ``locator``.</doc>
<arguments>
<arg>//li[@data-key="display"]//div[@class="legend-value"]</arg>
</arguments>
<status status="PASS" starttime="20210707 23:01:26.732" endtime="20210707 23:01:26.763"></status>
</kw>
<msg timestamp="20210707 23:01:26.763" level="INFO">${display} = 2.8%</msg>
<status status="PASS" starttime="20210707 23:01:26.732" endtime="20210707 23:01:26.763"></status>
</kw>
<kw name="Run Keyword And Continue On Failure" library="BuiltIn">
<doc>Runs the keyword and continues execution even if a failure occurs.</doc>
<arguments>
<arg>get text</arg>
<arg>//li[@data-key="referrals"]//div[@class="legend-value"]</arg>
</arguments>
<assign>
<var>${referrals}</var>
</assign>
<kw name="Get Text" library="SeleniumLibrary">
<doc>Returns the text value of the element identified by ``locator``.</doc>
<arguments>
<arg>//li[@data-key="referrals"]//div[@class="legend-value"]</arg>
</arguments>
<status status="PASS" starttime="20210707 23:01:26.764" endtime="20210707 23:01:26.794"></status>
</kw>
<msg timestamp="20210707 23:01:26.794" level="INFO">${referrals} = 1.7%</msg>
<status status="PASS" starttime="20210707 23:01:26.763" endtime="20210707 23:01:26.794"></status>
</kw>
<kw name="Run Keyword And Continue On Failure" library="BuiltIn">
<doc>Runs the keyword and continues execution even if a failure occurs.</doc>
<arguments>
<arg>get text</arg>
<arg>//li[@data-key="mail"]//div[@class="legend-value"]</arg>
</arguments>
<assign>
<var>${mail}</var>
</assign>
<kw name="Get Text" library="SeleniumLibrary">
<doc>Returns the text value of the element identified by ``locator``.</doc>
<arguments>
<arg>//li[@data-key="mail"]//div[@class="legend-value"]</arg>
</arguments>
<status status="PASS" starttime="20210707 23:01:26.795" endtime="20210707 23:01:26.826"></status>
</kw>
<msg timestamp="20210707 23:01:26.826" level="INFO">${mail} = 0.8%</msg>
<status status="PASS" starttime="20210707 23:01:26.795" endtime="20210707 23:01:26.826"></status>
</kw>
<kw name="Log To Console" library="BuiltIn">
<doc>Logs the given message to the console.</doc>
<arguments>
<arg>Monthly Visits = ${monthlyvisit}</arg>
</arguments>
<status status="PASS" starttime="20210707 23:01:26.826" endtime="20210707 23:01:26.827"></status>
</kw>
<kw name="Log To Console" library="BuiltIn">
<doc>Logs the given message to the console.</doc>
<arguments>
<arg>Direct = ${direct}</arg>
</arguments>
<status status="PASS" starttime="20210707 23:01:26.827" endtime="20210707 23:01:26.829"></status>
</kw>
<kw name="Log To Console" library="BuiltIn">
<doc>Logs the given message to the console.</doc>
<arguments>
<arg>Search = ${serach}</arg>
</arguments>
<status status="PASS" starttime="20210707 23:01:26.829" endtime="20210707 23:01:26.834"></status>
</kw>
<kw name="Log To Console" library="BuiltIn">
<doc>Logs the given message to the console.</doc>
<arguments>
<arg>Social = ${social}</arg>
</arguments>
<status status="PASS" starttime="20210707 23:01:26.835" endtime="20210707 23:01:26.840"></status>
</kw>
<kw name="Log To Console" library="BuiltIn">
<doc>Logs the given message to the console.</doc>
<arguments>
<arg>Display = ${display}</arg>
</arguments>
<status status="PASS" starttime="20210707 23:01:26.841" endtime="20210707 23:01:26.844"></status>
</kw>
<kw name="Log To Console" library="BuiltIn">
<doc>Logs the given message to the console.</doc>
<arguments>
<arg>Referrals = ${referrals}</arg>
</arguments>
<status status="PASS" starttime="20210707 23:01:26.845" endtime="20210707 23:01:26.847"></status>
</kw>
<kw name="Log To Console" library="BuiltIn">
<doc>Logs the given message to the console.</doc>
<arguments>
<arg>Mail = ${mail}</arg>
</arguments>
<status status="PASS" starttime="20210707 23:01:26.847" endtime="20210707 23:01:26.850"></status>
</kw>
<kw name="Log To Console" library="BuiltIn">
<doc>Logs the given message to the console.</doc>
<arguments>
<arg>*********************************************</arg>
</arguments>
<status status="PASS" starttime="20210707 23:01:26.851" endtime="20210707 23:01:26.861"></status>
</kw>
<kw name="Evaluate" library="BuiltIn">
<doc>Evaluates the given expression in Python and returns the result.</doc>
<arguments>
<arg>${outputColstart}+5</arg>
</arguments>
<assign>
<var>${monthlycol}</var>
</assign>
<msg timestamp="20210707 23:01:26.869" level="INFO">${monthlycol} = 18</msg>
<status status="PASS" starttime="20210707 23:01:26.866" endtime="20210707 23:01:26.869"></status>
</kw>
<kw name="Evaluate" library="BuiltIn">
<doc>Evaluates the given expression in Python and returns the result.</doc>
<arguments>
<arg>${outputColstart}+6</arg>
</arguments>
<assign>
<var>${directcol}</var>
</assign>
<msg timestamp="20210707 23:01:26.871" level="INFO">${directcol} = 19</msg>
<status status="PASS" starttime="20210707 23:01:26.870" endtime="20210707 23:01:26.871"></status>
</kw>
<kw name="Evaluate" library="BuiltIn">
<doc>Evaluates the given expression in Python and returns the result.</doc>
<arguments>
<arg>${outputColstart}+7</arg>
</arguments>
<assign>
<var>${serachcol}</var>
</assign>
<msg timestamp="20210707 23:01:26.873" level="INFO">${serachcol} = 20</msg>
<status status="PASS" starttime="20210707 23:01:26.871" endtime="20210707 23:01:26.874"></status>
</kw>
<kw name="Evaluate" library="BuiltIn">
<doc>Evaluates the given expression in Python and returns the result.</doc>
<arguments>
<arg>${outputColstart}+8</arg>
</arguments>
<assign>
<var>${socialcol}</var>
</assign>
<msg timestamp="20210707 23:01:26.879" level="INFO">${socialcol} = 21</msg>
<status status="PASS" starttime="20210707 23:01:26.876" endtime="20210707 23:01:26.879"></status>
</kw>
<kw name="Evaluate" library="BuiltIn">
<doc>Evaluates the given expression in Python and returns the result.</doc>
<arguments>
<arg>${outputColstart}+9</arg>
</arguments>
<assign>
<var>${displaycol}</var>
</assign>
<msg timestamp="20210707 23:01:26.880" level="INFO">${displaycol} = 22</msg>
<status status="PASS" starttime="20210707 23:01:26.879" endtime="20210707 23:01:26.881"></status>
</kw>
<kw name="Evaluate" library="BuiltIn">
<doc>Evaluates the given expression in Python and returns the result.</doc>
<arguments>
<arg>${outputColstart}+10</arg>
</arguments>
<assign>
<var>${referralscol}</var>
</assign>
<msg timestamp="20210707 23:01:26.882" level="INFO">${referralscol} = 23</msg>
<status status="PASS" starttime="20210707 23:01:26.881" endtime="20210707 23:01:26.882"></status>
</kw>
<kw name="Evaluate" library="BuiltIn">
<doc>Evaluates the given expression in Python and returns the result.</doc>
<arguments>
<arg>${outputColstart}+11</arg>
</arguments>
<assign>
<var>${mailcol}</var>
</assign>
<msg timestamp="20210707 23:01:26.883" level="INFO">${mailcol} = 24</msg>
<status status="PASS" starttime="20210707 23:01:26.882" endtime="20210707 23:01:26.883"></status>
</kw>
<kw name="Write Excel Cell" library="ExcelLibrary">
<doc>Writes value to the cell.</doc>
<arguments>
<arg>${rownum}</arg>
<arg>${monthlycol}</arg>
<arg>${monthlyvisit}</arg>
</arguments>
<status status="PASS" starttime="20210707 23:01:26.883" endtime="20210707 23:01:26.884"></status>
</kw>
<kw name="Write Excel Cell" library="ExcelLibrary">
<doc>Writes value to the cell.</doc>
<arguments>
<arg>${rownum}</arg>
<arg>${directcol}</arg>
<arg>${direct}</arg>
</arguments>
<status status="PASS" starttime="20210707 23:01:26.884" endtime="20210707 23:01:26.885"></status>
</kw>
<kw name="Write Excel Cell" library="ExcelLibrary">
<doc>Writes value to the cell.</doc>
<arguments>
<arg>${rownum}</arg>
<arg>${serachcol}</arg>
<arg>${serach}</arg>
</arguments>
<status status="PASS" starttime="20210707 23:01:26.886" endtime="20210707 23:01:26.889"></status>
</kw>
<kw name="Write Excel Cell" library="ExcelLibrary">
<doc>Writes value to the cell.</doc>
<arguments>
<arg>${rownum}</arg>
<arg>${socialcol}</arg>
<arg>${social}</arg>
</arguments>
<status status="PASS" starttime="20210707 23:01:26.890" endtime="20210707 23:01:26.891"></status>
</kw>
<kw name="Write Excel Cell" library="ExcelLibrary">
<doc>Writes value to the cell.</doc>
<arguments>
<arg>${rownum}</arg>
<arg>${referralscol}</arg>
<arg>${referrals}</arg>
</arguments>
<status status="PASS" starttime="20210707 23:01:26.891" endtime="20210707 23:01:26.897"></status>
</kw>
<kw name="Write Excel Cell" library="ExcelLibrary">
<doc>Writes value to the cell.</doc>
<arguments>
<arg>${rownum}</arg>
<arg>${mailcol}</arg>
<arg>${mail}</arg>
</arguments>
<status status="PASS" starttime="20210707 23:01:26.897" endtime="20210707 23:01:26.898"></status>
</kw>
<kw name="Write Excel Cell" library="ExcelLibrary">
<doc>Writes value to the cell.</doc>
<arguments>
<arg>${rownum}</arg>
<arg>${displaycol}</arg>
<arg>${display}</arg>
</arguments>
<status status="PASS" starttime="20210707 23:01:26.898" endtime="20210707 23:01:26.899"></status>
</kw>
<kw name="Save Excel Document" library="ExcelLibrary">
<doc>Saves the current document to disk.</doc>
<arguments>
<arg>${filename}</arg>
</arguments>
<status status="PASS" starttime="20210707 23:01:26.900" endtime="20210707 23:01:27.159"></status>
</kw>
<kw name="Close Current Excel Document" library="ExcelLibrary">
<doc>Closes current document.</doc>
<status status="PASS" starttime="20210707 23:01:27.159" endtime="20210707 23:01:27.160"></status>
</kw>
<status status="FAIL" starttime="20210707 22:59:36.086" endtime="20210707 23:01:27.160"></status>
</kw>
<kw name="Open Excel Document" library="ExcelLibrary">
<doc>Opens xlsx document file.</doc>
<arguments>
<arg>${inputfilepath}</arg>
<arg>doc_id=id</arg>
</arguments>
<status status="PASS" starttime="20210707 23:01:27.160" endtime="20210707 23:01:27.177"></status>
</kw>
<kw name="Write Excel Cell" library="ExcelLibrary">
<doc>Writes value to the cell.</doc>
<arguments>
<arg>4</arg>
<arg>9</arg>
<arg>${rowcount}</arg>
</arguments>
<status status="PASS" starttime="20210707 23:01:27.177" endtime="20210707 23:01:27.177"></status>
</kw>
<kw name="Write Excel Cell" library="ExcelLibrary">
<doc>Writes value to the cell.</doc>
<arguments>
<arg>6</arg>
<arg>9</arg>
<arg>${count}</arg>
</arguments>
<status status="PASS" starttime="20210707 23:01:27.178" endtime="20210707 23:01:27.178"></status>
</kw>
<kw name="Evaluate" library="BuiltIn">
<doc>Evaluates the given expression in Python and returns the result.</doc>
<arguments>
<arg>${len}-${count}</arg>
</arguments>
<assign>
<var>${pending}</var>
</assign>
<msg timestamp="20210707 23:01:27.179" level="INFO">${pending} = 582</msg>
<status status="PASS" starttime="20210707 23:01:27.178" endtime="20210707 23:01:27.179"></status>
</kw>
<kw name="Write Excel Cell" library="ExcelLibrary">
<doc>Writes value to the cell.</doc>
<arguments>
<arg>7</arg>
<arg>9</arg>
<arg>${pending}</arg>
</arguments>
<status status="PASS" starttime="20210707 23:01:27.179" endtime="20210707 23:01:27.179"></status>
</kw>
<kw name="Write Excel Cell" library="ExcelLibrary">
<doc>Writes value to the cell.</doc>
<arguments>
<arg>5</arg>
<arg>9</arg>
<arg>${len}</arg>
</arguments>
<status status="PASS" starttime="20210707 23:01:27.179" endtime="20210707 23:01:27.180"></status>
</kw>
<kw name="Save Excel Document" library="ExcelLibrary">
<doc>Saves the current document to disk.</doc>
<arguments>
<arg>${inputfilepath}</arg>
</arguments>
<status status="PASS" starttime="20210707 23:01:27.180" endtime="20210707 23:01:27.223"></status>
</kw>
<kw name="Close Current Excel Document" library="ExcelLibrary">
<doc>Closes current document.</doc>
<status status="PASS" starttime="20210707 23:01:27.225" endtime="20210707 23:01:27.226"></status>
</kw>
<status status="FAIL" starttime="20210707 22:59:19.705" endtime="20210707 23:01:27.226"></status>
</kw>
<kw name="${count} = 3" type="foritem">
<kw name="Log To Console" library="BuiltIn">
<doc>Logs the given message to the console.</doc>
<arguments>
<arg>*********************************************</arg>
</arguments>
<status status="PASS" starttime="20210707 23:01:27.226" endtime="20210707 23:01:27.227"></status>
</kw>
<kw name="Log To Console" library="BuiltIn">
<doc>Logs the given message to the console.</doc>
<arguments>
<arg>Row Number= ${count}</arg>
</arguments>
<status status="PASS" starttime="20210707 23:01:27.227" endtime="20210707 23:01:27.229"></status>
</kw>
<kw name="Log To Console" library="BuiltIn">
<doc>Logs the given message to the console.</doc>
<arguments>
<arg>Company Name=${list}[${count}]</arg>
</arguments>
<status status="PASS" starttime="20210707 23:01:27.229" endtime="20210707 23:01:27.234"></status>
</kw>
<kw name="Evaluate" library="BuiltIn">
<doc>Evaluates the given expression in Python and returns the result.</doc>
<arguments>
<arg>${count}+1</arg>
</arguments>
<assign>
<var>${rowcount}</var>
</assign>
<msg timestamp="20210707 23:01:27.235" level="INFO">${rowcount} = 4</msg>
<status status="PASS" starttime="20210707 23:01:27.235" endtime="20210707 23:01:27.235"></status>
</kw>
<kw name="Run Keyword If" library="BuiltIn">
<doc>Runs the given keyword with the given arguments, if ``condition`` is true.</doc>
<arguments>
<arg>'${list}[${count}]'=='None'</arg>
<arg>contiune for loop and update count smililar tech</arg>
<arg>${count}</arg>
<arg>${rowcount}</arg>
<arg>${len}</arg>
</arguments>
<status status="PASS" starttime="20210707 23:01:27.236" endtime="20210707 23:01:27.237"></status>
</kw>
<kw name="Log To Console" library="BuiltIn">
<doc>Logs the given message to the console.</doc>
<arguments>
<arg>${baseURL}${list}[${count}]</arg>
</arguments>
<status status="PASS" starttime="20210707 23:01:27.237" endtime="20210707 23:01:27.240"></status>
</kw>
<kw name="Go To" library="SeleniumLibrary">
<doc>Navigates the current browser window to the provided ``url``.</doc>
<arguments>
<arg>${baseURL}${list}[${count}]</arg>
</arguments>
<msg timestamp="20210707 23:01:27.241" level="INFO">Opening url 'https://addon.similartech.com/addons/a/1.1.0/chrome/91.0.4472.114/discover?url=http://www.bioelements.com/'</msg>
<status status="PASS" starttime="20210707 23:01:27.241" endtime="20210707 23:01:28.210"></status>
</kw>
<kw name="Reload Page" library="SeleniumLibrary">
<doc>Simulates user reloading page.</doc>
<status status="PASS" starttime="20210707 23:01:28.211" endtime="20210707 23:01:41.019"></status>
</kw>
<kw name="Sleep" library="BuiltIn">
<doc>Pauses the test executed for the given time.</doc>
<arguments>
<arg>3s</arg>
</arguments>
<msg timestamp="20210707 23:01:44.022" level="INFO">Slept 3 seconds</msg>
<status status="PASS" starttime="20210707 23:01:41.019" endtime="20210707 23:01:44.024"></status>
</kw>
<kw name="Run Keyword And Return Status" library="BuiltIn">
<doc>Runs the given keyword with given arguments and returns the status as a Boolean value.</doc>
<arguments>
<arg>Wait Until Page Contains Element</arg>
<arg>//div[@class="no-data-available"]</arg>
<arg>10s</arg>
</arguments>
<assign>
<var>${status}</var>
</assign>
<kw name="Wait Until Page Contains Element" library="SeleniumLibrary">
<doc>Waits until the element ``locator`` appears on the current page.</doc>
<arguments>
<arg>//div[@class="no-data-available"]</arg>
<arg>10s</arg>
</arguments>
<kw name="Capture Page Screenshot" library="SeleniumLibrary">
<doc>Takes a screenshot of the current page and embeds it into a log file.</doc>
<msg timestamp="20210707 23:01:54.318" level="INFO" html="yes">&lt;/td&gt;&lt;/tr&gt;&lt;tr&gt;&lt;td colspan="3"&gt;&lt;a href="selenium-screenshot-7.png"&gt;&lt;img src="selenium-screenshot-7.png" width="800px"&gt;&lt;/a&gt;</msg>
<status status="PASS" starttime="20210707 23:01:54.214" endtime="20210707 23:01:54.318"></status>
</kw>
<msg timestamp="20210707 23:01:54.319" level="FAIL">Element '//div[@class="no-data-available"]' did not appear in 10 seconds.</msg>
<status status="FAIL" starttime="20210707 23:01:44.028" endtime="20210707 23:01:54.319"></status>
</kw>
<msg timestamp="20210707 23:01:54.319" level="INFO">${status} = False</msg>
<status status="PASS" starttime="20210707 23:01:44.026" endtime="20210707 23:01:54.320"></status>
</kw>
<kw name="Run Keyword If" library="BuiltIn">
<doc>Runs the given keyword with the given arguments, if ``condition`` is true.</doc>
<arguments>
<arg>'${status}'=='True'</arg>
<arg>contiune for loop and update count smililar tech</arg>
<arg>${count}</arg>
<arg>${rowcount}</arg>
<arg>${len}</arg>
</arguments>
<status status="PASS" starttime="20210707 23:01:54.320" endtime="20210707 23:01:54.321"></status>
</kw>
<kw name="SimilarTech" library="SimilarTechapp">
<arguments>
<arg>${filename}</arg>
<arg>${rowcount}</arg>
<arg>${outputcolstart}</arg>
</arguments>
<kw name="Open Excel Document" library="ExcelLibrary">
<doc>Opens xlsx document file.</doc>
<arguments>
<arg>${filename}</arg>
<arg>doc_id=id</arg>
</arguments>
<status status="PASS" starttime="20210707 23:01:54.326" endtime="20210707 23:01:54.501"></status>
</kw>
<kw name="Reload Page" library="SeleniumLibrary">
<doc>Simulates user reloading page.</doc>
<status status="PASS" starttime="20210707 23:01:54.501" endtime="20210707 23:01:54.509"></status>
</kw>
<kw name="Run Keyword And Continue On Failure" library="BuiltIn">
<doc>Runs the keyword and continues execution even if a failure occurs.</doc>
<arguments>
<arg>Wait Until Page Contains Element</arg>
<arg>//div[@class="visits-value"]</arg>
<arg>60s</arg>
</arguments>
<kw name="Wait Until Page Contains Element" library="SeleniumLibrary">
<doc>Waits until the element ``locator`` appears on the current page.</doc>
<arguments>
<arg>//div[@class="visits-value"]</arg>
<arg>60s</arg>
</arguments>
<status status="PASS" starttime="20210707 23:01:54.511" endtime="20210707 23:02:02.354"></status>
</kw>
<status status="PASS" starttime="20210707 23:01:54.510" endtime="20210707 23:02:02.355"></status>
</kw>
<kw name="Run Keyword And Continue On Failure" library="BuiltIn">
<doc>Runs the keyword and continues execution even if a failure occurs.</doc>
<arguments>
<arg>get text</arg>
<arg>//div[@class="visits-value"]</arg>
</arguments>
<assign>
<var>${monthlyvisit}</var>
</assign>
<kw name="Get Text" library="SeleniumLibrary">
<doc>Returns the text value of the element identified by ``locator``.</doc>
<arguments>
<arg>//div[@class="visits-value"]</arg>
</arguments>
<status status="PASS" starttime="20210707 23:02:02.358" endtime="20210707 23:02:02.383"></status>
</kw>
<msg timestamp="20210707 23:02:02.384" level="INFO">${monthlyvisit} = 50K</msg>
<status status="PASS" starttime="20210707 23:02:02.356" endtime="20210707 23:02:02.384"></status>
</kw>
<kw name="Run Keyword And Continue On Failure" library="BuiltIn">
<doc>Runs the keyword and continues execution even if a failure occurs.</doc>
<arguments>
<arg>Wait Until Page Contains Element</arg>
<arg>//li[@data-key="direct"]//div[@class="legend-value"]</arg>
<arg>45s</arg>
</arguments>
<kw name="Wait Until Page Contains Element" library="SeleniumLibrary">
<doc>Waits until the element ``locator`` appears on the current page.</doc>
<arguments>
<arg>//li[@data-key="direct"]//div[@class="legend-value"]</arg>
<arg>45s</arg>
</arguments>
<status status="PASS" starttime="20210707 23:02:02.384" endtime="20210707 23:02:02.402"></status>
</kw>
<status status="PASS" starttime="20210707 23:02:02.384" endtime="20210707 23:02:02.402"></status>
</kw>
<kw name="Run Keyword And Continue On Failure" library="BuiltIn">
<doc>Runs the keyword and continues execution even if a failure occurs.</doc>
<arguments>
<arg>get text</arg>
<arg>//li[@data-key="direct"]//div[@class="legend-value"]</arg>
</arguments>
<assign>
<var>${direct}</var>
</assign>
<kw name="Get Text" library="SeleniumLibrary">
<doc>Returns the text value of the element identified by ``locator``.</doc>
<arguments>
<arg>//li[@data-key="direct"]//div[@class="legend-value"]</arg>
</arguments>
<status status="PASS" starttime="20210707 23:02:02.403" endtime="20210707 23:02:02.457"></status>
</kw>
<msg timestamp="20210707 23:02:02.458" level="INFO">${direct} = 24.7%</msg>
<status status="PASS" starttime="20210707 23:02:02.402" endtime="20210707 23:02:02.458"></status>
</kw>
<kw name="Run Keyword And Continue On Failure" library="BuiltIn">
<doc>Runs the keyword and continues execution even if a failure occurs.</doc>
<arguments>
<arg>Wait Until Page Contains Element</arg>
<arg>//li[@data-key="search"]//div[@class="legend-value"]</arg>
</arguments>
<kw name="Wait Until Page Contains Element" library="SeleniumLibrary">
<doc>Waits until the element ``locator`` appears on the current page.</doc>
<arguments>
<arg>//li[@data-key="search"]//div[@class="legend-value"]</arg>
</arguments>
<status status="PASS" starttime="20210707 23:02:02.459" endtime="20210707 23:02:02.472"></status>
</kw>
<status status="PASS" starttime="20210707 23:02:02.458" endtime="20210707 23:02:02.472"></status>
</kw>
<kw name="Run Keyword And Continue On Failure" library="BuiltIn">
<doc>Runs the keyword and continues execution even if a failure occurs.</doc>
<arguments>
<arg>get text</arg>
<arg>//li[@data-key="search"]//div[@class="legend-value"]</arg>
</arguments>
<assign>
<var>${serach}</var>
</assign>
<kw name="Get Text" library="SeleniumLibrary">
<doc>Returns the text value of the element identified by ``locator``.</doc>
<arguments>
<arg>//li[@data-key="search"]//div[@class="legend-value"]</arg>
</arguments>
<status status="PASS" starttime="20210707 23:02:02.473" endtime="20210707 23:02:02.499"></status>
</kw>
<msg timestamp="20210707 23:02:02.499" level="INFO">${serach} = 71.7%</msg>
<status status="PASS" starttime="20210707 23:02:02.473" endtime="20210707 23:02:02.499"></status>
</kw>
<kw name="Run Keyword And Continue On Failure" library="BuiltIn">
<doc>Runs the keyword and continues execution even if a failure occurs.</doc>
<arguments>
<arg>get text</arg>
<arg>//li[@data-key="social"]//div[@class="legend-value"]</arg>
</arguments>
<assign>
<var>${social}</var>
</assign>
<kw name="Get Text" library="SeleniumLibrary">
<doc>Returns the text value of the element identified by ``locator``.</doc>
<arguments>
<arg>//li[@data-key="social"]//div[@class="legend-value"]</arg>
</arguments>
<status status="PASS" starttime="20210707 23:02:02.500" endtime="20210707 23:02:02.527"></status>
</kw>
<msg timestamp="20210707 23:02:02.527" level="INFO">${social} = 0.2%</msg>
<status status="PASS" starttime="20210707 23:02:02.500" endtime="20210707 23:02:02.527"></status>
</kw>
<kw name="Run Keyword And Continue On Failure" library="BuiltIn">
<doc>Runs the keyword and continues execution even if a failure occurs.</doc>
<arguments>
<arg>get text</arg>
<arg>//li[@data-key="display"]//div[@class="legend-value"]</arg>
</arguments>
<assign>
<var>${display}</var>
</assign>
<kw name="Get Text" library="SeleniumLibrary">
<doc>Returns the text value of the element identified by ``locator``.</doc>
<arguments>
<arg>//li[@data-key="display"]//div[@class="legend-value"]</arg>
</arguments>
<status status="PASS" starttime="20210707 23:02:02.528" endtime="20210707 23:02:02.553"></status>
</kw>
<msg timestamp="20210707 23:02:02.553" level="INFO">${display} = 0%</msg>
<status status="PASS" starttime="20210707 23:02:02.528" endtime="20210707 23:02:02.553"></status>
</kw>
<kw name="Run Keyword And Continue On Failure" library="BuiltIn">
<doc>Runs the keyword and continues execution even if a failure occurs.</doc>
<arguments>
<arg>get text</arg>
<arg>//li[@data-key="referrals"]//div[@class="legend-value"]</arg>
</arguments>
<assign>
<var>${referrals}</var>
</assign>
<kw name="Get Text" library="SeleniumLibrary">
<doc>Returns the text value of the element identified by ``locator``.</doc>
<arguments>
<arg>//li[@data-key="referrals"]//div[@class="legend-value"]</arg>
</arguments>
<status status="PASS" starttime="20210707 23:02:02.556" endtime="20210707 23:02:02.584"></status>
</kw>
<msg timestamp="20210707 23:02:02.584" level="INFO">${referrals} = 0%</msg>
<status status="PASS" starttime="20210707 23:02:02.554" endtime="20210707 23:02:02.584"></status>
</kw>
<kw name="Run Keyword And Continue On Failure" library="BuiltIn">
<doc>Runs the keyword and continues execution even if a failure occurs.</doc>
<arguments>
<arg>get text</arg>
<arg>//li[@data-key="mail"]//div[@class="legend-value"]</arg>
</arguments>
<assign>
<var>${mail}</var>
</assign>
<kw name="Get Text" library="SeleniumLibrary">
<doc>Returns the text value of the element identified by ``locator``.</doc>
<arguments>
<arg>//li[@data-key="mail"]//div[@class="legend-value"]</arg>
</arguments>
<status status="PASS" starttime="20210707 23:02:02.585" endtime="20210707 23:02:02.618"></status>
</kw>
<msg timestamp="20210707 23:02:02.618" level="INFO">${mail} = 3.4%</msg>
<status status="PASS" starttime="20210707 23:02:02.584" endtime="20210707 23:02:02.618"></status>
</kw>
<kw name="Log To Console" library="BuiltIn">
<doc>Logs the given message to the console.</doc>
<arguments>
<arg>Monthly Visits = ${monthlyvisit}</arg>
</arguments>
<status status="PASS" starttime="20210707 23:02:02.619" endtime="20210707 23:02:02.620"></status>
</kw>
<kw name="Log To Console" library="BuiltIn">
<doc>Logs the given message to the console.</doc>
<arguments>
<arg>Direct = ${direct}</arg>
</arguments>
<status status="PASS" starttime="20210707 23:02:02.620" endtime="20210707 23:02:02.621"></status>
</kw>
<kw name="Log To Console" library="BuiltIn">
<doc>Logs the given message to the console.</doc>
<arguments>
<arg>Search = ${serach}</arg>
</arguments>
<status status="PASS" starttime="20210707 23:02:02.622" endtime="20210707 23:02:02.625"></status>
</kw>
<kw name="Log To Console" library="BuiltIn">
<doc>Logs the given message to the console.</doc>
<arguments>
<arg>Social = ${social}</arg>
</arguments>
<status status="PASS" starttime="20210707 23:02:02.626" endtime="20210707 23:02:02.627"></status>
</kw>
<kw name="Log To Console" library="BuiltIn">
<doc>Logs the given message to the console.</doc>
<arguments>
<arg>Display = ${display}</arg>
</arguments>
<status status="PASS" starttime="20210707 23:02:02.627" endtime="20210707 23:02:02.628"></status>
</kw>
<kw name="Log To Console" library="BuiltIn">
<doc>Logs the given message to the console.</doc>
<arguments>
<arg>Referrals = ${referrals}</arg>
</arguments>
<status status="PASS" starttime="20210707 23:02:02.629" endtime="20210707 23:02:02.630"></status>
</kw>
<kw name="Log To Console" library="BuiltIn">
<doc>Logs the given message to the console.</doc>
<arguments>
<arg>Mail = ${mail}</arg>
</arguments>
<status status="PASS" starttime="20210707 23:02:02.630" endtime="20210707 23:02:02.631"></status>
</kw>
<kw name="Log To Console" library="BuiltIn">
<doc>Logs the given message to the console.</doc>
<arguments>
<arg>*********************************************</arg>
</arguments>
<status status="PASS" starttime="20210707 23:02:02.632" endtime="20210707 23:02:02.633"></status>
</kw>
<kw name="Evaluate" library="BuiltIn">
<doc>Evaluates the given expression in Python and returns the result.</doc>
<arguments>
<arg>${outputColstart}+5</arg>
</arguments>
<assign>
<var>${monthlycol}</var>
</assign>
<msg timestamp="20210707 23:02:02.634" level="INFO">${monthlycol} = 18</msg>
<status status="PASS" starttime="20210707 23:02:02.633" endtime="20210707 23:02:02.634"></status>
</kw>
<kw name="Evaluate" library="BuiltIn">
<doc>Evaluates the given expression in Python and returns the result.</doc>
<arguments>
<arg>${outputColstart}+6</arg>
</arguments>
<assign>
<var>${directcol}</var>
</assign>
<msg timestamp="20210707 23:02:02.635" level="INFO">${directcol} = 19</msg>
<status status="PASS" starttime="20210707 23:02:02.634" endtime="20210707 23:02:02.635"></status>
</kw>
<kw name="Evaluate" library="BuiltIn">
<doc>Evaluates the given expression in Python and returns the result.</doc>
<arguments>
<arg>${outputColstart}+7</arg>
</arguments>
<assign>
<var>${serachcol}</var>
</assign>
<msg timestamp="20210707 23:02:02.636" level="INFO">${serachcol} = 20</msg>
<status status="PASS" starttime="20210707 23:02:02.635" endtime="20210707 23:02:02.636"></status>
</kw>
<kw name="Evaluate" library="BuiltIn">
<doc>Evaluates the given expression in Python and returns the result.</doc>
<arguments>
<arg>${outputColstart}+8</arg>
</arguments>
<assign>
<var>${socialcol}</var>
</assign>
<msg timestamp="20210707 23:02:02.636" level="INFO">${socialcol} = 21</msg>
<status status="PASS" starttime="20210707 23:02:02.636" endtime="20210707 23:02:02.636"></status>
</kw>
<kw name="Evaluate" library="BuiltIn">
<doc>Evaluates the given expression in Python and returns the result.</doc>
<arguments>
<arg>${outputColstart}+9</arg>
</arguments>
<assign>
<var>${displaycol}</var>
</assign>
<msg timestamp="20210707 23:02:02.637" level="INFO">${displaycol} = 22</msg>
<status status="PASS" starttime="20210707 23:02:02.637" endtime="20210707 23:02:02.637"></status>
</kw>
<kw name="Evaluate" library="BuiltIn">
<doc>Evaluates the given expression in Python and returns the result.</doc>
<arguments>
<arg>${outputColstart}+10</arg>
</arguments>
<assign>
<var>${referralscol}</var>
</assign>
<msg timestamp="20210707 23:02:02.637" level="INFO">${referralscol} = 23</msg>
<status status="PASS" starttime="20210707 23:02:02.637" endtime="20210707 23:02:02.638"></status>
</kw>
<kw name="Evaluate" library="BuiltIn">
<doc>Evaluates the given expression in Python and returns the result.</doc>
<arguments>
<arg>${outputColstart}+11</arg>
</arguments>
<assign>
<var>${mailcol}</var>
</assign>
<msg timestamp="20210707 23:02:02.639" level="INFO">${mailcol} = 24</msg>
<status status="PASS" starttime="20210707 23:02:02.638" endtime="20210707 23:02:02.639"></status>
</kw>
<kw name="Write Excel Cell" library="ExcelLibrary">
<doc>Writes value to the cell.</doc>
<arguments>
<arg>${rownum}</arg>
<arg>${monthlycol}</arg>
<arg>${monthlyvisit}</arg>
</arguments>
<status status="PASS" starttime="20210707 23:02:02.639" endtime="20210707 23:02:02.639"></status>
</kw>
<kw name="Write Excel Cell" library="ExcelLibrary">
<doc>Writes value to the cell.</doc>
<arguments>
<arg>${rownum}</arg>
<arg>${directcol}</arg>
<arg>${direct}</arg>
</arguments>
<status status="PASS" starttime="20210707 23:02:02.640" endtime="20210707 23:02:02.640"></status>
</kw>
<kw name="Write Excel Cell" library="ExcelLibrary">
<doc>Writes value to the cell.</doc>
<arguments>
<arg>${rownum}</arg>
<arg>${serachcol}</arg>
<arg>${serach}</arg>
</arguments>
<status status="PASS" starttime="20210707 23:02:02.640" endtime="20210707 23:02:02.640"></status>
</kw>
<kw name="Write Excel Cell" library="ExcelLibrary">
<doc>Writes value to the cell.</doc>
<arguments>
<arg>${rownum}</arg>
<arg>${socialcol}</arg>
<arg>${social}</arg>
</arguments>
<status status="PASS" starttime="20210707 23:02:02.641" endtime="20210707 23:02:02.641"></status>
</kw>
<kw name="Write Excel Cell" library="ExcelLibrary">
<doc>Writes value to the cell.</doc>
<arguments>
<arg>${rownum}</arg>
<arg>${referralscol}</arg>
<arg>${referrals}</arg>
</arguments>
<status status="PASS" starttime="20210707 23:02:02.641" endtime="20210707 23:02:02.641"></status>
</kw>
<kw name="Write Excel Cell" library="ExcelLibrary">
<doc>Writes value to the cell.</doc>
<arguments>
<arg>${rownum}</arg>
<arg>${mailcol}</arg>
<arg>${mail}</arg>
</arguments>
<status status="PASS" starttime="20210707 23:02:02.641" endtime="20210707 23:02:02.642"></status>
</kw>
<kw name="Write Excel Cell" library="ExcelLibrary">
<doc>Writes value to the cell.</doc>
<arguments>
<arg>${rownum}</arg>
<arg>${displaycol}</arg>
<arg>${display}</arg>
</arguments>
<status status="PASS" starttime="20210707 23:02:02.642" endtime="20210707 23:02:02.642"></status>
</kw>
<kw name="Save Excel Document" library="ExcelLibrary">
<doc>Saves the current document to disk.</doc>
<arguments>
<arg>${filename}</arg>
</arguments>
<status status="PASS" starttime="20210707 23:02:02.642" endtime="20210707 23:02:02.928"></status>
</kw>
<kw name="Close Current Excel Document" library="ExcelLibrary">
<doc>Closes current document.</doc>
<status status="PASS" starttime="20210707 23:02:02.928" endtime="20210707 23:02:02.929"></status>
</kw>
<status status="PASS" starttime="20210707 23:01:54.321" endtime="20210707 23:02:02.929"></status>
</kw>
<kw name="Open Excel Document" library="ExcelLibrary">
<doc>Opens xlsx document file.</doc>
<arguments>
<arg>${inputfilepath}</arg>
<arg>doc_id=id</arg>
</arguments>
<status status="PASS" starttime="20210707 23:02:02.929" endtime="20210707 23:02:02.943"></status>
</kw>
<kw name="Write Excel Cell" library="ExcelLibrary">
<doc>Writes value to the cell.</doc>
<arguments>
<arg>4</arg>
<arg>9</arg>
<arg>${rowcount}</arg>
</arguments>
<status status="PASS" starttime="20210707 23:02:02.943" endtime="20210707 23:02:02.943"></status>
</kw>
<kw name="Write Excel Cell" library="ExcelLibrary">
<doc>Writes value to the cell.</doc>
<arguments>
<arg>6</arg>
<arg>9</arg>
<arg>${count}</arg>
</arguments>
<status status="PASS" starttime="20210707 23:02:02.944" endtime="20210707 23:02:02.944"></status>
</kw>
<kw name="Evaluate" library="BuiltIn">
<doc>Evaluates the given expression in Python and returns the result.</doc>
<arguments>
<arg>${len}-${count}</arg>
</arguments>
<assign>
<var>${pending}</var>
</assign>
<msg timestamp="20210707 23:02:02.945" level="INFO">${pending} = 581</msg>
<status status="PASS" starttime="20210707 23:02:02.944" endtime="20210707 23:02:02.945"></status>
</kw>
<kw name="Write Excel Cell" library="ExcelLibrary">
<doc>Writes value to the cell.</doc>
<arguments>
<arg>7</arg>
<arg>9</arg>
<arg>${pending}</arg>
</arguments>
<status status="PASS" starttime="20210707 23:02:02.945" endtime="20210707 23:02:02.945"></status>
</kw>
<kw name="Write Excel Cell" library="ExcelLibrary">
<doc>Writes value to the cell.</doc>
<arguments>
<arg>5</arg>
<arg>9</arg>
<arg>${len}</arg>
</arguments>
[...]
</kw>
<kw name="Run Keyword If" library="BuiltIn">
<doc>Runs the given keyword with the given arguments, if ``condition`` is true.</doc>
<arguments>
<arg>'${status}'=='True'</arg>
<arg>contiune for loop and update count smililar tech</arg>
<arg>${count}</arg>
<arg>${rowcount}</arg>
<arg>${len}</arg>
</arguments>
<status status="PASS" starttime="20210707 23:04:33.616" endtime="20210707 23:04:33.617"></status>
</kw>
<kw name="SimilarTech" library="SimilarTechapp">
<arguments>
<arg>${filename}</arg>
<arg>${rowcount}</arg>
<arg>${outputcolstart}</arg>
</arguments>
<kw name="Open Excel Document" library="ExcelLibrary">
<doc>Opens xlsx document file.</doc>
<arguments>
<arg>${filename}</arg>
<arg>doc_id=id</arg>
</arguments>
<status status="PASS" starttime="20210707 23:04:33.617" endtime="20210707 23:04:33.799"></status>
</kw>
<kw name="Reload Page" library="SeleniumLibrary">
<doc>Simulates user reloading page.</doc>
<status status="PASS" starttime="20210707 23:04:33.800" endtime="20210707 23:04:33.808"></status>
</kw>
<kw name="Run Keyword And Continue On Failure" library="BuiltIn">
<doc>Runs the keyword and continues execution even if a failure occurs.</doc>
<arguments>
<arg>Wait Until Page Contains Element</arg>
<arg>//div[@class="visits-value"]</arg>
<arg>60s</arg>
</arguments>
<kw name="Wait Until Page Contains Element" library="SeleniumLibrary">
<doc>Waits until the element ``locator`` appears on the current page.</doc>
<arguments>
<arg>//div[@class="visits-value"]</arg>
<arg>60s</arg>
</arguments>
<status status="PASS" starttime="20210707 23:04:33.811" endtime="20210707 23:04:42.735"></status>
</kw>
<status status="PASS" starttime="20210707 23:04:33.809" endtime="20210707 23:04:42.736"></status>
</kw>
<kw name="Run Keyword And Continue On Failure" library="BuiltIn">
<doc>Runs the keyword and continues execution even if a failure occurs.</doc>
<arguments>
<arg>get text</arg>
<arg>//div[@class="visits-value"]</arg>
</arguments>
<assign>
<var>${monthlyvisit}</var>
</assign>
<kw name="Get Text" library="SeleniumLibrary">
<doc>Returns the text value of the element identified by ``locator``.</doc>
<arguments>
<arg>//div[@class="visits-value"]</arg>
</arguments>
<status status="PASS" starttime="20210707 23:04:42.737" endtime="20210707 23:04:42.810"></status>
</kw>
<msg timestamp="20210707 23:04:42.811" level="INFO">${monthlyvisit} = 5K</msg>
<status status="PASS" starttime="20210707 23:04:42.736" endtime="20210707 23:04:42.811"></status>
</kw>
<kw name="Run Keyword And Continue On Failure" library="BuiltIn">
<doc>Runs the keyword and continues execution even if a failure occurs.</doc>
<arguments>
<arg>Wait Until Page Contains Element</arg>
<arg>//li[@data-key="direct"]//div[@class="legend-value"]</arg>
<arg>45s</arg>
</arguments>
<kw name="Wait Until Page Contains Element" library="SeleniumLibrary">
<doc>Waits until the element ``locator`` appears on the current page.</doc>
<arguments>
<arg>//li[@data-key="direct"]//div[@class="legend-value"]</arg>
<arg>45s</arg>
</arguments>
<status status="PASS" starttime="20210707 23:04:42.813" endtime="20210707 23:04:42.847"></status>
</kw>
<status status="PASS" starttime="20210707 23:04:42.812" endtime="20210707 23:04:42.847"></status>
</kw>
<kw name="Run Keyword And Continue On Failure" library="BuiltIn">
<doc>Runs the keyword and continues execution even if a failure occurs.</doc>
<arguments>
<arg>get text</arg>
<arg>//li[@data-key="direct"]//div[@class="legend-value"]</arg>
</arguments>
<assign>
<var>${direct}</var>
</assign>
<kw name="Get Text" library="SeleniumLibrary">
<doc>Returns the text value of the element identified by ``locator``.</doc>
<arguments>
<arg>//li[@data-key="direct"]//div[@class="legend-value"]</arg>
</arguments>
<status status="PASS" starttime="20210707 23:04:42.848" endtime="20210707 23:04:42.998"></status>
</kw>
<msg timestamp="20210707 23:04:42.999" level="INFO">${direct} = 36.9%</msg>
<status status="PASS" starttime="20210707 23:04:42.848" endtime="20210707 23:04:43.000"></status>
</kw>
<kw name="Run Keyword And Continue On Failure" library="BuiltIn">
<doc>Runs the keyword and continues execution even if a failure occurs.</doc>
<arguments>
<arg>Wait Until Page Contains Element</arg>
<arg>//li[@data-key="search"]//div[@class="legend-value"]</arg>
</arguments>
<kw name="Wait Until Page Contains Element" library="SeleniumLibrary">
<doc>Waits until the element ``locator`` appears on the current page.</doc>
<arguments>
<arg>//li[@data-key="search"]//div[@class="legend-value"]</arg>
</arguments>
<status status="PASS" starttime="20210707 23:04:43.001" endtime="20210707 23:04:43.017"></status>
</kw>
<status status="PASS" starttime="20210707 23:04:43.000" endtime="20210707 23:04:43.017"></status>
</kw>
<kw name="Run Keyword And Continue On Failure" library="BuiltIn">
<doc>Runs the keyword and continues execution even if a failure occurs.</doc>
<arguments>
<arg>get text</arg>
<arg>//li[@data-key="search"]//div[@class="legend-value"]</arg>
</arguments>
<assign>
<var>${serach}</var>
</assign>
<kw name="Get Text" library="SeleniumLibrary">
<doc>Returns the text value of the element identified by ``locator``.</doc>
<arguments>
<arg>//li[@data-key="search"]//div[@class="legend-value"]</arg>
</arguments>
<status status="PASS" starttime="20210707 23:04:43.018" endtime="20210707 23:04:43.048"></status>
</kw>
<msg timestamp="20210707 23:04:43.048" level="INFO">${serach} = 63.1%</msg>
<status status="PASS" starttime="20210707 23:04:43.018" endtime="20210707 23:04:43.048"></status>
</kw>
<kw name="Run Keyword And Continue On Failure" library="BuiltIn">
<doc>Runs the keyword and continues execution even if a failure occurs.</doc>
<arguments>
<arg>get text</arg>
<arg>//li[@data-key="social"]//div[@class="legend-value"]</arg>
</arguments>
<assign>
<var>${social}</var>
</assign>
<kw name="Get Text" library="SeleniumLibrary">
<doc>Returns the text value of the element identified by ``locator``.</doc>
<arguments>
<arg>//li[@data-key="social"]//div[@class="legend-value"]</arg>
</arguments>
<status status="PASS" starttime="20210707 23:04:43.048" endtime="20210707 23:04:43.080"></status>
</kw>
<msg timestamp="20210707 23:04:43.080" level="INFO">${social} = 0%</msg>
<status status="PASS" starttime="20210707 23:04:43.048" endtime="20210707 23:04:43.080"></status>
</kw>
<kw name="Run Keyword And Continue On Failure" library="BuiltIn">
<doc>Runs the keyword and continues execution even if a failure occurs.</doc>
<arguments>
<arg>get text</arg>
<arg>//li[@data-key="display"]//div[@class="legend-value"]</arg>
</arguments>
<assign>
<var>${display}</var>
</assign>
<kw name="Get Text" library="SeleniumLibrary">
<doc>Returns the text value of the element identified by ``locator``.</doc>
<arguments>
<arg>//li[@data-key="display"]//div[@class="legend-value"]</arg>
</arguments>
<status status="PASS" starttime="20210707 23:04:43.081" endtime="20210707 23:04:43.114"></status>
</kw>
<msg timestamp="20210707 23:04:43.114" level="INFO">${display} = 0%</msg>
<status status="PASS" starttime="20210707 23:04:43.080" endtime="20210707 23:04:43.114"></status>
</kw>
<kw name="Run Keyword And Continue On Failure" library="BuiltIn">
<doc>Runs the keyword and continues execution even if a failure occurs.</doc>
<arguments>
<arg>get text</arg>
<arg>//li[@data-key="referrals"]//div[@class="legend-value"]</arg>
</arguments>
<assign>
<var>${referrals}</var>
</assign>
<kw name="Get Text" library="SeleniumLibrary">
<doc>Returns the text value of the element identified by ``locator``.</doc>
<arguments>
<arg>//li[@data-key="referrals"]//div[@class="legend-value"]</arg>
</arguments>
<status status="PASS" starttime="20210707 23:04:43.114" endtime="20210707 23:04:43.149"></status>
</kw>
<msg timestamp="20210707 23:04:43.149" level="INFO">${referrals} = 0%</msg>
<status status="PASS" starttime="20210707 23:04:43.114" endtime="20210707 23:04:43.149"></status>
</kw>
<kw name="Run Keyword And Continue On Failure" library="BuiltIn">
<doc>Runs the keyword and continues execution even if a failure occurs.</doc>
<arguments>
<arg>get text</arg>
<arg>//li[@data-key="mail"]//div[@class="legend-value"]</arg>
</arguments>
<assign>
<var>${mail}</var>
</assign>
<kw name="Get Text" library="SeleniumLibrary">
<doc>Returns the text value of the element identified by ``locator``.</doc>
<arguments>
<arg>//li[@data-key="mail"]//div[@class="legend-value"]</arg>
</arguments>
<status status="PASS" starttime="20210707 23:04:43.150" endtime="20210707 23:04:43.181"></status>
</kw>
<msg timestamp="20210707 23:04:43.181" level="INFO">${mail} = 0%</msg>
<status status="PASS" starttime="20210707 23:04:43.150" endtime="20210707 23:04:43.181"></status>
</kw>
<kw name="Log To Console" library="BuiltIn">
<doc>Logs the given message to the console.</doc>
<arguments>
<arg>Monthly Visits = ${monthlyvisit}</arg>
</arguments>
<status status="PASS" starttime="20210707 23:04:43.181" endtime="20210707 23:04:43.182"></status>
</kw>
<kw name="Log To Console" library="BuiltIn">
<doc>Logs the given message to the console.</doc>
<arguments>
<arg>Direct = ${direct}</arg>
</arguments>
<status status="PASS" starttime="20210707 23:04:43.182" endtime="20210707 23:04:43.184"></status>
</kw>
<kw name="Log To Console" library="BuiltIn">
<doc>Logs the given message to the console.</doc>
<arguments>
<arg>Search = ${serach}</arg>
</arguments>
<status status="PASS" starttime="20210707 23:04:43.185" endtime="20210707 23:04:43.186"></status>
</kw>
<kw name="Log To Console" library="BuiltIn">
<doc>Logs the given message to the console.</doc>
<arguments>
<arg>Social = ${social}</arg>
</arguments>
<status status="PASS" starttime="20210707 23:04:43.187" endtime="20210707 23:04:43.189"></status>
</kw>
<kw name="Log To Console" library="BuiltIn">
<doc>Logs the given message to the console.</doc>
<arguments>
<arg>Display = ${display}</arg>
</arguments>
<status status="PASS" starttime="20210707 23:04:43.190" endtime="20210707 23:04:43.193"></status>
</kw>
<kw name="Log To Console" library="BuiltIn">
<doc>Logs the given message to the console.</doc>
<arguments>
<arg>Referrals = ${referrals}</arg>
</arguments>
<status status="PASS" starttime="20210707 23:04:43.194" endtime="20210707 23:04:43.202"></status>
</kw>
<kw name="Log To Console" library="BuiltIn">
<doc>Logs the given message to the console.</doc>
<arguments>
<arg>Mail = ${mail}</arg>
</arguments>
<status status="PASS" starttime="20210707 23:04:43.203" endtime="20210707 23:04:43.204"></status>
</kw>
<kw name="Log To Console" library="BuiltIn">
<doc>Logs the given message to the console.</doc>
<arguments>
<arg>*********************************************</arg>
</arguments>
<status status="PASS" starttime="20210707 23:04:43.204" endtime="20210707 23:04:43.205"></status>
</kw>
<kw name="Evaluate" library="BuiltIn">
<doc>Evaluates the given expression in Python and returns the result.</doc>
<arguments>
<arg>${outputColstart}+5</arg>
</arguments>
<assign>
<var>${monthlycol}</var>
</assign>
<msg timestamp="20210707 23:04:43.206" level="INFO">${monthlycol} = 18</msg>
<status status="PASS" starttime="20210707 23:04:43.205" endtime="20210707 23:04:43.206"></status>
</kw>
<kw name="Evaluate" library="BuiltIn">
<doc>Evaluates the given expression in Python and returns the result.</doc>
<arguments>
<arg>${outputColstart}+6</arg>
</arguments>
<assign>
<var>${directcol}</var>
</assign>
<msg timestamp="20210707 23:04:43.207" level="INFO">${directcol} = 19</msg>
<status status="PASS" starttime="20210707 23:04:43.207" endtime="20210707 23:04:43.207"></status>
</kw>
<kw name="Evaluate" library="BuiltIn">
<doc>Evaluates the given expression in Python and returns the result.</doc>
<arguments>
<arg>${outputColstart}+7</arg>
</arguments>
<assign>
<var>${serachcol}</var>
</assign>
<msg timestamp="20210707 23:04:43.208" level="INFO">${serachcol} = 20</msg>
<status status="PASS" starttime="20210707 23:04:43.208" endtime="20210707 23:04:43.208"></status>
</kw>
<kw name="Evaluate" library="BuiltIn">
<doc>Evaluates the given expression in Python and returns the result.</doc>
<arguments>
<arg>${outputColstart}+8</arg>
</arguments>
<assign>
<var>${socialcol}</var>
</assign>
<msg timestamp="20210707 23:04:43.209" level="INFO">${socialcol} = 21</msg>
<status status="PASS" starttime="20210707 23:04:43.208" endtime="20210707 23:04:43.209"></status>
</kw>
<kw name="Evaluate" library="BuiltIn">
<doc>Evaluates the given expression in Python and returns the result.</doc>
<arguments>
<arg>${outputColstart}+9</arg>
</arguments>
<assign>
<var>${displaycol}</var>
</assign>
<msg timestamp="20210707 23:04:43.209" level="INFO">${displaycol} = 22</msg>
<status status="PASS" starttime="20210707 23:04:43.209" endtime="20210707 23:04:43.209"></status>
</kw>
<kw name="Evaluate" library="BuiltIn">
<doc>Evaluates the given expression in Python and returns the result.</doc>
<arguments>
<arg>${outputColstart}+10</arg>
</arguments>
<assign>
<var>${referralscol}</var>
</assign>
<msg timestamp="20210707 23:04:43.212" level="INFO">${referralscol} = 23</msg>
<status status="PASS" starttime="20210707 23:04:43.210" endtime="20210707 23:04:43.212"></status>
</kw>
<kw name="Evaluate" library="BuiltIn">
<doc>Evaluates the given expression in Python and returns the result.</doc>
<arguments>
<arg>${outputColstart}+11</arg>
</arguments>
<assign>
<var>${mailcol}</var>
</assign>
<msg timestamp="20210707 23:04:43.214" level="INFO">${mailcol} = 24</msg>
<status status="PASS" starttime="20210707 23:04:43.212" endtime="20210707 23:04:43.214"></status>
</kw>
<kw name="Write Excel Cell" library="ExcelLibrary">
<doc>Writes value to the cell.</doc>
<arguments>
<arg>${rownum}</arg>
<arg>${monthlycol}</arg>
<arg>${monthlyvisit}</arg>
</arguments>
<status status="PASS" starttime="20210707 23:04:43.215" endtime="20210707 23:04:43.215"></status>
</kw>
<kw name="Write Excel Cell" library="ExcelLibrary">
<doc>Writes value to the cell.</doc>
<arguments>
<arg>${rownum}</arg>
<arg>${directcol}</arg>
<arg>${direct}</arg>
</arguments>
<status status="PASS" starttime="20210707 23:04:43.215" endtime="20210707 23:04:43.216"></status>
</kw>
<kw name="Write Excel Cell" library="ExcelLibrary">
<doc>Writes value to the cell.</doc>
<arguments>
<arg>${rownum}</arg>
<arg>${serachcol}</arg>
<arg>${serach}</arg>
</arguments>
<status status="PASS" starttime="20210707 23:04:43.216" endtime="20210707 23:04:43.216"></status>
</kw>
<kw name="Write Excel Cell" library="ExcelLibrary">
<doc>Writes value to the cell.</doc>
<arguments>
<arg>${rownum}</arg>
<arg>${socialcol}</arg>
<arg>${social}</arg>
</arguments>
<status status="PASS" starttime="20210707 23:04:43.216" endtime="20210707 23:04:43.216"></status>
</kw>
<kw name="Write Excel Cell" library="ExcelLibrary">
<doc>Writes value to the cell.</doc>
<arguments>
<arg>${rownum}</arg>
<arg>${referralscol}</arg>
<arg>${referrals}</arg>
</arguments>
<status status="PASS" starttime="20210707 23:04:43.217" endtime="20210707 23:04:43.217"></status>
</kw>
<kw name="Write Excel Cell" library="ExcelLibrary">
<doc>Writes value to the cell.</doc>
<arguments>
<arg>${rownum}</arg>
<arg>${mailcol}</arg>
<arg>${mail}</arg>
</arguments>
<status status="PASS" starttime="20210707 23:04:43.217" endtime="20210707 23:04:43.217"></status>
</kw>
<kw name="Write Excel Cell" library="ExcelLibrary">
<doc>Writes value to the cell.</doc>
<arguments>
<arg>${rownum}</arg>
<arg>${displaycol}</arg>
<arg>${display}</arg>
</arguments>
<status status="PASS" starttime="20210707 23:04:43.218" endtime="20210707 23:04:43.218"></status>
</kw>
<kw name="Save Excel Document" library="ExcelLibrary">
<doc>Saves the current document to disk.</doc>
<arguments>
<arg>${filename}</arg>
</arguments>
<status status="PASS" starttime="20210707 23:04:43.218" endtime="20210707 23:04:43.510"></status>
</kw>
<kw name="Close Current Excel Document" library="ExcelLibrary">
<doc>Closes current document.</doc>
<status status="PASS" starttime="20210707 23:04:43.510" endtime="20210707 23:04:43.511"></status>
</kw>
<status status="PASS" starttime="20210707 23:04:33.617" endtime="20210707 23:04:43.511"></status>
</kw>
<kw name="Open Excel Document" library="ExcelLibrary">
<doc>Opens xlsx document file.</doc>
<arguments>
<arg>${inputfilepath}</arg>
<arg>doc_id=id</arg>
</arguments>
<status status="PASS" starttime="20210707 23:04:43.511" endtime="20210707 23:04:43.527"></status>
</kw>
<kw name="Write Excel Cell" library="ExcelLibrary">
<doc>Writes value to the cell.</doc>
<arguments>
<arg>4</arg>
<arg>9</arg>
<arg>${rowcount}</arg>
</arguments>
<status status="PASS" starttime="20210707 23:04:43.528" endtime="20210707 23:04:43.529"></status>
</kw>
<kw name="Write Excel Cell" library="ExcelLibrary">
<doc>Writes value to the cell.</doc>
<arguments>
<arg>6</arg>
<arg>9</arg>
<arg>${count}</arg>
</arguments>
<status status="PASS" starttime="20210707 23:04:43.529" endtime="20210707 23:04:43.530"></status>
</kw>
<kw name="Evaluate" library="BuiltIn">
<doc>Evaluates the given expression in Python and returns the result.</doc>
<arguments>
<arg>${len}-${count}</arg>
</arguments>
<assign>
<var>${pending}</var>
</assign>
<msg timestamp="20210707 23:04:43.530" level="INFO">${pending} = 574</msg>
<status status="PASS" starttime="20210707 23:04:43.530" endtime="20210707 23:04:43.530"></status>
</kw>
<kw name="Write Excel Cell" library="ExcelLibrary">
<doc>Writes value to the cell.</doc>
<arguments>
<arg>7</arg>
<arg>9</arg>
<arg>${pending}</arg>
</arguments>
<status status="PASS" starttime="20210707 23:04:43.531" endtime="20210707 23:04:43.531"></status>
</kw>
<kw name="Write Excel Cell" library="ExcelLibrary">
<doc>Writes value to the cell.</doc>
<arguments>
<arg>5</arg>
<arg>9</arg>
<arg>${len}</arg>
</arguments>
<status status="PASS" starttime="20210707 23:04:43.531" endtime="20210707 23:04:43.532"></status>
</kw>
<kw name="Save Excel Document" library="ExcelLibrary">
<doc>Saves the current document to disk.</doc>
<arguments>
<arg>${inputfilepath}</arg>
</arguments>
<status status="PASS" starttime="20210707 23:04:43.532" endtime="20210707 23:04:43.576"></status>
</kw>
<kw name="Close Current Excel Document" library="ExcelLibrary">
<doc>Closes current document.</doc>
<status status="PASS" starttime="20210707 23:04:43.576" endtime="20210707 23:04:43.576"></status>
</kw>
<status status="PASS" starttime="20210707 23:04:16.581" endtime="20210707 23:04:43.576"></status>
</kw>
<status status="FAIL" starttime="20210707 22:58:27.209" endtime="20210707 23:04:43.577"></status>
</kw>
<kw name="Close All Excel Documents" library="ExcelLibrary">
<doc>Closes all opened documents.</doc>
<status status="PASS" starttime="20210707 23:04:43.577" endtime="20210707 23:04:43.577"></status>
</kw>
<kw name="Log To Console" library="BuiltIn">
<doc>Logs the given message to the console.</doc>
<arguments>
<arg>*********************************************************</arg>
</arguments>
<status status="PASS" starttime="20210707 23:04:43.577" endtime="20210707 23:04:43.577"></status>
</kw>
<status status="FAIL" starttime="20210707 22:58:11.659" endtime="20210707 23:04:43.579"></status>
</kw>
<status status="FAIL" starttime="20210707 22:58:11.655" endtime="20210707 23:04:43.581" critical="yes">Several failures occurred:

1) Element '//div[@class="visits-value"]' did not appear in 1 minute.

2) Element with locator '//div[@class="visits-value"]' not found.

3) Element '//li[@data-key="direct"]//div[@class="legend-value"]' did not appear in 45 seconds.

4) Element with locator '//li[@data-key="direct"]//div[@class="legend-value"]' not found.</status>
</test>
<status status="FAIL" starttime="20210707 22:58:10.542" endtime="20210707 23:04:43.585"></status>
</suite>
<statistics>
<total>
<stat pass="0" fail="1">Critical Tests</stat>
<stat pass="0" fail="1">All Tests</stat>
</total>
<tag>
</tag>
<suite>
<stat pass="0" fail="1" id="s1" name="CommonTestSuite">CommonTestSuite</stat>
</suite>
</statistics>
<errors>
</errors>
</robot>
