<?xml version="1.0" encoding="UTF-8"?>
<robot generator="Robot 3.2.1 (Python 3.9.5 on win32)" generated="20210705 12:50:58.667" rpa="false">
<suite id="s1" name="CommonTestSuite" source="D:\SingleBrainDigital\LinkedInDeMo\LinkedInDeMo\src\CommonTestSuite.robot">
<test id="s1-t1" name="SimilarTech">
<kw name="SimilarTech excel Demo">
<kw name="Open Excel Document" library="ExcelLibrary">
<doc>Opens xlsx document file.</doc>
<arguments>
<arg>${inputFilePath}</arg>
<arg>doc_id=inputfile2</arg>
</arguments>
<status status="PASS" starttime="20210705 12:50:59.416" endtime="20210705 12:50:59.428"></status>
</kw>
<kw name="Read Excel Cell" library="ExcelLibrary">
<doc>Returns content of a cell.</doc>
<arguments>
<arg>3</arg>
<arg>9</arg>
</arguments>
<assign>
<var>${websitecolno}</var>
</assign>
<msg timestamp="20210705 12:50:59.428" level="INFO">${websitecolno} = 14</msg>
<status status="PASS" starttime="20210705 12:50:59.428" endtime="20210705 12:50:59.428"></status>
</kw>
<kw name="Read Excel Cell" library="ExcelLibrary">
<doc>Returns content of a cell.</doc>
<arguments>
<arg>14</arg>
<arg>3</arg>
</arguments>
<assign>
<var>${filename}</var>
</assign>
<msg timestamp="20210705 12:50:59.429" level="INFO">${filename} = D:\SingleBrainDigital\LinkedInDeMo\LinkedInDeMo\Assets\Input\Smartscout_Appliance.xlsx</msg>
<status status="PASS" starttime="20210705 12:50:59.429" endtime="20210705 12:50:59.429"></status>
</kw>
<kw name="Log To Console" library="BuiltIn">
<doc>Logs the given message to the console.</doc>
<arguments>
<arg>Reading data from excel file = ${filename}</arg>
</arguments>
<status status="PASS" starttime="20210705 12:50:59.429" endtime="20210705 12:50:59.429"></status>
</kw>
<kw name="Log To Console" library="BuiltIn">
<doc>Logs the given message to the console.</doc>
<arguments>
<arg>Company website column no = ${websitecolno}</arg>
</arguments>
<status status="PASS" starttime="20210705 12:50:59.430" endtime="20210705 12:50:59.430"></status>
</kw>
<kw name="Read Excel Cell" library="ExcelLibrary">
<doc>Returns content of a cell.</doc>
<arguments>
<arg>4</arg>
<arg>9</arg>
</arguments>
<assign>
<var>${currentcolno}</var>
</assign>
<msg timestamp="20210705 12:50:59.430" level="INFO">${currentcolno} = 9</msg>
<status status="PASS" starttime="20210705 12:50:59.430" endtime="20210705 12:50:59.430"></status>
</kw>
<kw name="Read Excel Cell" library="ExcelLibrary">
<doc>Returns content of a cell.</doc>
<arguments>
<arg>5</arg>
<arg>6</arg>
</arguments>
<assign>
<var>${brandscolno}</var>
</assign>
<msg timestamp="20210705 12:50:59.431" level="INFO">${brandscolno} = 2</msg>
<status status="PASS" starttime="20210705 12:50:59.430" endtime="20210705 12:50:59.431"></status>
</kw>
<kw name="Open Excel Document" library="ExcelLibrary">
<doc>Opens xlsx document file.</doc>
<arguments>
<arg>${filename}</arg>
<arg>doc_id=inputfile3</arg>
</arguments>
<status status="PASS" starttime="20210705 12:50:59.431" endtime="20210705 12:50:59.482"></status>
</kw>
<kw name="Read Excel Column" library="ExcelLibrary">
<doc>Returns content of a column from the current sheet of the document.</doc>
<arguments>
<arg>${brandscolno}</arg>
</arguments>
<assign>
<var>${brands}</var>
</assign>
<msg timestamp="20210705 12:50:59.483" level="INFO">${brands} = ['Amazon Brand', 'Frigidaire', 'Empava', 'Cosmo', 'Danby', 'IKICH', 'KOBE Range Hoods', 'NewAir', 'FOTILE', 'Ancona', 'Kenyon', 'Atosa', 'Luma Comfort', 'ZLINE', 'NXR', 'Maxx Ice', 'Kucht', 'FirstBuil...</msg>
<status status="PASS" starttime="20210705 12:50:59.482" endtime="20210705 12:50:59.483"></status>
</kw>
<kw name="Log To Console" library="BuiltIn">
<doc>Logs the given message to the console.</doc>
<arguments>
<arg>Brands = ${brands}</arg>
</arguments>
<status status="PASS" starttime="20210705 12:50:59.483" endtime="20210705 12:50:59.483"></status>
</kw>
<kw name="Read Excel Column" library="ExcelLibrary">
<doc>Returns content of a column from the current sheet of the document.</doc>
<arguments>
<arg>${websitecolno}</arg>
</arguments>
<assign>
<var>${list}</var>
</assign>
<msg timestamp="20210705 12:50:59.484" level="INFO">${list} = [None, 'http://www.frigidaire.com/', 'https://www.linkedin.com/feed/update/urn:li:activity:6754629900080168960/', 'http://www.cosmo.io/', 'http://www.danbyrehab.com/', None, 'http://www.koberangehoods...</msg>
<status status="PASS" starttime="20210705 12:50:59.484" endtime="20210705 12:50:59.484"></status>
</kw>
<kw name="Log To Console" library="BuiltIn">
<doc>Logs the given message to the console.</doc>
<arguments>
<arg>company websites=${list}</arg>
</arguments>
<status status="PASS" starttime="20210705 12:50:59.484" endtime="20210705 12:50:59.485"></status>
</kw>
<kw name="Get Length" library="BuiltIn">
<doc>Returns and logs the length of the given item as an integer.</doc>
<arguments>
<arg>${brands}</arg>
</arguments>
<assign>
<var>${len}</var>
</assign>
<msg timestamp="20210705 12:50:59.485" level="INFO">Length is 60</msg>
<msg timestamp="20210705 12:50:59.485" level="INFO">${len} = 60</msg>
<status status="PASS" starttime="20210705 12:50:59.485" endtime="20210705 12:50:59.485"></status>
</kw>
<kw name="Log To Console" library="BuiltIn">
<doc>Logs the given message to the console.</doc>
<arguments>
<arg>Total Brands= ${len}</arg>
</arguments>
<status status="PASS" starttime="20210705 12:50:59.485" endtime="20210705 12:50:59.486"></status>
</kw>
<kw name="Log To Console" library="BuiltIn">
<doc>Logs the given message to the console.</doc>
<arguments>
<arg>current Row number= ${currentcolno}</arg>
</arguments>
<status status="PASS" starttime="20210705 12:50:59.486" endtime="20210705 12:50:59.486"></status>
</kw>
<kw name="common Open brower" library="CommonKeywords">
<arguments>
<arg>${baseURL}</arg>
</arguments>
<kw name="Evaluate" library="BuiltIn">
<doc>Evaluates the given expression in Python and returns the result.</doc>
<arguments>
<arg>sys.modules['selenium.webdriver'].ChromeOptions()</arg>
<arg>sys, selenium.webdriver</arg>
</arguments>
<assign>
<var>${chrome_options}</var>
</assign>
<msg timestamp="20210705 12:50:59.487" level="INFO">${chrome_options} = &lt;selenium.webdriver.chrome.options.Options object at 0x00000223793B5E50&gt;</msg>
<status status="PASS" starttime="20210705 12:50:59.487" endtime="20210705 12:50:59.487"></status>
</kw>
<kw name="Create Dictionary" library="BuiltIn">
<doc>Creates and returns a dictionary based on the given ``items``.</doc>
<arguments>
<arg>download.default_directory=${downloadDir}</arg>
</arguments>
<assign>
<var>${prefs}</var>
</assign>
<msg timestamp="20210705 12:50:59.488" level="INFO">${prefs} = {'download.default_directory': 'D:\\SingleBrainDigital\\LinkedInDeMo\\LinkedInDeMo\\Assets\\Input'}</msg>
<status status="PASS" starttime="20210705 12:50:59.487" endtime="20210705 12:50:59.488"></status>
</kw>
<kw name="Call Method" library="BuiltIn">
<doc>Calls the named method of the given object with the provided arguments.</doc>
<arguments>
<arg>${chrome_options}</arg>
<arg>add_experimental_option</arg>
<arg>prefs</arg>
<arg>${prefs}</arg>
</arguments>
<status status="PASS" starttime="20210705 12:50:59.488" endtime="20210705 12:50:59.488"></status>
</kw>
<kw name="Call Method" library="BuiltIn">
<doc>Calls the named method of the given object with the provided arguments.</doc>
<arguments>
<arg>${chrome_options}</arg>
<arg>add_argument</arg>
<arg>--disable-gpu</arg>
</arguments>
<status status="PASS" starttime="20210705 12:50:59.488" endtime="20210705 12:50:59.489"></status>
</kw>
<kw name="Log To Console" library="BuiltIn">
<doc>Logs the given message to the console.</doc>
<arguments>
<arg>${EXECDIR}${/}</arg>
</arguments>
<status status="PASS" starttime="20210705 12:50:59.489" endtime="20210705 12:50:59.489"></status>
</kw>
<kw name="Create Dictionary" library="BuiltIn">
<doc>Creates and returns a dictionary based on the given ``items``.</doc>
<arguments>
<arg>browserName=${browserName}</arg>
</arguments>
<assign>
<var>${desired_caps}</var>
</assign>
<msg timestamp="20210705 12:50:59.489" level="INFO">${desired_caps} = {'browserName': 'chrome'}</msg>
<status status="PASS" starttime="20210705 12:50:59.489" endtime="20210705 12:50:59.489"></status>
</kw>
<kw name="Open Browser" library="SeleniumLibrary">
<doc>Opens a new browser instance to the optional ``url``.</doc>
<arguments>
<arg>url=${url}</arg>
<arg>browser=chrome</arg>
<arg>desired_capabilities=${desired_caps}</arg>
<arg>options=${chrome_options}</arg>
<arg>executable_path=${EXECDIR}${/}LinkedInDemo${/}chromedriver.exe</arg>
</arguments>
<msg timestamp="20210705 12:50:59.490" level="INFO">Opening browser 'chrome' to base url 'https://addon.similartech.com/addons/a/1.1.0/chrome/91.0.4472.114/discover?url='.</msg>
<status status="PASS" starttime="20210705 12:50:59.489" endtime="20210705 12:51:27.203"></status>
</kw>
<status status="PASS" starttime="20210705 12:50:59.486" endtime="20210705 12:51:27.204"></status>
</kw>
<kw name="${count} IN RANGE [ ${currentcolno} | ${len} ]" type="for">
<kw name="${count} = 9" type="foritem">
<kw name="Log To Console" library="BuiltIn">
<doc>Logs the given message to the console.</doc>
<arguments>
<arg>*********************************************</arg>
</arguments>
<status status="PASS" starttime="20210705 12:51:27.206" endtime="20210705 12:51:27.206"></status>
</kw>
<kw name="Log To Console" library="BuiltIn">
<doc>Logs the given message to the console.</doc>
<arguments>
<arg>Row Number= ${count}</arg>
</arguments>
<status status="PASS" starttime="20210705 12:51:27.207" endtime="20210705 12:51:27.208"></status>
</kw>
<kw name="Log To Console" library="BuiltIn">
<doc>Logs the given message to the console.</doc>
<arguments>
<arg>Company Name=${list}[${count}]</arg>
</arguments>
<status status="PASS" starttime="20210705 12:51:27.210" endtime="20210705 12:51:27.212"></status>
</kw>
<kw name="Evaluate" library="BuiltIn">
<doc>Evaluates the given expression in Python and returns the result.</doc>
<arguments>
<arg>${count}+1</arg>
</arguments>
<assign>
<var>${rowcount}</var>
</assign>
<msg timestamp="20210705 12:51:27.213" level="INFO">${rowcount} = 10</msg>
<status status="PASS" starttime="20210705 12:51:27.212" endtime="20210705 12:51:27.213"></status>
</kw>
<kw name="Run Keyword If" library="BuiltIn">
<doc>Runs the given keyword with the given arguments, if ``condition`` is true.</doc>
<arguments>
<arg>'${list}[${count}]'=='None'</arg>
<arg>Continue For Loop</arg>
</arguments>
<status status="PASS" starttime="20210705 12:51:27.213" endtime="20210705 12:51:27.213"></status>
</kw>
<kw name="Log To Console" library="BuiltIn">
<doc>Logs the given message to the console.</doc>
<arguments>
<arg>${baseURL}${list}[${count}]</arg>
</arguments>
<status status="PASS" starttime="20210705 12:51:27.213" endtime="20210705 12:51:27.214"></status>
</kw>
<kw name="Go To" library="SeleniumLibrary">
<doc>Navigates the current browser window to the provided ``url``.</doc>
<arguments>
<arg>${baseURL}${list}[${count}]</arg>
</arguments>
<msg timestamp="20210705 12:51:27.214" level="INFO">Opening url 'https://addon.similartech.com/addons/a/1.1.0/chrome/91.0.4472.114/discover?url=http://www.ancona-a.com/'</msg>
<status status="PASS" starttime="20210705 12:51:27.214" endtime="20210705 12:51:30.714"></status>
</kw>
<kw name="Reload Page" library="SeleniumLibrary">
<doc>Simulates user reloading page.</doc>
<status status="PASS" starttime="20210705 12:51:30.714" endtime="20210705 12:51:32.665"></status>
</kw>
<kw name="Sleep" library="BuiltIn">
<doc>Pauses the test executed for the given time.</doc>
<arguments>
<arg>3s</arg>
</arguments>
<msg timestamp="20210705 12:51:35.680" level="INFO">Slept 3 seconds</msg>
<status status="PASS" starttime="20210705 12:51:32.665" endtime="20210705 12:51:35.680"></status>
</kw>
<kw name="Run Keyword And Return Status" library="BuiltIn">
<doc>Runs the given keyword with given arguments and returns the status as a Boolean value.</doc>
<arguments>
<arg>Wait Until Page Contains Element</arg>
<arg>//div[@class="no-data-available"]</arg>
<arg>10s</arg>
</arguments>
<assign>
<var>${status}</var>
</assign>
<kw name="Wait Until Page Contains Element" library="SeleniumLibrary">
<doc>Waits until the element ``locator`` appears on the current page.</doc>
<arguments>
<arg>//div[@class="no-data-available"]</arg>
<arg>10s</arg>
</arguments>
<kw name="Capture Page Screenshot" library="SeleniumLibrary">
<doc>Takes a screenshot of the current page and embeds it into a log file.</doc>
<msg timestamp="20210705 12:51:45.949" level="INFO" html="yes">&lt;/td&gt;&lt;/tr&gt;&lt;tr&gt;&lt;td colspan="3"&gt;&lt;a href="selenium-screenshot-1.png"&gt;&lt;img src="selenium-screenshot-1.png" width="800px"&gt;&lt;/a&gt;</msg>
<status status="PASS" starttime="20210705 12:51:45.851" endtime="20210705 12:51:45.949"></status>
</kw>
<msg timestamp="20210705 12:51:45.949" level="FAIL">Element '//div[@class="no-data-available"]' did not appear in 10 seconds.</msg>
<status status="FAIL" starttime="20210705 12:51:35.680" endtime="20210705 12:51:45.949"></status>
</kw>
<msg timestamp="20210705 12:51:45.949" level="INFO">${status} = False</msg>
<status status="PASS" starttime="20210705 12:51:35.680" endtime="20210705 12:51:45.949"></status>
</kw>
<kw name="Run Keyword If" library="BuiltIn">
<doc>Runs the given keyword with the given arguments, if ``condition`` is true.</doc>
<arguments>
<arg>'${status}'=='True'</arg>
<arg>Continue For Loop</arg>
</arguments>
<status status="PASS" starttime="20210705 12:51:45.949" endtime="20210705 12:51:45.949"></status>
</kw>
<kw name="SimilarTech" library="SimilarTechapp">
<arguments>
<arg>inputfile3</arg>
<arg>${rowcount}</arg>
<arg>${outputcolstart}</arg>
</arguments>
<kw name="Reload Page" library="SeleniumLibrary">
<doc>Simulates user reloading page.</doc>
<status status="PASS" starttime="20210705 12:51:45.949" endtime="20210705 12:51:49.945"></status>
</kw>
<kw name="Run Keyword And Continue On Failure" library="BuiltIn">
<doc>Runs the keyword and continues execution even if a failure occurs.</doc>
<arguments>
<arg>Wait Until Page Contains Element</arg>
<arg>//div[@class="visits-value"]</arg>
<arg>60s</arg>
</arguments>
<kw name="Wait Until Page Contains Element" library="SeleniumLibrary">
<doc>Waits until the element ``locator`` appears on the current page.</doc>
<arguments>
<arg>//div[@class="visits-value"]</arg>
<arg>60s</arg>
</arguments>
<kw name="Capture Page Screenshot" library="SeleniumLibrary">
<doc>Takes a screenshot of the current page and embeds it into a log file.</doc>
<msg timestamp="20210705 12:52:50.224" level="INFO" html="yes">&lt;/td&gt;&lt;/tr&gt;&lt;tr&gt;&lt;td colspan="3"&gt;&lt;a href="selenium-screenshot-2.png"&gt;&lt;img src="selenium-screenshot-2.png" width="800px"&gt;&lt;/a&gt;</msg>
<status status="PASS" starttime="20210705 12:52:50.135" endtime="20210705 12:52:50.224"></status>
</kw>
<msg timestamp="20210705 12:52:50.224" level="FAIL">Element '//div[@class="visits-value"]' did not appear in 1 minute.</msg>
<status status="FAIL" starttime="20210705 12:51:49.945" endtime="20210705 12:52:50.224"></status>
</kw>
<status status="FAIL" starttime="20210705 12:51:49.945" endtime="20210705 12:52:50.224"></status>
</kw>
<kw name="Run Keyword And Continue On Failure" library="BuiltIn">
<doc>Runs the keyword and continues execution even if a failure occurs.</doc>
<arguments>
<arg>get text</arg>
<arg>//div[@class="visits-value"]</arg>
</arguments>
<assign>
<var>${monthlyvisit}</var>
</assign>
<kw name="Get Text" library="SeleniumLibrary">
<doc>Returns the text value of the element identified by ``locator``.</doc>
<arguments>
<arg>//div[@class="visits-value"]</arg>
</arguments>
<kw name="Capture Page Screenshot" library="SeleniumLibrary">
<doc>Takes a screenshot of the current page and embeds it into a log file.</doc>
<msg timestamp="20210705 12:52:50.289" level="INFO" html="yes">&lt;/td&gt;&lt;/tr&gt;&lt;tr&gt;&lt;td colspan="3"&gt;&lt;a href="selenium-screenshot-3.png"&gt;&lt;img src="selenium-screenshot-3.png" width="800px"&gt;&lt;/a&gt;</msg>
<status status="PASS" starttime="20210705 12:52:50.224" endtime="20210705 12:52:50.289"></status>
</kw>
<msg timestamp="20210705 12:52:50.289" level="FAIL">Element with locator '//div[@class="visits-value"]' not found.</msg>
<status status="FAIL" starttime="20210705 12:52:50.224" endtime="20210705 12:52:50.289"></status>
</kw>
<msg timestamp="20210705 12:52:50.289" level="INFO">${monthlyvisit} = None</msg>
<status status="FAIL" starttime="20210705 12:52:50.224" endtime="20210705 12:52:50.289"></status>
</kw>
<kw name="Run Keyword And Continue On Failure" library="BuiltIn">
<doc>Runs the keyword and continues execution even if a failure occurs.</doc>
<arguments>
<arg>Wait Until Page Contains Element</arg>
<arg>//li[@data-key="direct"]//div[@class="legend-value"]</arg>
<arg>45s</arg>
</arguments>
<kw name="Wait Until Page Contains Element" library="SeleniumLibrary">
<doc>Waits until the element ``locator`` appears on the current page.</doc>
<arguments>
<arg>//li[@data-key="direct"]//div[@class="legend-value"]</arg>
<arg>45s</arg>
</arguments>
<kw name="Capture Page Screenshot" library="SeleniumLibrary">
<doc>Takes a screenshot of the current page and embeds it into a log file.</doc>
<msg timestamp="20210705 12:53:35.520" level="INFO" html="yes">&lt;/td&gt;&lt;/tr&gt;&lt;tr&gt;&lt;td colspan="3"&gt;&lt;a href="selenium-screenshot-4.png"&gt;&lt;img src="selenium-screenshot-4.png" width="800px"&gt;&lt;/a&gt;</msg>
<status status="PASS" starttime="20210705 12:53:35.423" endtime="20210705 12:53:35.520"></status>
</kw>
<msg timestamp="20210705 12:53:35.520" level="FAIL">Element '//li[@data-key="direct"]//div[@class="legend-value"]' did not appear in 45 seconds.</msg>
<status status="FAIL" starttime="20210705 12:52:50.289" endtime="20210705 12:53:35.520"></status>
</kw>
<status status="FAIL" starttime="20210705 12:52:50.289" endtime="20210705 12:53:35.520"></status>
</kw>
<kw name="Run Keyword And Continue On Failure" library="BuiltIn">
<doc>Runs the keyword and continues execution even if a failure occurs.</doc>
<arguments>
<arg>get text</arg>
<arg>//li[@data-key="direct"]//div[@class="legend-value"]</arg>
</arguments>
<assign>
<var>${direct}</var>
</assign>
<kw name="Get Text" library="SeleniumLibrary">
<doc>Returns the text value of the element identified by ``locator``.</doc>
<arguments>
<arg>//li[@data-key="direct"]//div[@class="legend-value"]</arg>
</arguments>
<kw name="Capture Page Screenshot" library="SeleniumLibrary">
<doc>Takes a screenshot of the current page and embeds it into a log file.</doc>
<msg timestamp="20210705 12:53:35.603" level="INFO" html="yes">&lt;/td&gt;&lt;/tr&gt;&lt;tr&gt;&lt;td colspan="3"&gt;&lt;a href="selenium-screenshot-5.png"&gt;&lt;img src="selenium-screenshot-5.png" width="800px"&gt;&lt;/a&gt;</msg>
<status status="PASS" starttime="20210705 12:53:35.536" endtime="20210705 12:53:35.603"></status>
</kw>
<msg timestamp="20210705 12:53:35.603" level="FAIL">Element with locator '//li[@data-key="direct"]//div[@class="legend-value"]' not found.</msg>
<status status="FAIL" starttime="20210705 12:53:35.520" endtime="20210705 12:53:35.603"></status>
</kw>
<msg timestamp="20210705 12:53:35.603" level="INFO">${direct} = None</msg>
<status status="FAIL" starttime="20210705 12:53:35.520" endtime="20210705 12:53:35.603"></status>
</kw>
<kw name="Run Keyword And Continue On Failure" library="BuiltIn">
<doc>Runs the keyword and continues execution even if a failure occurs.</doc>
<arguments>
<arg>Wait Until Page Contains Element</arg>
<arg>//li[@data-key="search"]//div[@class="legend-value"]</arg>
</arguments>
<kw name="Wait Until Page Contains Element" library="SeleniumLibrary">
<doc>Waits until the element ``locator`` appears on the current page.</doc>
<arguments>
<arg>//li[@data-key="search"]//div[@class="legend-value"]</arg>
</arguments>
<kw name="Capture Page Screenshot" library="SeleniumLibrary">
<doc>Takes a screenshot of the current page and embeds it into a log file.</doc>
<msg timestamp="20210705 12:53:40.911" level="INFO" html="yes">&lt;/td&gt;&lt;/tr&gt;&lt;tr&gt;&lt;td colspan="3"&gt;&lt;a href="selenium-screenshot-6.png"&gt;&lt;img src="selenium-screenshot-6.png" width="800px"&gt;&lt;/a&gt;</msg>
<status status="PASS" starttime="20210705 12:53:40.822" endtime="20210705 12:53:40.911"></status>
</kw>
<msg timestamp="20210705 12:53:40.911" level="FAIL">Element '//li[@data-key="search"]//div[@class="legend-value"]' did not appear in 5 seconds.</msg>
<status status="FAIL" starttime="20210705 12:53:35.603" endtime="20210705 12:53:40.911"></status>
</kw>
<status status="FAIL" starttime="20210705 12:53:35.603" endtime="20210705 12:53:40.911"></status>
</kw>
<kw name="Run Keyword And Continue On Failure" library="BuiltIn">
<doc>Runs the keyword and continues execution even if a failure occurs.</doc>
<arguments>
<arg>get text</arg>
<arg>//li[@data-key="search"]//div[@class="legend-value"]</arg>
</arguments>
<assign>
<var>${serach}</var>
</assign>
<kw name="Get Text" library="SeleniumLibrary">
<doc>Returns the text value of the element identified by ``locator``.</doc>
<arguments>
<arg>//li[@data-key="search"]//div[@class="legend-value"]</arg>
</arguments>
<kw name="Capture Page Screenshot" library="SeleniumLibrary">
<doc>Takes a screenshot of the current page and embeds it into a log file.</doc>
<msg timestamp="20210705 12:53:40.982" level="INFO" html="yes">&lt;/td&gt;&lt;/tr&gt;&lt;tr&gt;&lt;td colspan="3"&gt;&lt;a href="selenium-screenshot-7.png"&gt;&lt;img src="selenium-screenshot-7.png" width="800px"&gt;&lt;/a&gt;</msg>
<status status="PASS" starttime="20210705 12:53:40.927" endtime="20210705 12:53:40.982"></status>
</kw>
<msg timestamp="20210705 12:53:40.982" level="FAIL">Element with locator '//li[@data-key="search"]//div[@class="legend-value"]' not found.</msg>
<status status="FAIL" starttime="20210705 12:53:40.911" endtime="20210705 12:53:40.982"></status>
</kw>
<msg timestamp="20210705 12:53:40.982" level="INFO">${serach} = None</msg>
<status status="FAIL" starttime="20210705 12:53:40.911" endtime="20210705 12:53:40.982"></status>
</kw>
<kw name="Run Keyword And Continue On Failure" library="BuiltIn">
<doc>Runs the keyword and continues execution even if a failure occurs.</doc>
<arguments>
<arg>get text</arg>
<arg>//li[@data-key="social"]//div[@class="legend-value"]</arg>
</arguments>
<assign>
<var>${social}</var>
</assign>
<kw name="Get Text" library="SeleniumLibrary">
<doc>Returns the text value of the element identified by ``locator``.</doc>
<arguments>
<arg>//li[@data-key="social"]//div[@class="legend-value"]</arg>
</arguments>
<kw name="Capture Page Screenshot" library="SeleniumLibrary">
<doc>Takes a screenshot of the current page and embeds it into a log file.</doc>
<msg timestamp="20210705 12:53:41.065" level="INFO" html="yes">&lt;/td&gt;&lt;/tr&gt;&lt;tr&gt;&lt;td colspan="3"&gt;&lt;a href="selenium-screenshot-8.png"&gt;&lt;img src="selenium-screenshot-8.png" width="800px"&gt;&lt;/a&gt;</msg>
<status status="PASS" starttime="20210705 12:53:40.998" endtime="20210705 12:53:41.065"></status>
</kw>
<msg timestamp="20210705 12:53:41.065" level="FAIL">Element with locator '//li[@data-key="social"]//div[@class="legend-value"]' not found.</msg>
<status status="FAIL" starttime="20210705 12:53:40.982" endtime="20210705 12:53:41.065"></status>
</kw>
<msg timestamp="20210705 12:53:41.065" level="INFO">${social} = None</msg>
<status status="FAIL" starttime="20210705 12:53:40.982" endtime="20210705 12:53:41.065"></status>
</kw>
<kw name="Run Keyword And Continue On Failure" library="BuiltIn">
<doc>Runs the keyword and continues execution even if a failure occurs.</doc>
<arguments>
<arg>get text</arg>
<arg>//li[@data-key="display"]//div[@class="legend-value"]</arg>
</arguments>
<assign>
<var>${display}</var>
</assign>
<kw name="Get Text" library="SeleniumLibrary">
<doc>Returns the text value of the element identified by ``locator``.</doc>
<arguments>
<arg>//li[@data-key="display"]//div[@class="legend-value"]</arg>
</arguments>
<kw name="Capture Page Screenshot" library="SeleniumLibrary">
<doc>Takes a screenshot of the current page and embeds it into a log file.</doc>
<msg timestamp="20210705 12:53:41.148" level="INFO" html="yes">&lt;/td&gt;&lt;/tr&gt;&lt;tr&gt;&lt;td colspan="3"&gt;&lt;a href="selenium-screenshot-9.png"&gt;&lt;img src="selenium-screenshot-9.png" width="800px"&gt;&lt;/a&gt;</msg>
<status status="PASS" starttime="20210705 12:53:41.065" endtime="20210705 12:53:41.148"></status>
</kw>
<msg timestamp="20210705 12:53:41.148" level="FAIL">Element with locator '//li[@data-key="display"]//div[@class="legend-value"]' not found.</msg>
<status status="FAIL" starttime="20210705 12:53:41.065" endtime="20210705 12:53:41.148"></status>
</kw>
<msg timestamp="20210705 12:53:41.148" level="INFO">${display} = None</msg>
<status status="FAIL" starttime="20210705 12:53:41.065" endtime="20210705 12:53:41.148"></status>
</kw>
<kw name="Run Keyword And Continue On Failure" library="BuiltIn">
<doc>Runs the keyword and continues execution even if a failure occurs.</doc>
<arguments>
<arg>get text</arg>
<arg>//li[@data-key="referrals"]//div[@class="legend-value"]</arg>
</arguments>
<assign>
<var>${referrals}</var>
</assign>
<kw name="Get Text" library="SeleniumLibrary">
<doc>Returns the text value of the element identified by ``locator``.</doc>
<arguments>
<arg>//li[@data-key="referrals"]//div[@class="legend-value"]</arg>
</arguments>
<kw name="Capture Page Screenshot" library="SeleniumLibrary">
<doc>Takes a screenshot of the current page and embeds it into a log file.</doc>
<msg timestamp="20210705 12:53:41.217" level="INFO" html="yes">&lt;/td&gt;&lt;/tr&gt;&lt;tr&gt;&lt;td colspan="3"&gt;&lt;a href="selenium-screenshot-10.png"&gt;&lt;img src="selenium-screenshot-10.png" width="800px"&gt;&lt;/a&gt;</msg>
<status status="PASS" starttime="20210705 12:53:41.164" endtime="20210705 12:53:41.217"></status>
</kw>
<msg timestamp="20210705 12:53:41.232" level="FAIL">Element with locator '//li[@data-key="referrals"]//div[@class="legend-value"]' not found.</msg>
<status status="FAIL" starttime="20210705 12:53:41.148" endtime="20210705 12:53:41.232"></status>
</kw>
<msg timestamp="20210705 12:53:41.232" level="INFO">${referrals} = None</msg>
<status status="FAIL" starttime="20210705 12:53:41.148" endtime="20210705 12:53:41.232"></status>
</kw>
<kw name="Run Keyword And Continue On Failure" library="BuiltIn">
<doc>Runs the keyword and continues execution even if a failure occurs.</doc>
<arguments>
<arg>get text</arg>
<arg>//li[@data-key="mail"]//div[@class="legend-value"]</arg>
</arguments>
<assign>
<var>${mail}</var>
</assign>
<kw name="Get Text" library="SeleniumLibrary">
<doc>Returns the text value of the element identified by ``locator``.</doc>
<arguments>
<arg>//li[@data-key="mail"]//div[@class="legend-value"]</arg>
</arguments>
<kw name="Capture Page Screenshot" library="SeleniumLibrary">
<doc>Takes a screenshot of the current page and embeds it into a log file.</doc>
<msg timestamp="20210705 12:53:41.315" level="INFO" html="yes">&lt;/td&gt;&lt;/tr&gt;&lt;tr&gt;&lt;td colspan="3"&gt;&lt;a href="selenium-screenshot-11.png"&gt;&lt;img src="selenium-screenshot-11.png" width="800px"&gt;&lt;/a&gt;</msg>
<status status="PASS" starttime="20210705 12:53:41.232" endtime="20210705 12:53:41.315"></status>
</kw>
<msg timestamp="20210705 12:53:41.315" level="FAIL">Element with locator '//li[@data-key="mail"]//div[@class="legend-value"]' not found.</msg>
<status status="FAIL" starttime="20210705 12:53:41.232" endtime="20210705 12:53:41.315"></status>
</kw>
<msg timestamp="20210705 12:53:41.315" level="INFO">${mail} = None</msg>
<status status="FAIL" starttime="20210705 12:53:41.232" endtime="20210705 12:53:41.315"></status>
</kw>
<kw name="Log To Console" library="BuiltIn">
<doc>Logs the given message to the console.</doc>
<arguments>
<arg>Monthly Visits = ${monthlyvisit}</arg>
</arguments>
<status status="PASS" starttime="20210705 12:53:41.315" endtime="20210705 12:53:41.315"></status>
</kw>
<kw name="Log To Console" library="BuiltIn">
<doc>Logs the given message to the console.</doc>
<arguments>
<arg>Direct = ${direct}</arg>
</arguments>
<status status="PASS" starttime="20210705 12:53:41.315" endtime="20210705 12:53:41.315"></status>
</kw>
<kw name="Log To Console" library="BuiltIn">
<doc>Logs the given message to the console.</doc>
<arguments>
<arg>Search = ${serach}</arg>
</arguments>
<status status="PASS" starttime="20210705 12:53:41.315" endtime="20210705 12:53:41.315"></status>
</kw>
<kw name="Log To Console" library="BuiltIn">
<doc>Logs the given message to the console.</doc>
<arguments>
<arg>Social = ${social}</arg>
</arguments>
<status status="PASS" starttime="20210705 12:53:41.315" endtime="20210705 12:53:41.315"></status>
</kw>
<kw name="Log To Console" library="BuiltIn">
<doc>Logs the given message to the console.</doc>
<arguments>
<arg>Display = ${display}</arg>
</arguments>
<status status="PASS" starttime="20210705 12:53:41.315" endtime="20210705 12:53:41.315"></status>
</kw>
<kw name="Log To Console" library="BuiltIn">
<doc>Logs the given message to the console.</doc>
<arguments>
<arg>Referrals = ${referrals}</arg>
</arguments>
<status status="PASS" starttime="20210705 12:53:41.315" endtime="20210705 12:53:41.315"></status>
</kw>
<kw name="Log To Console" library="BuiltIn">
<doc>Logs the given message to the console.</doc>
<arguments>
<arg>Mail = ${mail}</arg>
</arguments>
<status status="PASS" starttime="20210705 12:53:41.315" endtime="20210705 12:53:41.315"></status>
</kw>
<kw name="Log To Console" library="BuiltIn">
<doc>Logs the given message to the console.</doc>
<arguments>
<arg>*********************************************</arg>
</arguments>
<status status="PASS" starttime="20210705 12:53:41.315" endtime="20210705 12:53:41.315"></status>
</kw>
<kw name="Switch Current Excel Document" library="ExcelLibrary">
<doc>Switches current excel document.</doc>
<arguments>
<arg>${id}</arg>
</arguments>
<status status="PASS" starttime="20210705 12:53:41.315" endtime="20210705 12:53:41.315"></status>
</kw>
<kw name="Evaluate" library="BuiltIn">
<doc>Evaluates the given expression in Python and returns the result.</doc>
<arguments>
<arg>${outputColstart}+5</arg>
</arguments>
<assign>
<var>${monthlycol}</var>
</assign>
<msg timestamp="20210705 12:53:41.315" level="INFO">${monthlycol} = 18</msg>
<status status="PASS" starttime="20210705 12:53:41.315" endtime="20210705 12:53:41.315"></status>
</kw>
<kw name="Evaluate" library="BuiltIn">
<doc>Evaluates the given expression in Python and returns the result.</doc>
<arguments>
<arg>${outputColstart}+6</arg>
</arguments>
<assign>
<var>${directcol}</var>
</assign>
<msg timestamp="20210705 12:53:41.315" level="INFO">${directcol} = 19</msg>
<status status="PASS" starttime="20210705 12:53:41.315" endtime="20210705 12:53:41.315"></status>
</kw>
<kw name="Evaluate" library="BuiltIn">
<doc>Evaluates the given expression in Python and returns the result.</doc>
<arguments>
<arg>${outputColstart}+7</arg>
</arguments>
<assign>
<var>${serachcol}</var>
</assign>
<msg timestamp="20210705 12:53:41.315" level="INFO">${serachcol} = 20</msg>
<status status="PASS" starttime="20210705 12:53:41.315" endtime="20210705 12:53:41.315"></status>
</kw>
<kw name="Evaluate" library="BuiltIn">
<doc>Evaluates the given expression in Python and returns the result.</doc>
<arguments>
<arg>${outputColstart}+8</arg>
</arguments>
<assign>
<var>${socialcol}</var>
</assign>
<msg timestamp="20210705 12:53:41.315" level="INFO">${socialcol} = 21</msg>
<status status="PASS" starttime="20210705 12:53:41.315" endtime="20210705 12:53:41.315"></status>
</kw>
<kw name="Evaluate" library="BuiltIn">
<doc>Evaluates the given expression in Python and returns the result.</doc>
<arguments>
<arg>${outputColstart}+9</arg>
</arguments>
<assign>
<var>${displaycol}</var>
</assign>
<msg timestamp="20210705 12:53:41.331" level="INFO">${displaycol} = 22</msg>
<status status="PASS" starttime="20210705 12:53:41.315" endtime="20210705 12:53:41.331"></status>
</kw>
<kw name="Evaluate" library="BuiltIn">
<doc>Evaluates the given expression in Python and returns the result.</doc>
<arguments>
<arg>${outputColstart}+10</arg>
</arguments>
<assign>
<var>${referralscol}</var>
</assign>
<msg timestamp="20210705 12:53:41.331" level="INFO">${referralscol} = 23</msg>
<status status="PASS" starttime="20210705 12:53:41.331" endtime="20210705 12:53:41.331"></status>
</kw>
<kw name="Evaluate" library="BuiltIn">
<doc>Evaluates the given expression in Python and returns the result.</doc>
<arguments>
<arg>${outputColstart}+11</arg>
</arguments>
<assign>
<var>${mailcol}</var>
</assign>
<msg timestamp="20210705 12:53:41.331" level="INFO">${mailcol} = 24</msg>
<status status="PASS" starttime="20210705 12:53:41.331" endtime="20210705 12:53:41.331"></status>
</kw>
<kw name="Write Excel Cell" library="ExcelLibrary">
<doc>Writes value to the cell.</doc>
<arguments>
<arg>${rownum}</arg>
<arg>${monthlycol}</arg>
<arg>${monthlyvisit}</arg>
</arguments>
<status status="PASS" starttime="20210705 12:53:41.331" endtime="20210705 12:53:41.331"></status>
</kw>
<kw name="Write Excel Cell" library="ExcelLibrary">
<doc>Writes value to the cell.</doc>
<arguments>
<arg>${rownum}</arg>
<arg>${directcol}</arg>
<arg>${direct}</arg>
</arguments>
<status status="PASS" starttime="20210705 12:53:41.331" endtime="20210705 12:53:41.331"></status>
</kw>
<kw name="Write Excel Cell" library="ExcelLibrary">
<doc>Writes value to the cell.</doc>
<arguments>
<arg>${rownum}</arg>
<arg>${serachcol}</arg>
<arg>${serach}</arg>
</arguments>
<status status="PASS" starttime="20210705 12:53:41.331" endtime="20210705 12:53:41.331"></status>
</kw>
<kw name="Write Excel Cell" library="ExcelLibrary">
<doc>Writes value to the cell.</doc>
<arguments>
<arg>${rownum}</arg>
<arg>${socialcol}</arg>
<arg>${social}</arg>
</arguments>
<status status="PASS" starttime="20210705 12:53:41.331" endtime="20210705 12:53:41.331"></status>
</kw>
<kw name="Write Excel Cell" library="ExcelLibrary">
<doc>Writes value to the cell.</doc>
<arguments>
<arg>${rownum}</arg>
<arg>${referralscol}</arg>
<arg>${referrals}</arg>
</arguments>
<status status="PASS" starttime="20210705 12:53:41.331" endtime="20210705 12:53:41.331"></status>
</kw>
<kw name="Write Excel Cell" library="ExcelLibrary">
<doc>Writes value to the cell.</doc>
<arguments>
<arg>${rownum}</arg>
<arg>${mailcol}</arg>
<arg>${mail}</arg>
</arguments>
<status status="PASS" starttime="20210705 12:53:41.331" endtime="20210705 12:53:41.331"></status>
</kw>
<kw name="Write Excel Cell" library="ExcelLibrary">
<doc>Writes value to the cell.</doc>
<arguments>
<arg>${rownum}</arg>
<arg>${displaycol}</arg>
<arg>${display}</arg>
</arguments>
<status status="PASS" starttime="20210705 12:53:41.331" endtime="20210705 12:53:41.331"></status>
</kw>
<status status="FAIL" starttime="20210705 12:51:45.949" endtime="20210705 12:53:41.331"></status>
</kw>
<kw name="Save Excel Document" library="ExcelLibrary">
<doc>Saves the current document to disk.</doc>
<arguments>
<arg>${filename}</arg>
</arguments>
<status status="PASS" starttime="20210705 12:53:41.331" endtime="20210705 12:53:41.393"></status>
</kw>
<kw name="Switch Current Excel Document" library="ExcelLibrary">
<doc>Switches current excel document.</doc>
<arguments>
<arg>doc_id=inputfile2</arg>
</arguments>
<status status="PASS" starttime="20210705 12:53:41.393" endtime="20210705 12:53:41.393"></status>
</kw>
<kw name="Write Excel Cell" library="ExcelLibrary">
<doc>Writes value to the cell.</doc>
<arguments>
<arg>4</arg>
<arg>9</arg>
<arg>${rowcount}</arg>
</arguments>
<status status="PASS" starttime="20210705 12:53:41.393" endtime="20210705 12:53:41.393"></status>
</kw>
<kw name="Save Excel Document" library="ExcelLibrary">
<doc>Saves the current document to disk.</doc>
<arguments>
<arg>${inputfilepath}</arg>
</arguments>
<status status="PASS" starttime="20210705 12:53:41.393" endtime="20210705 12:53:41.440"></status>
</kw>
<kw name="Switch Current Excel Document" library="ExcelLibrary">
<doc>Switches current excel document.</doc>
<arguments>
<arg>inputfile3</arg>
</arguments>
<status status="PASS" starttime="20210705 12:53:41.440" endtime="20210705 12:53:41.440"></status>
</kw>
<status status="FAIL" starttime="20210705 12:51:27.205" endtime="20210705 12:53:41.440"></status>
</kw>
<kw name="${count} = 10" type="foritem">
<kw name="Log To Console" library="BuiltIn">
<doc>Logs the given message to the console.</doc>
<arguments>
<arg>*********************************************</arg>
</arguments>
<status status="PASS" starttime="20210705 12:53:41.440" endtime="20210705 12:53:41.440"></status>
</kw>
<kw name="Log To Console" library="BuiltIn">
<doc>Logs the given message to the console.</doc>
<arguments>
<arg>Row Number= ${count}</arg>
</arguments>
<status status="PASS" starttime="20210705 12:53:41.440" endtime="20210705 12:53:41.440"></status>
</kw>
<kw name="Log To Console" library="BuiltIn">
<doc>Logs the given message to the console.</doc>
<arguments>
<arg>Company Name=${list}[${count}]</arg>
</arguments>
<status status="PASS" starttime="20210705 12:53:41.440" endtime="20210705 12:53:41.440"></status>
</kw>
<kw name="Evaluate" library="BuiltIn">
<doc>Evaluates the given expression in Python and returns the result.</doc>
<arguments>
<arg>${count}+1</arg>
</arguments>
<assign>
<var>${rowcount}</var>
</assign>
<msg timestamp="20210705 12:53:41.440" level="INFO">${rowcount} = 11</msg>
<status status="PASS" starttime="20210705 12:53:41.440" endtime="20210705 12:53:41.440"></status>
</kw>
<kw name="Run Keyword If" library="BuiltIn">
<doc>Runs the given keyword with the given arguments, if ``condition`` is true.</doc>
<arguments>
<arg>'${list}[${count}]'=='None'</arg>
<arg>Continue For Loop</arg>
</arguments>
<kw name="Continue For Loop" library="BuiltIn">
<doc>Skips the current for loop iteration and continues from the next.</doc>
<msg timestamp="20210705 12:53:41.440" level="INFO">Continuing for loop from the next iteration.</msg>
<status status="PASS" starttime="20210705 12:53:41.440" endtime="20210705 12:53:41.440"></status>
</kw>
<status status="PASS" starttime="20210705 12:53:41.440" endtime="20210705 12:53:41.440"></status>
</kw>
<status status="PASS" starttime="20210705 12:53:41.440" endtime="20210705 12:53:41.440"></status>
</kw>
<kw name="${count} = 11" type="foritem">
<kw name="Log To Console" library="BuiltIn">
<doc>Logs the given message to the console.</doc>
<arguments>
<arg>*********************************************</arg>
</arguments>
<status status="PASS" starttime="20210705 12:53:41.440" endtime="20210705 12:53:41.440"></status>
</kw>
<kw name="Log To Console" library="BuiltIn">
<doc>Logs the given message to the console.</doc>
<arguments>
<arg>Row Number= ${count}</arg>
</arguments>
<status status="PASS" starttime="20210705 12:53:41.440" endtime="20210705 12:53:41.440"></status>
</kw>
<kw name="Log To Console" library="BuiltIn">
<doc>Logs the given message to the console.</doc>
<arguments>
<arg>Company Name=${list}[${count}]</arg>
</arguments>
<status status="PASS" starttime="20210705 12:53:41.440" endtime="20210705 12:53:41.440"></status>
</kw>
<kw name="Evaluate" library="BuiltIn">
<doc>Evaluates the given expression in Python and returns the result.</doc>
<arguments>
<arg>${count}+1</arg>
</arguments>
<assign>
<var>${rowcount}</var>
</assign>
<msg timestamp="20210705 12:53:41.440" level="INFO">${rowcount} = 12</msg>
<status status="PASS" starttime="20210705 12:53:41.440" endtime="20210705 12:53:41.440"></status>
</kw>
<kw name="Run Keyword If" library="BuiltIn">
<doc>Runs the given keyword with the given arguments, if ``condition`` is true.</doc>
<arguments>
<arg>'${list}[${count}]'=='None'</arg>
<arg>Continue For Loop</arg>
</arguments>
<status status="PASS" starttime="20210705 12:53:41.440" endtime="20210705 12:53:41.440"></status>
</kw>
<kw name="Log To Console" library="BuiltIn">
<doc>Logs the given message to the console.</doc>
<arguments>
<arg>${baseURL}${list}[${count}]</arg>
</arguments>
<status status="PASS" starttime="20210705 12:53:41.440" endtime="20210705 12:53:41.440"></status>
</kw>
<kw name="Go To" library="SeleniumLibrary">
<doc>Navigates the current browser window to the provided ``url``.</doc>
<arguments>
<arg>${baseURL}${list}[${count}]</arg>
</arguments>
<msg timestamp="20210705 12:53:41.440" level="INFO">Opening url 'https://addon.similartech.com/addons/a/1.1.0/chrome/91.0.4472.114/discover?url=http://www.ibm.com/'</msg>
<status status="PASS" starttime="20210705 12:53:41.440" endtime="20210705 12:53:44.317"></status>
</kw>
<kw name="Reload Page" library="SeleniumLibrary">
<doc>Simulates user reloading page.</doc>
<status status="PASS" starttime="20210705 12:53:44.317" endtime="20210705 12:53:47.083"></status>
</kw>
<kw name="Sleep" library="BuiltIn">
<doc>Pauses the test executed for the given time.</doc>
<arguments>
<arg>3s</arg>
</arguments>
<msg timestamp="20210705 12:53:50.087" level="INFO">Slept 3 seconds</msg>
<status status="PASS" starttime="20210705 12:53:47.083" endtime="20210705 12:53:50.087"></status>
</kw>
<kw name="Run Keyword And Return Status" library="BuiltIn">
<doc>Runs the given keyword with given arguments and returns the status as a Boolean value.</doc>
<arguments>
<arg>Wait Until Page Contains Element</arg>
<arg>//div[@class="no-data-available"]</arg>
<arg>10s</arg>
</arguments>
<assign>
<var>${status}</var>
</assign>
<kw name="Wait Until Page Contains Element" library="SeleniumLibrary">
<doc>Waits until the element ``locator`` appears on the current page.</doc>
<arguments>
<arg>//div[@class="no-data-available"]</arg>
<arg>10s</arg>
</arguments>
<kw name="Capture Page Screenshot" library="SeleniumLibrary">
<doc>Takes a screenshot of the current page and embeds it into a log file.</doc>
<msg timestamp="20210705 12:54:00.267" level="INFO" html="yes">&lt;/td&gt;&lt;/tr&gt;&lt;tr&gt;&lt;td colspan="3"&gt;&lt;a href="selenium-screenshot-12.png"&gt;&lt;img src="selenium-screenshot-12.png" width="800px"&gt;&lt;/a&gt;</msg>
<status status="PASS" starttime="20210705 12:54:00.152" endtime="20210705 12:54:00.267"></status>
</kw>
<msg timestamp="20210705 12:54:00.268" level="FAIL">Element '//div[@class="no-data-available"]' did not appear in 10 seconds.</msg>
<status status="FAIL" starttime="20210705 12:53:50.087" endtime="20210705 12:54:00.268"></status>
</kw>
<msg timestamp="20210705 12:54:00.269" level="INFO">${status} = False</msg>
<status status="PASS" starttime="20210705 12:53:50.087" endtime="20210705 12:54:00.269"></status>
</kw>
<kw name="Run Keyword If" library="BuiltIn">
<doc>Runs the given keyword with the given arguments, if ``condition`` is true.</doc>
<arguments>
<arg>'${status}'=='True'</arg>
<arg>Continue For Loop</arg>
</arguments>
<status status="PASS" starttime="20210705 12:54:00.269" endtime="20210705 12:54:00.269"></status>
</kw>
<kw name="SimilarTech" library="SimilarTechapp">
<arguments>
<arg>inputfile3</arg>
<arg>${rowcount}</arg>
<arg>${outputcolstart}</arg>
</arguments>
<kw name="Reload Page" library="SeleniumLibrary">
<doc>Simulates user reloading page.</doc>
<status status="PASS" starttime="20210705 12:54:00.270" endtime="20210705 12:54:00.278"></status>
</kw>
<kw name="Run Keyword And Continue On Failure" library="BuiltIn">
<doc>Runs the keyword and continues execution even if a failure occurs.</doc>
<arguments>
<arg>Wait Until Page Contains Element</arg>
<arg>//div[@class="visits-value"]</arg>
<arg>60s</arg>
</arguments>
<kw name="Wait Until Page Contains Element" library="SeleniumLibrary">
<doc>Waits until the element ``locator`` appears on the current page.</doc>
<arguments>
<arg>//div[@class="visits-value"]</arg>
<arg>60s</arg>
</arguments>
<status status="PASS" starttime="20210705 12:54:00.279" endtime="20210705 12:54:11.409"></status>
</kw>
<status status="PASS" starttime="20210705 12:54:00.278" endtime="20210705 12:54:11.409"></status>
</kw>
<kw name="Run Keyword And Continue On Failure" library="BuiltIn">
<doc>Runs the keyword and continues execution even if a failure occurs.</doc>
<arguments>
<arg>get text</arg>
<arg>//div[@class="visits-value"]</arg>
</arguments>
<assign>
<var>${monthlyvisit}</var>
</assign>
<kw name="Get Text" library="SeleniumLibrary">
<doc>Returns the text value of the element identified by ``locator``.</doc>
<arguments>
<arg>//div[@class="visits-value"]</arg>
</arguments>
<status status="PASS" starttime="20210705 12:54:11.410" endtime="20210705 12:54:11.443"></status>
</kw>
<msg timestamp="20210705 12:54:11.443" level="INFO">${monthlyvisit} = 25.7M</msg>
<status status="PASS" starttime="20210705 12:54:11.409" endtime="20210705 12:54:11.443"></status>
</kw>
<kw name="Run Keyword And Continue On Failure" library="BuiltIn">
<doc>Runs the keyword and continues execution even if a failure occurs.</doc>
<arguments>
<arg>Wait Until Page Contains Element</arg>
<arg>//li[@data-key="direct"]//div[@class="legend-value"]</arg>
<arg>45s</arg>
</arguments>
<kw name="Wait Until Page Contains Element" library="SeleniumLibrary">
<doc>Waits until the element ``locator`` appears on the current page.</doc>
<arguments>
<arg>//li[@data-key="direct"]//div[@class="legend-value"]</arg>
<arg>45s</arg>
</arguments>
<status status="PASS" starttime="20210705 12:54:11.444" endtime="20210705 12:54:11.461"></status>
</kw>
<status status="PASS" starttime="20210705 12:54:11.444" endtime="20210705 12:54:11.461"></status>
</kw>
<kw name="Run Keyword And Continue On Failure" library="BuiltIn">
<doc>Runs the keyword and continues execution even if a failure occurs.</doc>
<arguments>
<arg>get text</arg>
<arg>//li[@data-key="direct"]//div[@class="legend-value"]</arg>
</arguments>
<assign>
<var>${direct}</var>
</assign>
<kw name="Get Text" library="SeleniumLibrary">
<doc>Returns the text value of the element identified by ``locator``.</doc>
<arguments>
<arg>//li[@data-key="direct"]//div[@class="legend-value"]</arg>
</arguments>
<status status="PASS" starttime="20210705 12:54:11.462" endtime="20210705 12:54:11.511"></status>
</kw>
<msg timestamp="20210705 12:54:11.511" level="INFO">${direct} = 34.8%</msg>
<status status="PASS" starttime="20210705 12:54:11.461" endtime="20210705 12:54:11.512"></status>
</kw>
<kw name="Run Keyword And Continue On Failure" library="BuiltIn">
<doc>Runs the keyword and continues execution even if a failure occurs.</doc>
<arguments>
<arg>Wait Until Page Contains Element</arg>
<arg>//li[@data-key="search"]//div[@class="legend-value"]</arg>
</arguments>
<kw name="Wait Until Page Contains Element" library="SeleniumLibrary">
<doc>Waits until the element ``locator`` appears on the current page.</doc>
<arguments>
<arg>//li[@data-key="search"]//div[@class="legend-value"]</arg>
</arguments>
<status status="PASS" starttime="20210705 12:54:11.512" endtime="20210705 12:54:11.524"></status>
</kw>
<status status="PASS" starttime="20210705 12:54:11.512" endtime="20210705 12:54:11.524"></status>
</kw>
<kw name="Run Keyword And Continue On Failure" library="BuiltIn">
<doc>Runs the keyword and continues execution even if a failure occurs.</doc>
<arguments>
<arg>get text</arg>
<arg>//li[@data-key="search"]//div[@class="legend-value"]</arg>
</arguments>
<assign>
<var>${serach}</var>
</assign>
<kw name="Get Text" library="SeleniumLibrary">
<doc>Returns the text value of the element identified by ``locator``.</doc>
<arguments>
<arg>//li[@data-key="search"]//div[@class="legend-value"]</arg>
</arguments>
<status status="PASS" starttime="20210705 12:54:11.525" endtime="20210705 12:54:11.543"></status>
</kw>
<msg timestamp="20210705 12:54:11.543" level="INFO">${serach} = 47%</msg>
<status status="PASS" starttime="20210705 12:54:11.524" endtime="20210705 12:54:11.543"></status>
</kw>
<kw name="Run Keyword And Continue On Failure" library="BuiltIn">
<doc>Runs the keyword and continues execution even if a failure occurs.</doc>
<arguments>
<arg>get text</arg>
<arg>//li[@data-key="social"]//div[@class="legend-value"]</arg>
</arguments>
<assign>
<var>${social}</var>
</assign>
<kw name="Get Text" library="SeleniumLibrary">
<doc>Returns the text value of the element identified by ``locator``.</doc>
<arguments>
<arg>//li[@data-key="social"]//div[@class="legend-value"]</arg>
</arguments>
<status status="PASS" starttime="20210705 12:54:11.543" endtime="20210705 12:54:11.566"></status>
</kw>
<msg timestamp="20210705 12:54:11.566" level="INFO">${social} = 3.4%</msg>
<status status="PASS" starttime="20210705 12:54:11.543" endtime="20210705 12:54:11.566"></status>
</kw>
<kw name="Run Keyword And Continue On Failure" library="BuiltIn">
<doc>Runs the keyword and continues execution even if a failure occurs.</doc>
<arguments>
<arg>get text</arg>
<arg>//li[@data-key="display"]//div[@class="legend-value"]</arg>
</arguments>
<assign>
<var>${display}</var>
</assign>
<kw name="Get Text" library="SeleniumLibrary">
<doc>Returns the text value of the element identified by ``locator``.</doc>
<arguments>
<arg>//li[@data-key="display"]//div[@class="legend-value"]</arg>
</arguments>
<status status="PASS" starttime="20210705 12:54:11.567" endtime="20210705 12:54:11.589"></status>
</kw>
<msg timestamp="20210705 12:54:11.589" level="INFO">${display} = 0.6%</msg>
<status status="PASS" starttime="20210705 12:54:11.566" endtime="20210705 12:54:11.589"></status>
</kw>
<kw name="Run Keyword And Continue On Failure" library="BuiltIn">
<doc>Runs the keyword and continues execution even if a failure occurs.</doc>
<arguments>
<arg>get text</arg>
<arg>//li[@data-key="referrals"]//div[@class="legend-value"]</arg>
</arguments>
<assign>
<var>${referrals}</var>
</assign>
<kw name="Get Text" library="SeleniumLibrary">
<doc>Returns the text value of the element identified by ``locator``.</doc>
<arguments>
<arg>//li[@data-key="referrals"]//div[@class="legend-value"]</arg>
</arguments>
<status status="PASS" starttime="20210705 12:54:11.590" endtime="20210705 12:54:11.612"></status>
</kw>
<msg timestamp="20210705 12:54:11.612" level="INFO">${referrals} = 11.8%</msg>
<status status="PASS" starttime="20210705 12:54:11.589" endtime="20210705 12:54:11.612"></status>
</kw>
<kw name="Run Keyword And Continue On Failure" library="BuiltIn">
<doc>Runs the keyword and continues execution even if a failure occurs.</doc>
<arguments>
<arg>get text</arg>
<arg>//li[@data-key="mail"]//div[@class="legend-value"]</arg>
</arguments>
<assign>
<var>${mail}</var>
</assign>
<kw name="Get Text" library="SeleniumLibrary">
<doc>Returns the text value of the element identified by ``locator``.</doc>
<arguments>
<arg>//li[@data-key="mail"]//div[@class="legend-value"]</arg>
</arguments>
<status status="PASS" starttime="20210705 12:54:11.613" endtime="20210705 12:54:11.636"></status>
</kw>
<msg timestamp="20210705 12:54:11.636" level="INFO">${mail} = 2.3%</msg>
<status status="PASS" starttime="20210705 12:54:11.612" endtime="20210705 12:54:11.636"></status>
</kw>
<kw name="Log To Console" library="BuiltIn">
<doc>Logs the given message to the console.</doc>
<arguments>
<arg>Monthly Visits = ${monthlyvisit}</arg>
</arguments>
<status status="PASS" starttime="20210705 12:54:11.636" endtime="20210705 12:54:11.637"></status>
</kw>
<kw name="Log To Console" library="BuiltIn">
<doc>Logs the given message to the console.</doc>
<arguments>
<arg>Direct = ${direct}</arg>
</arguments>
<status status="PASS" starttime="20210705 12:54:11.637" endtime="20210705 12:54:11.638"></status>
</kw>
<kw name="Log To Console" library="BuiltIn">
<doc>Logs the given message to the console.</doc>
<arguments>
<arg>Search = ${serach}</arg>
</arguments>
<status status="PASS" starttime="20210705 12:54:11.639" endtime="20210705 12:54:11.641"></status>
</kw>
<kw name="Log To Console" library="BuiltIn">
<doc>Logs the given message to the console.</doc>
<arguments>
<arg>Social = ${social}</arg>
</arguments>
<status status="PASS" starttime="20210705 12:54:11.641" endtime="20210705 12:54:11.642"></status>
</kw>
<kw name="Log To Console" library="BuiltIn">
<doc>Logs the given message to the console.</doc>
<arguments>
<arg>Display = ${display}</arg>
</arguments>
<status status="PASS" starttime="20210705 12:54:11.642" endtime="20210705 12:54:11.643"></status>
</kw>
<kw name="Log To Console" library="BuiltIn">
<doc>Logs the given message to the console.</doc>
<arguments>
<arg>Referrals = ${referrals}</arg>
</arguments>
<status status="PASS" starttime="20210705 12:54:11.643" endtime="20210705 12:54:11.643"></status>
</kw>
<kw name="Log To Console" library="BuiltIn">
<doc>Logs the given message to the console.</doc>
<arguments>
<arg>Mail = ${mail}</arg>
</arguments>
<status status="PASS" starttime="20210705 12:54:11.644" endtime="20210705 12:54:11.644"></status>
</kw>
<kw name="Log To Console" library="BuiltIn">
<doc>Logs the given message to the console.</doc>
<arguments>
<arg>*********************************************</arg>
</arguments>
<status status="PASS" starttime="20210705 12:54:11.644" endtime="20210705 12:54:11.645"></status>
</kw>
<kw name="Switch Current Excel Document" library="ExcelLibrary">
<doc>Switches current excel document.</doc>
<arguments>
<arg>${id}</arg>
</arguments>
<status status="PASS" starttime="20210705 12:54:11.645" endtime="20210705 12:54:11.645"></status>
</kw>
<kw name="Evaluate" library="BuiltIn">
<doc>Evaluates the given expression in Python and returns the result.</doc>
<arguments>
<arg>${outputColstart}+5</arg>
</arguments>
<assign>
<var>${monthlycol}</var>
</assign>
<msg timestamp="20210705 12:54:11.646" level="INFO">${monthlycol} = 18</msg>
<status status="PASS" starttime="20210705 12:54:11.645" endtime="20210705 12:54:11.646"></status>
</kw>
<kw name="Evaluate" library="BuiltIn">
<doc>Evaluates the given expression in Python and returns the result.</doc>
<arguments>
<arg>${outputColstart}+6</arg>
</arguments>
<assign>
<var>${directcol}</var>
</assign>
<msg timestamp="20210705 12:54:11.646" level="INFO">${directcol} = 19</msg>
<status status="PASS" starttime="20210705 12:54:11.646" endtime="20210705 12:54:11.646"></status>
</kw>
<kw name="Evaluate" library="BuiltIn">
<doc>Evaluates the given expression in Python and returns the result.</doc>
<arguments>
<arg>${outputColstart}+7</arg>
</arguments>
<assign>
<var>${serachcol}</var>
</assign>
<msg timestamp="20210705 12:54:11.647" level="INFO">${serachcol} = 20</msg>
<status status="PASS" starttime="20210705 12:54:11.646" endtime="20210705 12:54:11.647"></status>
</kw>
<kw name="Evaluate" library="BuiltIn">
<doc>Evaluates the given expression in Python and returns the result.</doc>
<arguments>
<arg>${outputColstart}+8</arg>
</arguments>
<assign>
<var>${socialcol}</var>
</assign>
<msg timestamp="20210705 12:54:11.647" level="INFO">${socialcol} = 21</msg>
<status status="PASS" starttime="20210705 12:54:11.647" endtime="20210705 12:54:11.647"></status>
</kw>
<kw name="Evaluate" library="BuiltIn">
<doc>Evaluates the given expression in Python and returns the result.</doc>
<arguments>
<arg>${outputColstart}+9</arg>
</arguments>
<assign>
<var>${displaycol}</var>
</assign>
<msg timestamp="20210705 12:54:11.649" level="INFO">${displaycol} = 22</msg>
<status status="PASS" starttime="20210705 12:54:11.648" endtime="20210705 12:54:11.649"></status>
</kw>
<kw name="Evaluate" library="BuiltIn">
<doc>Evaluates the given expression in Python and returns the result.</doc>
<arguments>
<arg>${outputColstart}+10</arg>
</arguments>
<assign>
<var>${referralscol}</var>
</assign>
<msg timestamp="20210705 12:54:11.651" level="INFO">${referralscol} = 23</msg>
<status status="PASS" starttime="20210705 12:54:11.650" endtime="20210705 12:54:11.651"></status>
</kw>
<kw name="Evaluate" library="BuiltIn">
<doc>Evaluates the given expression in Python and returns the result.</doc>
<arguments>
<arg>${outputColstart}+11</arg>
</arguments>
<assign>
<var>${mailcol}</var>
</assign>
<msg timestamp="20210705 12:54:11.652" level="INFO">${mailcol} = 24</msg>
<status status="PASS" starttime="20210705 12:54:11.651" endtime="20210705 12:54:11.652"></status>
</kw>
<kw name="Write Excel Cell" library="ExcelLibrary">
<doc>Writes value to the cell.</doc>
<arguments>
<arg>${rownum}</arg>
<arg>${monthlycol}</arg>
<arg>${monthlyvisit}</arg>
</arguments>
<status status="PASS" starttime="20210705 12:54:11.652" endtime="20210705 12:54:11.652"></status>
</kw>
<kw name="Write Excel Cell" library="ExcelLibrary">
<doc>Writes value to the cell.</doc>
<arguments>
<arg>${rownum}</arg>
<arg>${directcol}</arg>
<arg>${direct}</arg>
</arguments>
<status status="PASS" starttime="20210705 12:54:11.653" endtime="20210705 12:54:11.653"></status>
</kw>
<kw name="Write Excel Cell" library="ExcelLibrary">
<doc>Writes value to the cell.</doc>
<arguments>
<arg>${rownum}</arg>
<arg>${serachcol}</arg>
<arg>${serach}</arg>
</arguments>
<status status="PASS" starttime="20210705 12:54:11.653" endtime="20210705 12:54:11.653"></status>
</kw>
<kw name="Write Excel Cell" library="ExcelLibrary">
<doc>Writes value to the cell.</doc>
<arguments>
<arg>${rownum}</arg>
<arg>${socialcol}</arg>
<arg>${social}</arg>
</arguments>
<status status="PASS" starttime="20210705 12:54:11.654" endtime="20210705 12:54:11.654"></status>
</kw>
<kw name="Write Excel Cell" library="ExcelLibrary">
<doc>Writes value to the cell.</doc>
<arguments>
<arg>${rownum}</arg>
<arg>${referralscol}</arg>
<arg>${referrals}</arg>
</arguments>
<status status="PASS" starttime="20210705 12:54:11.654" endtime="20210705 12:54:11.654"></status>
</kw>
<kw name="Write Excel Cell" library="ExcelLibrary">
<doc>Writes value to the cell.</doc>
<arguments>
<arg>${rownum}</arg>
<arg>${mailcol}</arg>
<arg>${mail}</arg>
</arguments>
<status status="PASS" starttime="20210705 12:54:11.654" endtime="20210705 12:54:11.655"></status>
</kw>
<kw name="Write Excel Cell" library="ExcelLibrary">
<doc>Writes value to the cell.</doc>
<arguments>
<arg>${rownum}</arg>
<arg>${displaycol}</arg>
<arg>${display}</arg>
</arguments>
<status status="PASS" starttime="20210705 12:54:11.655" endtime="20210705 12:54:11.655"></status>
</kw>
<status status="PASS" starttime="20210705 12:54:00.270" endtime="20210705 12:54:11.655"></status>
</kw>
<kw name="Save Excel Document" library="ExcelLibrary">
<doc>Saves the current document to disk.</doc>
<arguments>
<arg>${filename}</arg>
</arguments>
<status status="PASS" starttime="20210705 12:54:11.656" endtime="20210705 12:54:11.712"></status>
</kw>
<kw name="Switch Current Excel Document" library="ExcelLibrary">
<doc>Switches current excel document.</doc>
<arguments>
<arg>doc_id=inputfile2</arg>
</arguments>
<status status="PASS" starttime="20210705 12:54:11.712" endtime="20210705 12:54:11.713"></status>
</kw>
<kw name="Write Excel Cell" library="ExcelLibrary">
<doc>Writes value to the cell.</doc>
<arguments>
<arg>4</arg>
<arg>9</arg>
<arg>${rowcount}</arg>
</arguments>
<status status="PASS" starttime="20210705 12:54:11.713" endtime="20210705 12:54:11.713"></status>
</kw>
<kw name="Save Excel Document" library="ExcelLibrary">
<doc>Saves the current document to disk.</doc>
<arguments>
<arg>${inputfilepath}</arg>
</arguments>
<status status="PASS" starttime="20210705 12:54:11.713" endtime="20210705 12:54:11.749"></status>
</kw>
<kw name="Switch Current Excel Document" library="ExcelLibrary">
<doc>Switches current excel document.</doc>
<arguments>
<arg>inputfile3</arg>
</arguments>
<status status="PASS" starttime="20210705 12:54:11.749" endtime="20210705 12:54:11.750"></status>
</kw>
<status status="PASS" starttime="20210705 12:53:41.440" endtime="20210705 12:54:11.750"></status>
</kw>
<kw name="${count} = 12" type="foritem">
<kw name="Log To Console" library="BuiltIn">
<doc>Logs the given message to the console.</doc>
<arguments>
<arg>*********************************************</arg>
</arguments>
<status status="PASS" starttime="20210705 12:54:11.750" endtime="20210705 12:54:11.750"></status>
</kw>
<kw name="Log To Console" library="BuiltIn">
<doc>Logs the given message to the console.</doc>
<arguments>
<arg>Row Number= ${count}</arg>
</arguments>
<status status="PASS" starttime="20210705 12:54:11.750" endtime="20210705 12:54:11.752"></status>
</kw>
<kw name="Log To Console" library="BuiltIn">
<doc>Logs the given message to the console.</doc>
<arguments>
<arg>Company Name=${list}[${count}]</arg>
</arguments>
<status status="PASS" starttime="20210705 12:54:11.752" endtime="20210705 12:54:11.754"></status>
</kw>
<kw name="Evaluate" library="BuiltIn">
<doc>Evaluates the given expression in Python and returns the result.</doc>
<arguments>
<arg>${count}+1</arg>
</arguments>
<assign>
<var>${rowcount}</var>
</assign>
<msg timestamp="20210705 12:54:11.755" level="INFO">${rowcount} = 13</msg>
<status status="PASS" starttime="20210705 12:54:11.754" endtime="20210705 12:54:11.755"></status>
</kw>
<kw name="Run Keyword If" library="BuiltIn">
<doc>Runs the given keyword with the given arguments, if ``condition`` is true.</doc>
<arguments>
<arg>'${list}[${count}]'=='None'</arg>
<arg>Continue For Loop</arg>
</arguments>
<kw name="Continue For Loop" library="BuiltIn">
<doc>Skips the current for loop iteration and continues from the next.</doc>
<msg timestamp="20210705 12:54:11.756" level="INFO">Continuing for loop from the next iteration.</msg>
<status status="PASS" starttime="20210705 12:54:11.755" endtime="20210705 12:54:11.756"></status>
</kw>
<status status="PASS" starttime="20210705 12:54:11.755" endtime="20210705 12:54:11.756"></status>
</kw>
<status status="PASS" starttime="20210705 12:54:11.750" endtime="20210705 12:54:11.756"></status>
</kw>
<kw name="${count} = 13" type="foritem">
<kw name="Log To Console" library="BuiltIn">
<doc>Logs the given message to the console.</doc>
<arguments>
<arg>*********************************************</arg>
</arguments>
<status status="PASS" starttime="20210705 12:54:11.756" endtime="20210705 12:54:11.756"></status>
</kw>
<kw name="Log To Console" library="BuiltIn">
<doc>Logs the given message to the console.</doc>
<arguments>
<arg>Row Number= ${count}</arg>
</arguments>
<status status="PASS" starttime="20210705 12:54:11.756" endtime="20210705 12:54:11.757"></status>
</kw>
<kw name="Log To Console" library="BuiltIn">
<doc>Logs the given message to the console.</doc>
<arguments>
<arg>Company Name=${list}[${count}]</arg>
</arguments>
<status status="PASS" starttime="20210705 12:54:11.757" endtime="20210705 12:54:11.758"></status>
</kw>
<kw name="Evaluate" library="BuiltIn">
<doc>Evaluates the given expression in Python and returns the result.</doc>
<arguments>
<arg>${count}+1</arg>
</arguments>
<assign>
<var>${rowcount}</var>
</assign>
<msg timestamp="20210705 12:54:11.758" level="INFO">${rowcount} = 14</msg>
<status status="PASS" starttime="20210705 12:54:11.758" endtime="20210705 12:54:11.758"></status>
</kw>
<kw name="Run Keyword If" library="BuiltIn">
<doc>Runs the given keyword with the given arguments, if ``condition`` is true.</doc>
<arguments>
<arg>'${list}[${count}]'=='None'</arg>
<arg>Continue For Loop</arg>
</arguments>
<kw name="Continue For Loop" library="BuiltIn">
<doc>Skips the current for loop iteration and continues from the next.</doc>
<msg timestamp="20210705 12:54:11.759" level="INFO">Continuing for loop from the next iteration.</msg>
<status status="PASS" starttime="20210705 12:54:11.759" endtime="20210705 12:54:11.759"></status>
</kw>
<status status="PASS" starttime="20210705 12:54:11.758" endtime="20210705 12:54:11.759"></status>
</kw>
<status status="PASS" starttime="20210705 12:54:11.756" endtime="20210705 12:54:11.759"></status>
</kw>
<kw name="${count} = 14" type="foritem">
<kw name="Log To Console" library="BuiltIn">
<doc>Logs the given message to the console.</doc>
<arguments>
<arg>*********************************************</arg>
</arguments>
<status status="PASS" starttime="20210705 12:54:11.759" endtime="20210705 12:54:11.761"></status>
</kw>
<kw name="Log To Console" library="BuiltIn">
<doc>Logs the given message to the console.</doc>
<arguments>
<arg>Row Number= ${count}</arg>
</arguments>
<status status="PASS" starttime="20210705 12:54:11.761" endtime="20210705 12:54:11.762"></status>
</kw>
<kw name="Log To Console" library="BuiltIn">
<doc>Logs the given message to the console.</doc>
<arguments>
<arg>Company Name=${list}[${count}]</arg>
</arguments>
<status status="PASS" starttime="20210705 12:54:11.763" endtime="20210705 12:54:11.763"></status>
</kw>
<kw name="Evaluate" library="BuiltIn">
<doc>Evaluates the given expression in Python and returns the result.</doc>
<arguments>
<arg>${count}+1</arg>
</arguments>
<assign>
<var>${rowcount}</var>
</assign>
<msg timestamp="20210705 12:54:11.764" level="INFO">${rowcount} = 15</msg>
<status status="PASS" starttime="20210705 12:54:11.764" endtime="20210705 12:54:11.764"></status>
</kw>
<kw name="Run Keyword If" library="BuiltIn">
<doc>Runs the given keyword with the given arguments, if ``condition`` is true.</doc>
<arguments>
<arg>'${list}[${count}]'=='None'</arg>
<arg>Continue For Loop</arg>
</arguments>
<kw name="Continue For Loop" library="BuiltIn">
<doc>Skips the current for loop iteration and continues from the next.</doc>
<msg timestamp="20210705 12:54:11.765" level="INFO">Continuing for loop from the next iteration.</msg>
<status status="PASS" starttime="20210705 12:54:11.765" endtime="20210705 12:54:11.765"></status>
</kw>
<status status="PASS" starttime="20210705 12:54:11.764" endtime="20210705 12:54:11.765"></status>
</kw>
<status status="PASS" starttime="20210705 12:54:11.759" endtime="20210705 12:54:11.765"></status>
</kw>
<kw name="${count} = 15" type="foritem">
<kw name="Log To Console" library="BuiltIn">
<doc>Logs the given message to the console.</doc>
<arguments>
<arg>*********************************************</arg>
</arguments>
<status status="PASS" starttime="20210705 12:54:11.766" endtime="20210705 12:54:11.766"></status>
</kw>
<kw name="Log To Console" library="BuiltIn">
<doc>Logs the given message to the console.</doc>
<arguments>
<arg>Row Number= ${count}</arg>
</arguments>
<status status="PASS" starttime="20210705 12:54:11.767" endtime="20210705 12:54:11.767"></status>
</kw>
<kw name="Log To Console" library="BuiltIn">
<doc>Logs the given message to the console.</doc>
<arguments>
<arg>Company Name=${list}[${count}]</arg>
</arguments>
<status status="PASS" starttime="20210705 12:54:11.767" endtime="20210705 12:54:11.768"></status>
</kw>
<kw name="Evaluate" library="BuiltIn">
<doc>Evaluates the given expression in Python and returns the result.</doc>
<arguments>
<arg>${count}+1</arg>
</arguments>
<assign>
<var>${rowcount}</var>
</assign>
<msg timestamp="20210705 12:54:11.768" level="INFO">${rowcount} = 16</msg>
<status status="PASS" starttime="20210705 12:54:11.768" endtime="20210705 12:54:11.768"></status>
</kw>
<kw name="Run Keyword If" library="BuiltIn">
<doc>Runs the given keyword with the given arguments, if ``condition`` is true.</doc>
<arguments>
<arg>'${list}[${count}]'=='None'</arg>
<arg>Continue For Loop</arg>
</arguments>
<kw name="Continue For Loop" library="BuiltIn">
<doc>Skips the current for loop iteration and continues from the next.</doc>
<msg timestamp="20210705 12:54:11.769" level="INFO">Continuing for loop from the next iteration.</msg>
<status status="PASS" starttime="20210705 12:54:11.769" endtime="20210705 12:54:11.770"></status>
</kw>
<status status="PASS" starttime="20210705 12:54:11.769" endtime="20210705 12:54:11.770"></status>
</kw>
<status status="PASS" starttime="20210705 12:54:11.765" endtime="20210705 12:54:11.770"></status>
</kw>
<kw name="${count} = 16" type="foritem">
<kw name="Log To Console" library="BuiltIn">
<doc>Logs the given message to the console.</doc>
<arguments>
<arg>*********************************************</arg>
</arguments>
<status status="PASS" starttime="20210705 12:54:11.770" endtime="20210705 12:54:11.770"></status>
</kw>
<kw name="Log To Console" library="BuiltIn">
<doc>Logs the given message to the console.</doc>
<arguments>
<arg>Row Number= ${count}</arg>
</arguments>
<status status="PASS" starttime="20210705 12:54:11.771" endtime="20210705 12:54:11.771"></status>
</kw>
<kw name="Log To Console" library="BuiltIn">
<doc>Logs the given message to the console.</doc>
<arguments>
<arg>Company Name=${list}[${count}]</arg>
</arguments>
<status status="PASS" starttime="20210705 12:54:11.772" endtime="20210705 12:54:11.773"></status>
</kw>
<kw name="Evaluate" library="BuiltIn">
<doc>Evaluates the given expression in Python and returns the result.</doc>
<arguments>
<arg>${count}+1</arg>
</arguments>
<assign>
<var>${rowcount}</var>
</assign>
<msg timestamp="20210705 12:54:11.774" level="INFO">${rowcount} = 17</msg>
<status status="PASS" starttime="20210705 12:54:11.773" endtime="20210705 12:54:11.774"></status>
</kw>
<kw name="Run Keyword If" library="BuiltIn">
<doc>Runs the given keyword with the given arguments, if ``condition`` is true.</doc>
<arguments>
<arg>'${list}[${count}]'=='None'</arg>
<arg>Continue For Loop</arg>
</arguments>
<status status="PASS" starttime="20210705 12:54:11.774" endtime="20210705 12:54:11.775"></status>
</kw>
<kw name="Log To Console" library="BuiltIn">
<doc>Logs the given message to the console.</doc>
<arguments>
<arg>${baseURL}${list}[${count}]</arg>
</arguments>
<status status="PASS" starttime="20210705 12:54:11.775" endtime="20210705 12:54:11.775"></status>
</kw>
<kw name="Go To" library="SeleniumLibrary">
<doc>Navigates the current browser window to the provided ``url``.</doc>
<arguments>
<arg>${baseURL}${list}[${count}]</arg>
</arguments>
<msg timestamp="20210705 12:54:11.776" level="INFO">Opening url 'https://addon.similartech.com/addons/a/1.1.0/chrome/91.0.4472.114/discover?url=https://kuchtoh.com/'</msg>
<status status="PASS" starttime="20210705 12:54:11.775" endtime="20210705 12:54:14.290"></status>
</kw>
<kw name="Reload Page" library="SeleniumLibrary">
<doc>Simulates user reloading page.</doc>
<status status="PASS" starttime="20210705 12:54:14.291" endtime="20210705 12:54:18.197"></status>
</kw>
<kw name="Sleep" library="BuiltIn">
<doc>Pauses the test executed for the given time.</doc>
<arguments>
<arg>3s</arg>
</arguments>
<msg timestamp="20210705 12:54:21.214" level="INFO">Slept 3 seconds</msg>
<status status="PASS" starttime="20210705 12:54:18.197" endtime="20210705 12:54:21.214"></status>
</kw>
<kw name="Run Keyword And Return Status" library="BuiltIn">
<doc>Runs the given keyword with given arguments and returns the status as a Boolean value.</doc>
<arguments>
<arg>Wait Until Page Contains Element</arg>
<arg>//div[@class="no-data-available"]</arg>
<arg>10s</arg>
</arguments>
<assign>
<var>${status}</var>
</assign>
<kw name="Wait Until Page Contains Element" library="SeleniumLibrary">
<doc>Waits until the element ``locator`` appears on the current page.</doc>
<arguments>
<arg>//div[@class="no-data-available"]</arg>
<arg>10s</arg>
</arguments>
<kw name="Capture Page Screenshot" library="SeleniumLibrary">
<doc>Takes a screenshot of the current page and embeds it into a log file.</doc>
<msg timestamp="20210705 12:54:31.378" level="INFO" html="yes">&lt;/td&gt;&lt;/tr&gt;&lt;tr&gt;&lt;td colspan="3"&gt;&lt;a href="selenium-screenshot-13.png"&gt;&lt;img src="selenium-screenshot-13.png" width="800px"&gt;&lt;/a&gt;</msg>
<status status="PASS" starttime="20210705 12:54:31.277" endtime="20210705 12:54:31.378"></status>
</kw>
<msg timestamp="20210705 12:54:31.378" level="FAIL">Element '//div[@class="no-data-available"]' did not appear in 10 seconds.</msg>
<status status="FAIL" starttime="20210705 12:54:21.214" endtime="20210705 12:54:31.378"></status>
</kw>
<msg timestamp="20210705 12:54:31.378" level="INFO">${status} = False</msg>
<status status="PASS" starttime="20210705 12:54:21.214" endtime="20210705 12:54:31.378"></status>
</kw>
<kw name="Run Keyword If" library="BuiltIn">
<doc>Runs the given keyword with the given arguments, if ``condition`` is true.</doc>
<arguments>
<arg>'${status}'=='True'</arg>
<arg>Continue For Loop</arg>
</arguments>
<status status="PASS" starttime="20210705 12:54:31.378" endtime="20210705 12:54:31.378"></status>
</kw>
<kw name="SimilarTech" library="SimilarTechapp">
<arguments>
<arg>inputfile3</arg>
<arg>${rowcount}</arg>
<arg>${outputcolstart}</arg>
</arguments>
<kw name="Reload Page" library="SeleniumLibrary">
<doc>Simulates user reloading page.</doc>
<status status="PASS" starttime="20210705 12:54:31.378" endtime="20210705 12:54:34.392"></status>
</kw>
<kw name="Run Keyword And Continue On Failure" library="BuiltIn">
<doc>Runs the keyword and continues execution even if a failure occurs.</doc>
<arguments>
<arg>Wait Until Page Contains Element</arg>
<arg>//div[@class="visits-value"]</arg>
<arg>60s</arg>
</arguments>
<kw name="Wait Until Page Contains Element" library="SeleniumLibrary">
<doc>Waits until the element ``locator`` appears on the current page.</doc>
<arguments>
<arg>//div[@class="visits-value"]</arg>
<arg>60s</arg>
</arguments>
<kw name="Capture Page Screenshot" library="SeleniumLibrary">
<doc>Takes a screenshot of the current page and embeds it into a log file.</doc>
<msg timestamp="20210705 12:55:34.587" level="INFO" html="yes">&lt;/td&gt;&lt;/tr&gt;&lt;tr&gt;&lt;td colspan="3"&gt;&lt;a href="selenium-screenshot-14.png"&gt;&lt;img src="selenium-screenshot-14.png" width="800px"&gt;&lt;/a&gt;</msg>
<status status="PASS" starttime="20210705 12:55:34.519" endtime="20210705 12:55:34.587"></status>
</kw>
<msg timestamp="20210705 12:55:34.587" level="FAIL">Element '//div[@class="visits-value"]' did not appear in 1 minute.</msg>
<status status="FAIL" starttime="20210705 12:54:34.393" endtime="20210705 12:55:34.587"></status>
</kw>
<status status="FAIL" starttime="20210705 12:54:34.392" endtime="20210705 12:55:34.587"></status>
</kw>
<kw name="Run Keyword And Continue On Failure" library="BuiltIn">
<doc>Runs the keyword and continues execution even if a failure occurs.</doc>
<arguments>
<arg>get text</arg>
<arg>//div[@class="visits-value"]</arg>
</arguments>
<assign>
<var>${monthlyvisit}</var>
</assign>
<kw name="Get Text" library="SeleniumLibrary">
<doc>Returns the text value of the element identified by ``locator``.</doc>
<arguments>
<arg>//div[@class="visits-value"]</arg>
</arguments>
<kw name="Capture Page Screenshot" library="SeleniumLibrary">
<doc>Takes a screenshot of the current page and embeds it into a log file.</doc>
<msg timestamp="20210705 12:55:34.662" level="INFO" html="yes">&lt;/td&gt;&lt;/tr&gt;&lt;tr&gt;&lt;td colspan="3"&gt;&lt;a href="selenium-screenshot-15.png"&gt;&lt;img src="selenium-screenshot-15.png" width="800px"&gt;&lt;/a&gt;</msg>
<status status="PASS" starttime="20210705 12:55:34.602" endtime="20210705 12:55:34.662"></status>
</kw>
<msg timestamp="20210705 12:55:34.662" level="FAIL">Element with locator '//div[@class="visits-value"]' not found.</msg>
<status status="FAIL" starttime="20210705 12:55:34.587" endtime="20210705 12:55:34.662"></status>
</kw>
<msg timestamp="20210705 12:55:34.662" level="INFO">${monthlyvisit} = None</msg>
<status status="FAIL" starttime="20210705 12:55:34.587" endtime="20210705 12:55:34.662"></status>
</kw>
<kw name="Run Keyword And Continue On Failure" library="BuiltIn">
<doc>Runs the keyword and continues execution even if a failure occurs.</doc>
<arguments>
<arg>Wait Until Page Contains Element</arg>
<arg>//li[@data-key="direct"]//div[@class="legend-value"]</arg>
<arg>45s</arg>
</arguments>
<kw name="Wait Until Page Contains Element" library="SeleniumLibrary">
<doc>Waits until the element ``locator`` appears on the current page.</doc>
<arguments>
<arg>//li[@data-key="direct"]//div[@class="legend-value"]</arg>
<arg>45s</arg>
</arguments>
<kw name="Capture Page Screenshot" library="SeleniumLibrary">
<doc>Takes a screenshot of the current page and embeds it into a log file.</doc>
<msg timestamp="20210705 12:56:19.761" level="INFO" html="yes">&lt;/td&gt;&lt;/tr&gt;&lt;tr&gt;&lt;td colspan="3"&gt;&lt;a href="selenium-screenshot-16.png"&gt;&lt;img src="selenium-screenshot-16.png" width="800px"&gt;&lt;/a&gt;</msg>
<status status="PASS" starttime="20210705 12:56:19.675" endtime="20210705 12:56:19.761"></status>
</kw>
<msg timestamp="20210705 12:56:19.776" level="FAIL">Element '//li[@data-key="direct"]//div[@class="legend-value"]' did not appear in 45 seconds.</msg>
<status status="FAIL" starttime="20210705 12:55:34.662" endtime="20210705 12:56:19.776"></status>
</kw>
<status status="FAIL" starttime="20210705 12:55:34.662" endtime="20210705 12:56:19.776"></status>
</kw>
<kw name="Run Keyword And Continue On Failure" library="BuiltIn">
<doc>Runs the keyword and continues execution even if a failure occurs.</doc>
<arguments>
<arg>get text</arg>
<arg>//li[@data-key="direct"]//div[@class="legend-value"]</arg>
</arguments>
<assign>
<var>${direct}</var>
</assign>
<kw name="Get Text" library="SeleniumLibrary">
<doc>Returns the text value of the element identified by ``locator``.</doc>
<arguments>
<arg>//li[@data-key="direct"]//div[@class="legend-value"]</arg>
</arguments>
<kw name="Capture Page Screenshot" library="SeleniumLibrary">
<doc>Takes a screenshot of the current page and embeds it into a log file.</doc>
<msg timestamp="20210705 12:56:19.827" level="INFO" html="yes">&lt;/td&gt;&lt;/tr&gt;&lt;tr&gt;&lt;td colspan="3"&gt;&lt;a href="selenium-screenshot-17.png"&gt;&lt;img src="selenium-screenshot-17.png" width="800px"&gt;&lt;/a&gt;</msg>
<status status="PASS" starttime="20210705 12:56:19.776" endtime="20210705 12:56:19.827"></status>
</kw>
<msg timestamp="20210705 12:56:19.843" level="FAIL">Element with locator '//li[@data-key="direct"]//div[@class="legend-value"]' not found.</msg>
<status status="FAIL" starttime="20210705 12:56:19.776" endtime="20210705 12:56:19.843"></status>
</kw>
<msg timestamp="20210705 12:56:19.843" level="INFO">${direct} = None</msg>
<status status="FAIL" starttime="20210705 12:56:19.776" endtime="20210705 12:56:19.843"></status>
</kw>
<kw name="Run Keyword And Continue On Failure" library="BuiltIn">
<doc>Runs the keyword and continues execution even if a failure occurs.</doc>
<arguments>
<arg>Wait Until Page Contains Element</arg>
<arg>//li[@data-key="search"]//div[@class="legend-value"]</arg>
</arguments>
<kw name="Wait Until Page Contains Element" library="SeleniumLibrary">
<doc>Waits until the element ``locator`` appears on the current page.</doc>
<arguments>
<arg>//li[@data-key="search"]//div[@class="legend-value"]</arg>
</arguments>
<kw name="Capture Page Screenshot" library="SeleniumLibrary">
<doc>Takes a screenshot of the current page and embeds it into a log file.</doc>
<msg timestamp="20210705 12:56:25.069" level="INFO" html="yes">&lt;/td&gt;&lt;/tr&gt;&lt;tr&gt;&lt;td colspan="3"&gt;&lt;a href="selenium-screenshot-18.png"&gt;&lt;img src="selenium-screenshot-18.png" width="800px"&gt;&lt;/a&gt;</msg>
<status status="PASS" starttime="20210705 12:56:24.999" endtime="20210705 12:56:25.069"></status>
</kw>
<msg timestamp="20210705 12:56:25.084" level="FAIL">Element '//li[@data-key="search"]//div[@class="legend-value"]' did not appear in 5 seconds.</msg>
<status status="FAIL" starttime="20210705 12:56:19.843" endtime="20210705 12:56:25.084"></status>
</kw>
<status status="FAIL" starttime="20210705 12:56:19.843" endtime="20210705 12:56:25.084"></status>
</kw>
<kw name="Run Keyword And Continue On Failure" library="BuiltIn">
<doc>Runs the keyword and continues execution even if a failure occurs.</doc>
<arguments>
<arg>get text</arg>
<arg>//li[@data-key="search"]//div[@class="legend-value"]</arg>
</arguments>
<assign>
<var>${serach}</var>
</assign>
<kw name="Get Text" library="SeleniumLibrary">
<doc>Returns the text value of the element identified by ``locator``.</doc>
<arguments>
<arg>//li[@data-key="search"]//div[@class="legend-value"]</arg>
</arguments>
<kw name="Capture Page Screenshot" library="SeleniumLibrary">
<doc>Takes a screenshot of the current page and embeds it into a log file.</doc>
[...]
<arg>Company Name=${list}[${count}]</arg>
</arguments>
<status status="PASS" starttime="20210705 13:03:27.346" endtime="20210705 13:03:27.347"></status>
</kw>
<kw name="Evaluate" library="BuiltIn">
<doc>Evaluates the given expression in Python and returns the result.</doc>
<arguments>
<arg>${count}+1</arg>
</arguments>
<assign>
<var>${rowcount}</var>
</assign>
<msg timestamp="20210705 13:03:27.347" level="INFO">${rowcount} = 52</msg>
<status status="PASS" starttime="20210705 13:03:27.347" endtime="20210705 13:03:27.347"></status>
</kw>
<kw name="Run Keyword If" library="BuiltIn">
<doc>Runs the given keyword with the given arguments, if ``condition`` is true.</doc>
<arguments>
<arg>'${list}[${count}]'=='None'</arg>
<arg>Continue For Loop</arg>
</arguments>
<kw name="Continue For Loop" library="BuiltIn">
<doc>Skips the current for loop iteration and continues from the next.</doc>
<msg timestamp="20210705 13:03:27.348" level="INFO">Continuing for loop from the next iteration.</msg>
<status status="PASS" starttime="20210705 13:03:27.348" endtime="20210705 13:03:27.348"></status>
</kw>
<status status="PASS" starttime="20210705 13:03:27.348" endtime="20210705 13:03:27.348"></status>
</kw>
<status status="PASS" starttime="20210705 13:03:27.345" endtime="20210705 13:03:27.348"></status>
</kw>
<kw name="${count} = 52" type="foritem">
<kw name="Log To Console" library="BuiltIn">
<doc>Logs the given message to the console.</doc>
<arguments>
<arg>*********************************************</arg>
</arguments>
<status status="PASS" starttime="20210705 13:03:27.348" endtime="20210705 13:03:27.350"></status>
</kw>
<kw name="Log To Console" library="BuiltIn">
<doc>Logs the given message to the console.</doc>
<arguments>
<arg>Row Number= ${count}</arg>
</arguments>
<status status="PASS" starttime="20210705 13:03:27.350" endtime="20210705 13:03:27.351"></status>
</kw>
<kw name="Log To Console" library="BuiltIn">
<doc>Logs the given message to the console.</doc>
<arguments>
<arg>Company Name=${list}[${count}]</arg>
</arguments>
<status status="PASS" starttime="20210705 13:03:27.352" endtime="20210705 13:03:27.353"></status>
</kw>
<kw name="Evaluate" library="BuiltIn">
<doc>Evaluates the given expression in Python and returns the result.</doc>
<arguments>
<arg>${count}+1</arg>
</arguments>
<assign>
<var>${rowcount}</var>
</assign>
<msg timestamp="20210705 13:03:27.354" level="INFO">${rowcount} = 53</msg>
<status status="PASS" starttime="20210705 13:03:27.354" endtime="20210705 13:03:27.354"></status>
</kw>
<kw name="Run Keyword If" library="BuiltIn">
<doc>Runs the given keyword with the given arguments, if ``condition`` is true.</doc>
<arguments>
<arg>'${list}[${count}]'=='None'</arg>
<arg>Continue For Loop</arg>
</arguments>
<kw name="Continue For Loop" library="BuiltIn">
<doc>Skips the current for loop iteration and continues from the next.</doc>
<msg timestamp="20210705 13:03:27.355" level="INFO">Continuing for loop from the next iteration.</msg>
<status status="PASS" starttime="20210705 13:03:27.355" endtime="20210705 13:03:27.355"></status>
</kw>
<status status="PASS" starttime="20210705 13:03:27.354" endtime="20210705 13:03:27.355"></status>
</kw>
<status status="PASS" starttime="20210705 13:03:27.348" endtime="20210705 13:03:27.355"></status>
</kw>
<kw name="${count} = 53" type="foritem">
<kw name="Log To Console" library="BuiltIn">
<doc>Logs the given message to the console.</doc>
<arguments>
<arg>*********************************************</arg>
</arguments>
<status status="PASS" starttime="20210705 13:03:27.356" endtime="20210705 13:03:27.356"></status>
</kw>
<kw name="Log To Console" library="BuiltIn">
<doc>Logs the given message to the console.</doc>
<arguments>
<arg>Row Number= ${count}</arg>
</arguments>
<status status="PASS" starttime="20210705 13:03:27.356" endtime="20210705 13:03:27.357"></status>
</kw>
<kw name="Log To Console" library="BuiltIn">
<doc>Logs the given message to the console.</doc>
<arguments>
<arg>Company Name=${list}[${count}]</arg>
</arguments>
<status status="PASS" starttime="20210705 13:03:27.357" endtime="20210705 13:03:27.357"></status>
</kw>
<kw name="Evaluate" library="BuiltIn">
<doc>Evaluates the given expression in Python and returns the result.</doc>
<arguments>
<arg>${count}+1</arg>
</arguments>
<assign>
<var>${rowcount}</var>
</assign>
<msg timestamp="20210705 13:03:27.358" level="INFO">${rowcount} = 54</msg>
<status status="PASS" starttime="20210705 13:03:27.358" endtime="20210705 13:03:27.358"></status>
</kw>
<kw name="Run Keyword If" library="BuiltIn">
<doc>Runs the given keyword with the given arguments, if ``condition`` is true.</doc>
<arguments>
<arg>'${list}[${count}]'=='None'</arg>
<arg>Continue For Loop</arg>
</arguments>
<kw name="Continue For Loop" library="BuiltIn">
<doc>Skips the current for loop iteration and continues from the next.</doc>
<msg timestamp="20210705 13:03:27.359" level="INFO">Continuing for loop from the next iteration.</msg>
<status status="PASS" starttime="20210705 13:03:27.359" endtime="20210705 13:03:27.359"></status>
</kw>
<status status="PASS" starttime="20210705 13:03:27.358" endtime="20210705 13:03:27.359"></status>
</kw>
<status status="PASS" starttime="20210705 13:03:27.356" endtime="20210705 13:03:27.359"></status>
</kw>
<kw name="${count} = 54" type="foritem">
<kw name="Log To Console" library="BuiltIn">
<doc>Logs the given message to the console.</doc>
<arguments>
<arg>*********************************************</arg>
</arguments>
<status status="PASS" starttime="20210705 13:03:27.360" endtime="20210705 13:03:27.360"></status>
</kw>
<kw name="Log To Console" library="BuiltIn">
<doc>Logs the given message to the console.</doc>
<arguments>
<arg>Row Number= ${count}</arg>
</arguments>
<status status="PASS" starttime="20210705 13:03:27.360" endtime="20210705 13:03:27.361"></status>
</kw>
<kw name="Log To Console" library="BuiltIn">
<doc>Logs the given message to the console.</doc>
<arguments>
<arg>Company Name=${list}[${count}]</arg>
</arguments>
<status status="PASS" starttime="20210705 13:03:27.361" endtime="20210705 13:03:27.363"></status>
</kw>
<kw name="Evaluate" library="BuiltIn">
<doc>Evaluates the given expression in Python and returns the result.</doc>
<arguments>
<arg>${count}+1</arg>
</arguments>
<assign>
<var>${rowcount}</var>
</assign>
<msg timestamp="20210705 13:03:27.364" level="INFO">${rowcount} = 55</msg>
<status status="PASS" starttime="20210705 13:03:27.363" endtime="20210705 13:03:27.364"></status>
</kw>
<kw name="Run Keyword If" library="BuiltIn">
<doc>Runs the given keyword with the given arguments, if ``condition`` is true.</doc>
<arguments>
<arg>'${list}[${count}]'=='None'</arg>
<arg>Continue For Loop</arg>
</arguments>
<kw name="Continue For Loop" library="BuiltIn">
<doc>Skips the current for loop iteration and continues from the next.</doc>
<msg timestamp="20210705 13:03:27.364" level="INFO">Continuing for loop from the next iteration.</msg>
<status status="PASS" starttime="20210705 13:03:27.364" endtime="20210705 13:03:27.364"></status>
</kw>
<status status="PASS" starttime="20210705 13:03:27.364" endtime="20210705 13:03:27.364"></status>
</kw>
<status status="PASS" starttime="20210705 13:03:27.359" endtime="20210705 13:03:27.365"></status>
</kw>
<kw name="${count} = 55" type="foritem">
<kw name="Log To Console" library="BuiltIn">
<doc>Logs the given message to the console.</doc>
<arguments>
<arg>*********************************************</arg>
</arguments>
<status status="PASS" starttime="20210705 13:03:27.365" endtime="20210705 13:03:27.365"></status>
</kw>
<kw name="Log To Console" library="BuiltIn">
<doc>Logs the given message to the console.</doc>
<arguments>
<arg>Row Number= ${count}</arg>
</arguments>
<status status="PASS" starttime="20210705 13:03:27.365" endtime="20210705 13:03:27.366"></status>
</kw>
<kw name="Log To Console" library="BuiltIn">
<doc>Logs the given message to the console.</doc>
<arguments>
<arg>Company Name=${list}[${count}]</arg>
</arguments>
<status status="PASS" starttime="20210705 13:03:27.366" endtime="20210705 13:03:27.366"></status>
</kw>
<kw name="Evaluate" library="BuiltIn">
<doc>Evaluates the given expression in Python and returns the result.</doc>
<arguments>
<arg>${count}+1</arg>
</arguments>
<assign>
<var>${rowcount}</var>
</assign>
<msg timestamp="20210705 13:03:27.367" level="INFO">${rowcount} = 56</msg>
<status status="PASS" starttime="20210705 13:03:27.366" endtime="20210705 13:03:27.367"></status>
</kw>
<kw name="Run Keyword If" library="BuiltIn">
<doc>Runs the given keyword with the given arguments, if ``condition`` is true.</doc>
<arguments>
<arg>'${list}[${count}]'=='None'</arg>
<arg>Continue For Loop</arg>
</arguments>
<kw name="Continue For Loop" library="BuiltIn">
<doc>Skips the current for loop iteration and continues from the next.</doc>
<msg timestamp="20210705 13:03:27.368" level="INFO">Continuing for loop from the next iteration.</msg>
<status status="PASS" starttime="20210705 13:03:27.368" endtime="20210705 13:03:27.368"></status>
</kw>
<status status="PASS" starttime="20210705 13:03:27.367" endtime="20210705 13:03:27.368"></status>
</kw>
<status status="PASS" starttime="20210705 13:03:27.365" endtime="20210705 13:03:27.368"></status>
</kw>
<kw name="${count} = 56" type="foritem">
<kw name="Log To Console" library="BuiltIn">
<doc>Logs the given message to the console.</doc>
<arguments>
<arg>*********************************************</arg>
</arguments>
<status status="PASS" starttime="20210705 13:03:27.370" endtime="20210705 13:03:27.371"></status>
</kw>
<kw name="Log To Console" library="BuiltIn">
<doc>Logs the given message to the console.</doc>
<arguments>
<arg>Row Number= ${count}</arg>
</arguments>
<status status="PASS" starttime="20210705 13:03:27.372" endtime="20210705 13:03:27.372"></status>
</kw>
<kw name="Log To Console" library="BuiltIn">
<doc>Logs the given message to the console.</doc>
<arguments>
<arg>Company Name=${list}[${count}]</arg>
</arguments>
<status status="PASS" starttime="20210705 13:03:27.373" endtime="20210705 13:03:27.373"></status>
</kw>
<kw name="Evaluate" library="BuiltIn">
<doc>Evaluates the given expression in Python and returns the result.</doc>
<arguments>
<arg>${count}+1</arg>
</arguments>
<assign>
<var>${rowcount}</var>
</assign>
<msg timestamp="20210705 13:03:27.374" level="INFO">${rowcount} = 57</msg>
<status status="PASS" starttime="20210705 13:03:27.373" endtime="20210705 13:03:27.374"></status>
</kw>
<kw name="Run Keyword If" library="BuiltIn">
<doc>Runs the given keyword with the given arguments, if ``condition`` is true.</doc>
<arguments>
<arg>'${list}[${count}]'=='None'</arg>
<arg>Continue For Loop</arg>
</arguments>
<kw name="Continue For Loop" library="BuiltIn">
<doc>Skips the current for loop iteration and continues from the next.</doc>
<msg timestamp="20210705 13:03:27.375" level="INFO">Continuing for loop from the next iteration.</msg>
<status status="PASS" starttime="20210705 13:03:27.374" endtime="20210705 13:03:27.375"></status>
</kw>
<status status="PASS" starttime="20210705 13:03:27.374" endtime="20210705 13:03:27.375"></status>
</kw>
<status status="PASS" starttime="20210705 13:03:27.369" endtime="20210705 13:03:27.375"></status>
</kw>
<kw name="${count} = 57" type="foritem">
<kw name="Log To Console" library="BuiltIn">
<doc>Logs the given message to the console.</doc>
<arguments>
<arg>*********************************************</arg>
</arguments>
<status status="PASS" starttime="20210705 13:03:27.375" endtime="20210705 13:03:27.375"></status>
</kw>
<kw name="Log To Console" library="BuiltIn">
<doc>Logs the given message to the console.</doc>
<arguments>
<arg>Row Number= ${count}</arg>
</arguments>
<status status="PASS" starttime="20210705 13:03:27.376" endtime="20210705 13:03:27.376"></status>
</kw>
<kw name="Log To Console" library="BuiltIn">
<doc>Logs the given message to the console.</doc>
<arguments>
<arg>Company Name=${list}[${count}]</arg>
</arguments>
<status status="PASS" starttime="20210705 13:03:27.376" endtime="20210705 13:03:27.377"></status>
</kw>
<kw name="Evaluate" library="BuiltIn">
<doc>Evaluates the given expression in Python and returns the result.</doc>
<arguments>
<arg>${count}+1</arg>
</arguments>
<assign>
<var>${rowcount}</var>
</assign>
<msg timestamp="20210705 13:03:27.377" level="INFO">${rowcount} = 58</msg>
<status status="PASS" starttime="20210705 13:03:27.377" endtime="20210705 13:03:27.377"></status>
</kw>
<kw name="Run Keyword If" library="BuiltIn">
<doc>Runs the given keyword with the given arguments, if ``condition`` is true.</doc>
<arguments>
<arg>'${list}[${count}]'=='None'</arg>
<arg>Continue For Loop</arg>
</arguments>
<kw name="Continue For Loop" library="BuiltIn">
<doc>Skips the current for loop iteration and continues from the next.</doc>
<msg timestamp="20210705 13:03:27.378" level="INFO">Continuing for loop from the next iteration.</msg>
<status status="PASS" starttime="20210705 13:03:27.378" endtime="20210705 13:03:27.378"></status>
</kw>
<status status="PASS" starttime="20210705 13:03:27.377" endtime="20210705 13:03:27.378"></status>
</kw>
<status status="PASS" starttime="20210705 13:03:27.375" endtime="20210705 13:03:27.378"></status>
</kw>
<kw name="${count} = 58" type="foritem">
<kw name="Log To Console" library="BuiltIn">
<doc>Logs the given message to the console.</doc>
<arguments>
<arg>*********************************************</arg>
</arguments>
<status status="PASS" starttime="20210705 13:03:27.378" endtime="20210705 13:03:27.380"></status>
</kw>
<kw name="Log To Console" library="BuiltIn">
<doc>Logs the given message to the console.</doc>
<arguments>
<arg>Row Number= ${count}</arg>
</arguments>
<status status="PASS" starttime="20210705 13:03:27.380" endtime="20210705 13:03:27.382"></status>
</kw>
<kw name="Log To Console" library="BuiltIn">
<doc>Logs the given message to the console.</doc>
<arguments>
<arg>Company Name=${list}[${count}]</arg>
</arguments>
<status status="PASS" starttime="20210705 13:03:27.383" endtime="20210705 13:03:27.383"></status>
</kw>
<kw name="Evaluate" library="BuiltIn">
<doc>Evaluates the given expression in Python and returns the result.</doc>
<arguments>
<arg>${count}+1</arg>
</arguments>
<assign>
<var>${rowcount}</var>
</assign>
<msg timestamp="20210705 13:03:27.384" level="INFO">${rowcount} = 59</msg>
<status status="PASS" starttime="20210705 13:03:27.383" endtime="20210705 13:03:27.384"></status>
</kw>
<kw name="Run Keyword If" library="BuiltIn">
<doc>Runs the given keyword with the given arguments, if ``condition`` is true.</doc>
<arguments>
<arg>'${list}[${count}]'=='None'</arg>
<arg>Continue For Loop</arg>
</arguments>
<kw name="Continue For Loop" library="BuiltIn">
<doc>Skips the current for loop iteration and continues from the next.</doc>
<msg timestamp="20210705 13:03:27.385" level="INFO">Continuing for loop from the next iteration.</msg>
<status status="PASS" starttime="20210705 13:03:27.385" endtime="20210705 13:03:27.385"></status>
</kw>
<status status="PASS" starttime="20210705 13:03:27.384" endtime="20210705 13:03:27.385"></status>
</kw>
<status status="PASS" starttime="20210705 13:03:27.378" endtime="20210705 13:03:27.385"></status>
</kw>
<kw name="${count} = 59" type="foritem">
<kw name="Log To Console" library="BuiltIn">
<doc>Logs the given message to the console.</doc>
<arguments>
<arg>*********************************************</arg>
</arguments>
<status status="PASS" starttime="20210705 13:03:27.386" endtime="20210705 13:03:27.386"></status>
</kw>
<kw name="Log To Console" library="BuiltIn">
<doc>Logs the given message to the console.</doc>
<arguments>
<arg>Row Number= ${count}</arg>
</arguments>
<status status="PASS" starttime="20210705 13:03:27.387" endtime="20210705 13:03:27.387"></status>
</kw>
<kw name="Log To Console" library="BuiltIn">
<doc>Logs the given message to the console.</doc>
<arguments>
<arg>Company Name=${list}[${count}]</arg>
</arguments>
<status status="PASS" starttime="20210705 13:03:27.387" endtime="20210705 13:03:27.389"></status>
</kw>
<kw name="Evaluate" library="BuiltIn">
<doc>Evaluates the given expression in Python and returns the result.</doc>
<arguments>
<arg>${count}+1</arg>
</arguments>
<assign>
<var>${rowcount}</var>
</assign>
<msg timestamp="20210705 13:03:27.390" level="INFO">${rowcount} = 60</msg>
<status status="PASS" starttime="20210705 13:03:27.389" endtime="20210705 13:03:27.390"></status>
</kw>
<kw name="Run Keyword If" library="BuiltIn">
<doc>Runs the given keyword with the given arguments, if ``condition`` is true.</doc>
<arguments>
<arg>'${list}[${count}]'=='None'</arg>
<arg>Continue For Loop</arg>
</arguments>
<kw name="Continue For Loop" library="BuiltIn">
<doc>Skips the current for loop iteration and continues from the next.</doc>
<msg timestamp="20210705 13:03:27.392" level="INFO">Continuing for loop from the next iteration.</msg>
<status status="PASS" starttime="20210705 13:03:27.392" endtime="20210705 13:03:27.392"></status>
</kw>
<status status="PASS" starttime="20210705 13:03:27.391" endtime="20210705 13:03:27.392"></status>
</kw>
<status status="PASS" starttime="20210705 13:03:27.385" endtime="20210705 13:03:27.392"></status>
</kw>
<status status="FAIL" starttime="20210705 12:51:27.204" endtime="20210705 13:03:27.392"></status>
</kw>
<kw name="Save Excel Document" library="ExcelLibrary">
<doc>Saves the current document to disk.</doc>
<arguments>
<arg>${filename}</arg>
</arguments>
<status status="PASS" starttime="20210705 13:03:27.393" endtime="20210705 13:03:27.450"></status>
</kw>
<kw name="Save Excel Document" library="ExcelLibrary">
<doc>Saves the current document to disk.</doc>
<arguments>
<arg>${inputFilePath}</arg>
</arguments>
<status status="PASS" starttime="20210705 13:03:27.450" endtime="20210705 13:03:27.504"></status>
</kw>
<kw name="Close All Excel Documents" library="ExcelLibrary">
<doc>Closes all opened documents.</doc>
<status status="PASS" starttime="20210705 13:03:27.504" endtime="20210705 13:03:27.505"></status>
</kw>
<status status="FAIL" starttime="20210705 12:50:59.415" endtime="20210705 13:03:27.505"></status>
</kw>
<status status="FAIL" starttime="20210705 12:50:59.415" endtime="20210705 13:03:27.506" critical="yes">Several failures occurred:

1) Element '//div[@class="visits-value"]' did not appear in 1 minute.

2) Element with locator '//div[@class="visits-value"]' not found.

3) Element '//li[@data-key="direct"]//div[@class="legend-value"]' did not appear in 45 seconds.

4) Element with locator '//li[@data-key="direct"]//div[@class="legend-value"]' not found.

5) Element '//li[@data-key="search"]//div[@class="legend-value"]' did not appear in 5 seconds.

6) Element with locator '//li[@data-key="search"]//div[@class="legend-value"]' not found.

7) Element with locator '//li[@data-key="social"]//div[@class="legend-value"]' not found.
    [ Message content over the limit has been removed. ]
26) Element with locator '//li[@data-key="direct"]//div[@class="legend-value"]' not found.

27) Element '//li[@data-key="search"]//div[@class="legend-value"]' did not appear in 5 seconds.

28) Element with locator '//li[@data-key="search"]//div[@class="legend-value"]' not found.

29) Element with locator '//li[@data-key="social"]//div[@class="legend-value"]' not found.

30) Element with locator '//li[@data-key="display"]//div[@class="legend-value"]' not found.

31) Element with locator '//li[@data-key="referrals"]//div[@class="legend-value"]' not found.

32) Element with locator '//li[@data-key="mail"]//div[@class="legend-value"]' not found.</status>
</test>
<status status="FAIL" starttime="20210705 12:50:58.669" endtime="20210705 13:03:27.508"></status>
</suite>
<statistics>
<total>
<stat pass="0" fail="1">Critical Tests</stat>
<stat pass="0" fail="1">All Tests</stat>
</total>
<tag>
</tag>
<suite>
<stat pass="0" fail="1" id="s1" name="CommonTestSuite">CommonTestSuite</stat>
</suite>
</statistics>
<errors>
</errors>
</robot>
